#
# There is insufficient memory for the Java Runtime Environment to continue.
# Native memory allocation (mmap) failed to map 132120576 bytes. Error detail: G1 virtual space
# Possible reasons:
#   The system is out of physical RAM or swap space
#   This process is running with CompressedOops enabled, and the Java Heap may be blocking the growth of the native heap
# Possible solutions:
#   Reduce memory load on the system
#   Increase physical memory or swap space
#   Check if swap backing store is full
#   Decrease Java heap size (-Xmx/-Xms)
#   Decrease number of Java threads
#   Decrease Java thread stack sizes (-Xss)
#   Set larger code cache with -XX:ReservedCodeCacheSize=
#   JVM is running with Unscaled Compressed Oops mode in which the Java heap is
#     placed in the first 4GB address space. The Java Heap base address is the
#     maximum limit for the native heap growth. Please use -XX:HeapBaseMinAddress
#     to set the Java Heap base and to place the Java Heap above 4GB virtual address.
# This output file may be truncated or incomplete.
#
#  Out of Memory Error (os_windows.cpp:3825), pid=33608, tid=22492
#
# JRE version: OpenJDK Runtime Environment (17.0.11) (build 17.0.11+0--11852314)
# Java VM: OpenJDK 64-Bit Server VM (17.0.11+0--11852314, mixed mode, tiered, compressed oops, compressed class ptrs, g1 gc, windows-amd64)
# No core dump will be written. Minidumps are not enabled by default on client versions of Windows
#

---------------  S U M M A R Y ------------

Command Line: --add-opens=java.base/java.util=ALL-UNNAMED --add-opens=java.base/java.lang=ALL-UNNAMED --add-opens=java.base/java.lang.invoke=ALL-UNNAMED --add-opens=java.prefs/java.util.prefs=ALL-UNNAMED --add-opens=java.base/java.nio.charset=ALL-UNNAMED --add-opens=java.base/java.net=ALL-UNNAMED --add-opens=java.base/java.util.concurrent.atomic=ALL-UNNAMED -Xmx2048m -Dfile.encoding=UTF-8 -Duser.country=CA -Duser.language=en -Duser.variant -javaagent:C:\Users\Acer\.gradle\wrapper\dists\gradle-8.7-bin\bhs2wmbdwecv87pi65oeuq5iu\gradle-8.7\lib\agents\gradle-instrumentation-agent-8.7.jar org.gradle.launcher.daemon.bootstrap.GradleDaemon 8.7

Host: 11th Gen Intel(R) Core(TM) i3-1115G4 @ 3.00GHz, 4 cores, 15G,  Windows 11 , 64 bit Build 22000 (10.0.22000.2538)
Time: Tue Sep  3 17:06:56 2024 Central Daylight Time elapsed time: 14.186944 seconds (0d 0h 0m 14s)

---------------  T H R E A D  ---------------

Current thread (0x00000247262801b0):  VMThread "VM Thread" [stack: 0x0000006f62800000,0x0000006f62900000] [id=22492]

Stack: [0x0000006f62800000,0x0000006f62900000]
Native frames: (J=compiled Java code, j=interpreted, Vv=VM code, C=native code)
V  [jvm.dll+0x687bb9]
V  [jvm.dll+0x84142a]
V  [jvm.dll+0x8430ae]
V  [jvm.dll+0x843713]
V  [jvm.dll+0x24a35f]
V  [jvm.dll+0x684989]
V  [jvm.dll+0x67923a]
V  [jvm.dll+0x30af0b]
V  [jvm.dll+0x3123b6]
V  [jvm.dll+0x361dfe]
V  [jvm.dll+0x36202f]
V  [jvm.dll+0x2e0d38]
V  [jvm.dll+0x2df144]
V  [jvm.dll+0x2de74c]
V  [jvm.dll+0x32305b]
V  [jvm.dll+0x847e0b]
V  [jvm.dll+0x848b42]
V  [jvm.dll+0x84905d]
V  [jvm.dll+0x849434]
V  [jvm.dll+0x849500]
V  [jvm.dll+0x7efa4a]
V  [jvm.dll+0x686a35]
C  [ucrtbase.dll+0x26c0c]
C  [KERNEL32.DLL+0x153e0]
C  [ntdll.dll+0x485b]

VM_Operation (0x0000006f63ef3520): G1CollectForAllocation, mode: safepoint, requested by thread 0x000002472bf2b420


---------------  P R O C E S S  ---------------

Threads class SMR info:
_java_thread_list=0x000002472f80dec0, length=42, elements={
0x000002470abbc0a0, 0x00000247262a3020, 0x00000247262a3be0, 0x000002472628de10,
0x000002472628e7d0, 0x000002472628f190, 0x000002472628ff50, 0x00000247262d3330,
0x00000247262d4580, 0x00000247263519b0, 0x000002472639f8a0, 0x000002472652c1d0,
0x000002472c108b70, 0x000002472b5f6190, 0x000002472bb6b8b0, 0x000002472c090ec0,
0x000002472c082030, 0x000002472ceb0de0, 0x000002472bf2b420, 0x000002472b524140,
0x000002472b5264b0, 0x000002472b526ed0, 0x000002472b525fa0, 0x000002472b523c30,
0x000002472b525a90, 0x000002472b525070, 0x000002472b525580, 0x000002472c280750,
0x000002472c27c580, 0x000002472c2820a0, 0x000002472c27ca90, 0x000002472c282ac0,
0x000002472c27ded0, 0x000002472c280c60, 0x000002472c27ee00, 0x000002472c27cfa0,
0x000002472c27d9c0, 0x000002472c27f820, 0x000002472c27fd30, 0x000002472c281680,
0x000002472c282fd0, 0x00000247333ff070
}

Java Threads: ( => current thread )
  0x000002470abbc0a0 JavaThread "main" [_thread_blocked, id=36176, stack(0x0000006f62100000,0x0000006f62200000)]
  0x00000247262a3020 JavaThread "Reference Handler" daemon [_thread_blocked, id=28736, stack(0x0000006f62900000,0x0000006f62a00000)]
  0x00000247262a3be0 JavaThread "Finalizer" daemon [_thread_blocked, id=39252, stack(0x0000006f62a00000,0x0000006f62b00000)]
  0x000002472628de10 JavaThread "Signal Dispatcher" daemon [_thread_blocked, id=24820, stack(0x0000006f62b00000,0x0000006f62c00000)]
  0x000002472628e7d0 JavaThread "Attach Listener" daemon [_thread_blocked, id=30520, stack(0x0000006f62c00000,0x0000006f62d00000)]
  0x000002472628f190 JavaThread "Service Thread" daemon [_thread_blocked, id=39716, stack(0x0000006f62d00000,0x0000006f62e00000)]
  0x000002472628ff50 JavaThread "Monitor Deflation Thread" daemon [_thread_blocked, id=25936, stack(0x0000006f62e00000,0x0000006f62f00000)]
  0x00000247262d3330 JavaThread "C2 CompilerThread0" daemon [_thread_blocked, id=8608, stack(0x0000006f62f00000,0x0000006f63000000)]
  0x00000247262d4580 JavaThread "C1 CompilerThread0" daemon [_thread_blocked, id=10988, stack(0x0000006f63000000,0x0000006f63100000)]
  0x00000247263519b0 JavaThread "Sweeper thread" daemon [_thread_blocked, id=17872, stack(0x0000006f63100000,0x0000006f63200000)]
  0x000002472639f8a0 JavaThread "Common-Cleaner" daemon [_thread_blocked, id=21524, stack(0x0000006f63200000,0x0000006f63300000)]
  0x000002472652c1d0 JavaThread "Notification Thread" daemon [_thread_blocked, id=38928, stack(0x0000006f63300000,0x0000006f63400000)]
  0x000002472c108b70 JavaThread "Daemon health stats" [_thread_blocked, id=21960, stack(0x0000006f63900000,0x0000006f63a00000)]
  0x000002472b5f6190 JavaThread "Incoming local TCP Connector on port 64172" [_thread_in_native, id=32268, stack(0x0000006f63800000,0x0000006f63900000)]
  0x000002472bb6b8b0 JavaThread "Daemon periodic checks" [_thread_blocked, id=13064, stack(0x0000006f63a00000,0x0000006f63b00000)]
  0x000002472c090ec0 JavaThread "Daemon" [_thread_blocked, id=18664, stack(0x0000006f63b00000,0x0000006f63c00000)]
  0x000002472c082030 JavaThread "Handler for socket connection from /127.0.0.1:64172 to /127.0.0.1:64173" [_thread_in_native, id=35560, stack(0x0000006f63c00000,0x0000006f63d00000)]
  0x000002472ceb0de0 JavaThread "Cancel handler" [_thread_blocked, id=27376, stack(0x0000006f63d00000,0x0000006f63e00000)]
  0x000002472bf2b420 JavaThread "Daemon worker" [_thread_blocked, id=31244, stack(0x0000006f63e00000,0x0000006f63f00000)]
  0x000002472b524140 JavaThread "Asynchronous log dispatcher for DefaultDaemonConnection: socket connection from /127.0.0.1:64172 to /127.0.0.1:64173" [_thread_blocked, id=22552, stack(0x0000006f63f00000,0x0000006f64000000)]
  0x000002472b5264b0 JavaThread "Stdin handler" [_thread_blocked, id=29636, stack(0x0000006f64000000,0x0000006f64100000)]
  0x000002472b526ed0 JavaThread "Daemon client event forwarder" [_thread_blocked, id=10980, stack(0x0000006f64100000,0x0000006f64200000)]
  0x000002472b525fa0 JavaThread "Cache worker for journal cache (C:\Users\Acer\.gradle\caches\journal-1)" [_thread_blocked, id=38524, stack(0x0000006f64200000,0x0000006f64300000)]
  0x000002472b523c30 JavaThread "File lock request listener" [_thread_in_native, id=21368, stack(0x0000006f64300000,0x0000006f64400000)]
  0x000002472b525a90 JavaThread "Cache worker for file hash cache (C:\Users\Acer\.gradle\caches\8.7\fileHashes)" [_thread_blocked, id=37452, stack(0x0000006f64400000,0x0000006f64500000)]
  0x000002472b525070 JavaThread "Cache worker for file hash cache (C:\Users\Acer\AndroidStudioProjects\Class Demos\.gradle\8.7\fileHashes)" [_thread_blocked, id=18856, stack(0x0000006f64600000,0x0000006f64700000)]
  0x000002472b525580 JavaThread "File watcher server" daemon [_thread_in_native, id=17484, stack(0x0000006f64700000,0x0000006f64800000)]
  0x000002472c280750 JavaThread "File watcher consumer" daemon [_thread_blocked, id=30528, stack(0x0000006f64800000,0x0000006f64900000)]
  0x000002472c27c580 JavaThread "jar transforms" [_thread_blocked, id=10968, stack(0x0000006f64900000,0x0000006f64a00000)]
  0x000002472c2820a0 JavaThread "jar transforms Thread 2" [_thread_blocked, id=23880, stack(0x0000006f64a00000,0x0000006f64b00000)]
  0x000002472c27ca90 JavaThread "jar transforms Thread 3" [_thread_blocked, id=37900, stack(0x0000006f64b00000,0x0000006f64c00000)]
  0x000002472c282ac0 JavaThread "jar transforms Thread 4" [_thread_blocked, id=28380, stack(0x0000006f64c00000,0x0000006f64d00000)]
  0x000002472c27ded0 JavaThread "Cache worker for checksums cache (C:\Users\Acer\AndroidStudioProjects\Class Demos\.gradle\8.7\checksums)" [_thread_blocked, id=15380, stack(0x0000006f64d00000,0x0000006f64e00000)]
  0x000002472c280c60 JavaThread "Cache worker for cache directory md-supplier (C:\Users\Acer\.gradle\caches\8.7\md-supplier)" [_thread_blocked, id=2096, stack(0x0000006f64e00000,0x0000006f64f00000)]
  0x000002472c27ee00 JavaThread "Cache worker for cache directory md-rule (C:\Users\Acer\.gradle\caches\8.7\md-rule)" [_thread_blocked, id=11692, stack(0x0000006f64f00000,0x0000006f65000000)]
  0x000002472c27cfa0 JavaThread "Cache worker for file content cache (C:\Users\Acer\.gradle\caches\8.7\fileContent)" [_thread_blocked, id=3592, stack(0x0000006f65000000,0x0000006f65100000)]
  0x000002472c27d9c0 JavaThread "Unconstrained build operations" [_thread_blocked, id=12252, stack(0x0000006f65100000,0x0000006f65200000)]
  0x000002472c27f820 JavaThread "Unconstrained build operations Thread 2" [_thread_blocked, id=35696, stack(0x0000006f65200000,0x0000006f65300000)]
  0x000002472c27fd30 JavaThread "Unconstrained build operations Thread 3" [_thread_blocked, id=16536, stack(0x0000006f65300000,0x0000006f65400000)]
  0x000002472c281680 JavaThread "Unconstrained build operations Thread 4" [_thread_blocked, id=22508, stack(0x0000006f65400000,0x0000006f65500000)]
  0x000002472c282fd0 JavaThread "Unconstrained build operations Thread 5" [_thread_blocked, id=31048, stack(0x0000006f65500000,0x0000006f65600000)]
  0x00000247333ff070 JavaThread "C2 CompilerThread1" daemon [_thread_blocked, id=34092, stack(0x0000006f64500000,0x0000006f64600000)]

Other Threads:
=>0x00000247262801b0 VMThread "VM Thread" [stack: 0x0000006f62800000,0x0000006f62900000] [id=22492]
  0x000002470abbcf20 WatcherThread [stack: 0x0000006f63400000,0x0000006f63500000] [id=9988]
  0x000002470ac17650 GCTaskThread "GC Thread#0" [stack: 0x0000006f62300000,0x0000006f62400000] [id=29564]
  0x000002472696e540 GCTaskThread "GC Thread#1" [stack: 0x0000006f63500000,0x0000006f63600000] [id=35716]
  0x000002472696e800 GCTaskThread "GC Thread#2" [stack: 0x0000006f63600000,0x0000006f63700000] [id=33276]
  0x000002472696eac0 GCTaskThread "GC Thread#3" [stack: 0x0000006f63700000,0x0000006f63800000] [id=11064]
  0x000002470ac285a0 ConcurrentGCThread "G1 Main Marker" [stack: 0x0000006f62400000,0x0000006f62500000] [id=9024]
  0x000002470ac28fc0 ConcurrentGCThread "G1 Conc#0" [stack: 0x0000006f62500000,0x0000006f62600000] [id=5672]
  0x000002470ac7e020 ConcurrentGCThread "G1 Refine#0" [stack: 0x0000006f62600000,0x0000006f62700000] [id=3136]
  0x000002470ac7ea50 ConcurrentGCThread "G1 Service" [stack: 0x0000006f62700000,0x0000006f62800000] [id=31272]

Threads with active compile tasks:
C2 CompilerThread0    14199 7576       4       org.jetbrains.kotlin.serialization.deserialization.descriptors.DeserializedPackageMemberScope::getContributedClassifier (26 bytes)
C2 CompilerThread1    14199 7528       4       org.jetbrains.kotlin.metadata.ProtoBuf$Type$Argument$1::parsePartialFrom (11 bytes)

VM state: at safepoint (normal execution)

VM Mutex/Monitor currently owned by a thread:  ([mutex/lock_event])
[0x000002470abb6e50] Threads_lock - owner thread: 0x00000247262801b0
[0x000002470abb8200] Heap_lock - owner thread: 0x000002472bf2b420

Heap address: 0x0000000080000000, size: 2048 MB, Compressed Oops mode: 32-bit

CDS archive(s) not mapped
Compressed class space mapped at: 0x0000000100000000-0x0000000140000000, reserved size: 1073741824
Narrow klass base: 0x0000000000000000, Narrow klass shift: 3, Narrow klass range: 0x140000000

GC Precious Log:
 CPUs: 4 total, 4 available
 Memory: 16163M
 Large Page Support: Disabled
 NUMA Support: Disabled
 Compressed Oops: Enabled (32-bit)
 Heap Region Size: 1M
 Heap Min Capacity: 8M
 Heap Initial Capacity: 254M
 Heap Max Capacity: 2G
 Pre-touch: Disabled
 Parallel Workers: 4
 Concurrent Workers: 1
 Concurrent Refinement Workers: 4
 Periodic GC: Disabled

Heap:
 garbage-first heap   total 260096K, used 106411K [0x0000000080000000, 0x0000000100000000)
  region size 1024K, 1 young (1024K), 1 survivors (1024K)
 Metaspace       used 99182K, committed 99776K, reserved 1179648K
  class space    used 13048K, committed 13312K, reserved 1048576K

Heap Regions: E=young(eden), S=young(survivor), O=old, HS=humongous(starts), HC=humongous(continues), CS=collection set, F=free, OA=open archive, CA=closed archive, TAMS=top-at-mark-start (previous, next)
|   0|0x0000000080000000, 0x0000000080100000, 0x0000000080100000|100%| O|  |TAMS 0x0000000080100000, 0x0000000080000000| Untracked 
|   1|0x0000000080100000, 0x0000000080200000, 0x0000000080200000|100%|HS|  |TAMS 0x0000000080200000, 0x0000000080100000| Complete 
|   2|0x0000000080200000, 0x0000000080300000, 0x0000000080300000|100%|HC|  |TAMS 0x0000000080300000, 0x0000000080200000| Complete 
|   3|0x0000000080300000, 0x0000000080400000, 0x0000000080400000|100%|HC|  |TAMS 0x0000000080400000, 0x0000000080300000| Complete 
|   4|0x0000000080400000, 0x0000000080500000, 0x0000000080500000|100%|HC|  |TAMS 0x0000000080500000, 0x0000000080400000| Complete 
|   5|0x0000000080500000, 0x0000000080600000, 0x0000000080600000|100%| O|  |TAMS 0x0000000080600000, 0x0000000080500000| Untracked 
|   6|0x0000000080600000, 0x0000000080700000, 0x0000000080700000|100%| O|  |TAMS 0x0000000080700000, 0x0000000080600000| Untracked 
|   7|0x0000000080700000, 0x0000000080800000, 0x0000000080800000|100%| O|  |TAMS 0x0000000080800000, 0x0000000080700000| Untracked 
|   8|0x0000000080800000, 0x0000000080900000, 0x0000000080900000|100%| O|  |TAMS 0x0000000080900000, 0x0000000080800000| Untracked 
|   9|0x0000000080900000, 0x0000000080a00000, 0x0000000080a00000|100%| O|  |TAMS 0x0000000080a00000, 0x0000000080900000| Untracked 
|  10|0x0000000080a00000, 0x0000000080b00000, 0x0000000080b00000|100%|HS|  |TAMS 0x0000000080b00000, 0x0000000080a00000| Complete 
|  11|0x0000000080b00000, 0x0000000080c00000, 0x0000000080c00000|100%| O|  |TAMS 0x0000000080c00000, 0x0000000080b00000| Untracked 
|  12|0x0000000080c00000, 0x0000000080d00000, 0x0000000080d00000|100%| O|  |TAMS 0x0000000080d00000, 0x0000000080c00000| Untracked 
|  13|0x0000000080d00000, 0x0000000080e00000, 0x0000000080e00000|100%| O|  |TAMS 0x0000000080e00000, 0x0000000080d00000| Untracked 
|  14|0x0000000080e00000, 0x0000000080f00000, 0x0000000080f00000|100%| O|  |TAMS 0x0000000080f00000, 0x0000000080e00000| Untracked 
|  15|0x0000000080f00000, 0x0000000081000000, 0x0000000081000000|100%| O|  |TAMS 0x0000000081000000, 0x0000000080f00000| Untracked 
|  16|0x0000000081000000, 0x0000000081100000, 0x0000000081100000|100%| O|  |TAMS 0x0000000081100000, 0x0000000081000000| Untracked 
|  17|0x0000000081100000, 0x0000000081200000, 0x0000000081200000|100%| O|  |TAMS 0x0000000081200000, 0x0000000081100000| Untracked 
|  18|0x0000000081200000, 0x0000000081300000, 0x0000000081300000|100%| O|  |TAMS 0x0000000081300000, 0x0000000081200000| Untracked 
|  19|0x0000000081300000, 0x0000000081400000, 0x0000000081400000|100%|HS|  |TAMS 0x0000000081400000, 0x0000000081300000| Complete 
|  20|0x0000000081400000, 0x0000000081500000, 0x0000000081500000|100%|HC|  |TAMS 0x0000000081500000, 0x0000000081400000| Complete 
|  21|0x0000000081500000, 0x0000000081600000, 0x0000000081600000|100%|HC|  |TAMS 0x0000000081600000, 0x0000000081500000| Complete 
|  22|0x0000000081600000, 0x0000000081700000, 0x0000000081700000|100%|HC|  |TAMS 0x0000000081700000, 0x0000000081600000| Complete 
|  23|0x0000000081700000, 0x0000000081800000, 0x0000000081800000|100%|HC|  |TAMS 0x0000000081800000, 0x0000000081700000| Complete 
|  24|0x0000000081800000, 0x0000000081900000, 0x0000000081900000|100%|HS|  |TAMS 0x0000000081900000, 0x0000000081800000| Complete 
|  25|0x0000000081900000, 0x0000000081a00000, 0x0000000081a00000|100%|HC|  |TAMS 0x0000000081a00000, 0x0000000081900000| Complete 
|  26|0x0000000081a00000, 0x0000000081b00000, 0x0000000081b00000|100%|HC|  |TAMS 0x0000000081b00000, 0x0000000081a00000| Complete 
|  27|0x0000000081b00000, 0x0000000081c00000, 0x0000000081c00000|100%|HS|  |TAMS 0x0000000081c00000, 0x0000000081b00000| Complete 
|  28|0x0000000081c00000, 0x0000000081d00000, 0x0000000081d00000|100%|HC|  |TAMS 0x0000000081d00000, 0x0000000081c00000| Complete 
|  29|0x0000000081d00000, 0x0000000081e00000, 0x0000000081e00000|100%|HC|  |TAMS 0x0000000081e00000, 0x0000000081d00000| Complete 
|  30|0x0000000081e00000, 0x0000000081f00000, 0x0000000081f00000|100%| O|  |TAMS 0x0000000081f00000, 0x0000000081e00000| Untracked 
|  31|0x0000000081f00000, 0x0000000082000000, 0x0000000082000000|100%| O|  |TAMS 0x0000000082000000, 0x0000000081f00000| Untracked 
|  32|0x0000000082000000, 0x0000000082100000, 0x0000000082100000|100%| O|  |TAMS 0x0000000082100000, 0x0000000082000000| Untracked 
|  33|0x0000000082100000, 0x0000000082200000, 0x0000000082200000|100%| O|  |TAMS 0x0000000082200000, 0x0000000082100000| Untracked 
|  34|0x0000000082200000, 0x0000000082300000, 0x0000000082300000|100%|HS|  |TAMS 0x0000000082300000, 0x0000000082200000| Complete 
|  35|0x0000000082300000, 0x0000000082400000, 0x0000000082400000|100%| O|  |TAMS 0x0000000082400000, 0x0000000082300000| Untracked 
|  36|0x0000000082400000, 0x0000000082500000, 0x0000000082500000|100%| O|  |TAMS 0x0000000082500000, 0x0000000082400000| Untracked 
|  37|0x0000000082500000, 0x0000000082600000, 0x0000000082600000|100%| O|  |TAMS 0x0000000082600000, 0x0000000082500000| Untracked 
|  38|0x0000000082600000, 0x0000000082700000, 0x0000000082700000|100%| O|  |TAMS 0x0000000082700000, 0x0000000082600000| Untracked 
|  39|0x0000000082700000, 0x0000000082800000, 0x0000000082800000|100%| O|  |TAMS 0x0000000082800000, 0x0000000082700000| Untracked 
|  40|0x0000000082800000, 0x0000000082900000, 0x0000000082900000|100%| O|  |TAMS 0x0000000082900000, 0x0000000082800000| Untracked 
|  41|0x0000000082900000, 0x0000000082a00000, 0x0000000082a00000|100%| O|  |TAMS 0x0000000082a00000, 0x0000000082900000| Untracked 
|  42|0x0000000082a00000, 0x0000000082b00000, 0x0000000082b00000|100%| O|  |TAMS 0x0000000082b00000, 0x0000000082a00000| Untracked 
|  43|0x0000000082b00000, 0x0000000082c00000, 0x0000000082c00000|100%| O|  |TAMS 0x0000000082c00000, 0x0000000082b00000| Untracked 
|  44|0x0000000082c00000, 0x0000000082d00000, 0x0000000082d00000|100%| O|  |TAMS 0x0000000082c00000, 0x0000000082c00000| Untracked 
|  45|0x0000000082d00000, 0x0000000082e00000, 0x0000000082e00000|100%| O|  |TAMS 0x0000000082e00000, 0x0000000082d00000| Untracked 
|  46|0x0000000082e00000, 0x0000000082f00000, 0x0000000082f00000|100%| O|  |TAMS 0x0000000082f00000, 0x0000000082e00000| Untracked 
|  47|0x0000000082f00000, 0x0000000083000000, 0x0000000083000000|100%|HS|  |TAMS 0x0000000083000000, 0x0000000082f00000| Complete 
|  48|0x0000000083000000, 0x0000000083100000, 0x0000000083100000|100%|HC|  |TAMS 0x0000000083100000, 0x0000000083000000| Complete 
|  49|0x0000000083100000, 0x0000000083200000, 0x0000000083200000|100%|HC|  |TAMS 0x0000000083200000, 0x0000000083100000| Complete 
|  50|0x0000000083200000, 0x0000000083300000, 0x0000000083300000|100%|HS|  |TAMS 0x0000000083300000, 0x0000000083200000| Complete 
|  51|0x0000000083300000, 0x0000000083400000, 0x0000000083400000|100%|HC|  |TAMS 0x0000000083400000, 0x0000000083300000| Complete 
|  52|0x0000000083400000, 0x0000000083500000, 0x0000000083500000|100%|HC|  |TAMS 0x0000000083500000, 0x0000000083400000| Complete 
|  53|0x0000000083500000, 0x0000000083600000, 0x0000000083600000|100%|HC|  |TAMS 0x0000000083600000, 0x0000000083500000| Complete 
|  54|0x0000000083600000, 0x0000000083700000, 0x0000000083700000|100%|HC|  |TAMS 0x0000000083700000, 0x0000000083600000| Complete 
|  55|0x0000000083700000, 0x0000000083800000, 0x0000000083800000|100%| O|  |TAMS 0x0000000083800000, 0x0000000083700000| Untracked 
|  56|0x0000000083800000, 0x0000000083900000, 0x0000000083900000|100%| O|  |TAMS 0x0000000083900000, 0x0000000083800000| Untracked 
|  57|0x0000000083900000, 0x0000000083a00000, 0x0000000083a00000|100%| O|  |TAMS 0x0000000083a00000, 0x0000000083900000| Untracked 
|  58|0x0000000083a00000, 0x0000000083b00000, 0x0000000083b00000|100%|HS|  |TAMS 0x0000000083b00000, 0x0000000083a00000| Complete 
|  59|0x0000000083b00000, 0x0000000083c00000, 0x0000000083c00000|100%|HC|  |TAMS 0x0000000083c00000, 0x0000000083b00000| Complete 
|  60|0x0000000083c00000, 0x0000000083d00000, 0x0000000083d00000|100%|HC|  |TAMS 0x0000000083d00000, 0x0000000083c00000| Complete 
|  61|0x0000000083d00000, 0x0000000083e00000, 0x0000000083e00000|100%|HC|  |TAMS 0x0000000083e00000, 0x0000000083d00000| Complete 
|  62|0x0000000083e00000, 0x0000000083f00000, 0x0000000083f00000|100%|HC|  |TAMS 0x0000000083f00000, 0x0000000083e00000| Complete 
|  63|0x0000000083f00000, 0x0000000084000000, 0x0000000084000000|100%| O|  |TAMS 0x0000000084000000, 0x0000000083f00000| Untracked 
|  64|0x0000000084000000, 0x0000000084100000, 0x0000000084100000|100%| O|  |TAMS 0x0000000084100000, 0x0000000084000000| Untracked 
|  65|0x0000000084100000, 0x0000000084200000, 0x0000000084200000|100%| O|  |TAMS 0x0000000084200000, 0x0000000084100000| Untracked 
|  66|0x0000000084200000, 0x0000000084300000, 0x0000000084300000|100%| O|  |TAMS 0x0000000084300000, 0x0000000084200000| Untracked 
|  67|0x0000000084300000, 0x0000000084400000, 0x0000000084400000|100%| O|  |TAMS 0x0000000084400000, 0x0000000084300000| Untracked 
|  68|0x0000000084400000, 0x0000000084500000, 0x0000000084500000|100%| O|  |TAMS 0x0000000084500000, 0x0000000084400000| Untracked 
|  69|0x0000000084500000, 0x0000000084600000, 0x0000000084600000|100%| O|  |TAMS 0x0000000084600000, 0x0000000084500000| Untracked 
|  70|0x0000000084600000, 0x0000000084700000, 0x0000000084700000|100%| O|  |TAMS 0x0000000084700000, 0x0000000084600000| Untracked 
|  71|0x0000000084700000, 0x0000000084800000, 0x0000000084800000|100%|HS|  |TAMS 0x0000000084800000, 0x0000000084700000| Complete 
|  72|0x0000000084800000, 0x0000000084900000, 0x0000000084900000|100%|HC|  |TAMS 0x0000000084900000, 0x0000000084800000| Complete 
|  73|0x0000000084900000, 0x0000000084a00000, 0x0000000084a00000|100%|HC|  |TAMS 0x0000000084a00000, 0x0000000084900000| Complete 
|  74|0x0000000084a00000, 0x0000000084b00000, 0x0000000084b00000|100%|HC|  |TAMS 0x0000000084b00000, 0x0000000084a00000| Complete 
|  75|0x0000000084b00000, 0x0000000084c00000, 0x0000000084c00000|100%|HC|  |TAMS 0x0000000084c00000, 0x0000000084b00000| Complete 
|  76|0x0000000084c00000, 0x0000000084d00000, 0x0000000084d00000|100%|HC|  |TAMS 0x0000000084d00000, 0x0000000084c00000| Complete 
|  77|0x0000000084d00000, 0x0000000084e00000, 0x0000000084e00000|100%| O|  |TAMS 0x0000000084e00000, 0x0000000084d00000| Untracked 
|  78|0x0000000084e00000, 0x0000000084f00000, 0x0000000084f00000|100%| O|  |TAMS 0x0000000084f00000, 0x0000000084e00000| Untracked 
|  79|0x0000000084f00000, 0x0000000085000000, 0x0000000085000000|100%| O|  |TAMS 0x0000000085000000, 0x0000000084f00000| Untracked 
|  80|0x0000000085000000, 0x0000000085100000, 0x0000000085100000|100%| O|  |TAMS 0x0000000085100000, 0x0000000085000000| Untracked 
|  81|0x0000000085100000, 0x0000000085200000, 0x0000000085200000|100%| O|  |TAMS 0x0000000085200000, 0x0000000085100000| Untracked 
|  82|0x0000000085200000, 0x0000000085300000, 0x0000000085300000|100%| O|  |TAMS 0x0000000085300000, 0x0000000085200000| Untracked 
|  83|0x0000000085300000, 0x0000000085400000, 0x0000000085400000|100%| O|  |TAMS 0x0000000085400000, 0x0000000085300000| Untracked 
|  84|0x0000000085400000, 0x0000000085500000, 0x0000000085500000|100%| O|  |TAMS 0x0000000085500000, 0x0000000085400000| Untracked 
|  85|0x0000000085500000, 0x0000000085600000, 0x0000000085600000|100%| O|  |TAMS 0x0000000085600000, 0x0000000085500000| Untracked 
|  86|0x0000000085600000, 0x0000000085700000, 0x0000000085700000|100%| O|  |TAMS 0x0000000085700000, 0x0000000085600000| Untracked 
|  87|0x0000000085700000, 0x0000000085800000, 0x0000000085800000|100%| O|  |TAMS 0x0000000085800000, 0x0000000085700000| Untracked 
|  88|0x0000000085800000, 0x0000000085900000, 0x0000000085900000|100%| O|  |TAMS 0x0000000085900000, 0x0000000085800000| Untracked 
|  89|0x0000000085900000, 0x0000000085a00000, 0x0000000085a00000|100%| O|  |TAMS 0x0000000085a00000, 0x0000000085900000| Untracked 
|  90|0x0000000085a00000, 0x0000000085a00000, 0x0000000085b00000|  0%| F|  |TAMS 0x0000000085a00000, 0x0000000085a00000| Untracked 
|  91|0x0000000085b00000, 0x0000000085c00000, 0x0000000085c00000|100%| O|  |TAMS 0x0000000085c00000, 0x0000000085b00000| Untracked 
|  92|0x0000000085c00000, 0x0000000085d00000, 0x0000000085d00000|100%| O|  |TAMS 0x0000000085d00000, 0x0000000085c00000| Untracked 
|  93|0x0000000085d00000, 0x0000000085e00000, 0x0000000085e00000|100%| O|  |TAMS 0x0000000085e00000, 0x0000000085d00000| Untracked 
|  94|0x0000000085e00000, 0x0000000085f00000, 0x0000000085f00000|100%| O|  |TAMS 0x0000000085f00000, 0x0000000085e00000| Untracked 
|  95|0x0000000085f00000, 0x0000000086000000, 0x0000000086000000|100%| O|  |TAMS 0x0000000086000000, 0x0000000085f00000| Untracked 
|  96|0x0000000086000000, 0x0000000086100000, 0x0000000086100000|100%| O|  |TAMS 0x0000000086100000, 0x0000000086000000| Untracked 
|  97|0x0000000086100000, 0x0000000086200000, 0x0000000086200000|100%| O|  |TAMS 0x0000000086100000, 0x0000000086100000| Untracked 
|  98|0x0000000086200000, 0x0000000086300000, 0x0000000086300000|100%| O|  |TAMS 0x0000000086200000, 0x0000000086200000| Untracked 
|  99|0x0000000086300000, 0x0000000086400000, 0x0000000086400000|100%| O|  |TAMS 0x0000000086300000, 0x0000000086300000| Untracked 
| 100|0x0000000086400000, 0x0000000086500000, 0x0000000086500000|100%| O|  |TAMS 0x0000000086400000, 0x0000000086400000| Untracked 
| 101|0x0000000086500000, 0x0000000086600000, 0x0000000086600000|100%| O|  |TAMS 0x0000000086500000, 0x0000000086500000| Untracked 
| 102|0x0000000086600000, 0x0000000086700000, 0x0000000086700000|100%| O|  |TAMS 0x0000000086600000, 0x0000000086600000| Untracked 
| 103|0x0000000086700000, 0x00000000867fc000, 0x0000000086800000| 98%| O|  |TAMS 0x0000000086700000, 0x0000000086700000| Untracked 
| 104|0x0000000086800000, 0x0000000086800000, 0x0000000086900000|  0%| F|  |TAMS 0x0000000086800000, 0x0000000086800000| Untracked 
| 105|0x0000000086900000, 0x0000000086900000, 0x0000000086a00000|  0%| F|  |TAMS 0x0000000086900000, 0x0000000086900000| Untracked 
| 106|0x0000000086a00000, 0x0000000086a00000, 0x0000000086b00000|  0%| F|  |TAMS 0x0000000086a00000, 0x0000000086a00000| Untracked 
| 107|0x0000000086b00000, 0x0000000086b00000, 0x0000000086c00000|  0%| F|  |TAMS 0x0000000086b00000, 0x0000000086b00000| Untracked 
| 108|0x0000000086c00000, 0x0000000086c00000, 0x0000000086d00000|  0%| F|  |TAMS 0x0000000086c00000, 0x0000000086c00000| Untracked 
| 109|0x0000000086d00000, 0x0000000086d00000, 0x0000000086e00000|  0%| F|  |TAMS 0x0000000086d00000, 0x0000000086d00000| Untracked 
| 110|0x0000000086e00000, 0x0000000086e00000, 0x0000000086f00000|  0%| F|  |TAMS 0x0000000086e00000, 0x0000000086e00000| Untracked 
| 111|0x0000000086f00000, 0x0000000086f00000, 0x0000000087000000|  0%| F|  |TAMS 0x0000000086f00000, 0x0000000086f00000| Untracked 
| 112|0x0000000087000000, 0x0000000087000000, 0x0000000087100000|  0%| F|  |TAMS 0x0000000087000000, 0x0000000087000000| Untracked 
| 113|0x0000000087100000, 0x0000000087100000, 0x0000000087200000|  0%| F|  |TAMS 0x0000000087100000, 0x0000000087100000| Untracked 
| 114|0x0000000087200000, 0x0000000087200000, 0x0000000087300000|  0%| F|  |TAMS 0x0000000087200000, 0x0000000087200000| Untracked 
| 115|0x0000000087300000, 0x0000000087300000, 0x0000000087400000|  0%| F|  |TAMS 0x0000000087300000, 0x0000000087300000| Untracked 
| 116|0x0000000087400000, 0x0000000087400000, 0x0000000087500000|  0%| F|  |TAMS 0x0000000087400000, 0x0000000087400000| Untracked 
| 117|0x0000000087500000, 0x0000000087500000, 0x0000000087600000|  0%| F|  |TAMS 0x0000000087500000, 0x0000000087500000| Untracked 
| 118|0x0000000087600000, 0x0000000087600000, 0x0000000087700000|  0%| F|  |TAMS 0x0000000087600000, 0x0000000087600000| Untracked 
| 119|0x0000000087700000, 0x0000000087700000, 0x0000000087800000|  0%| F|  |TAMS 0x0000000087700000, 0x0000000087700000| Untracked 
| 120|0x0000000087800000, 0x0000000087800000, 0x0000000087900000|  0%| F|  |TAMS 0x0000000087800000, 0x0000000087800000| Untracked 
| 121|0x0000000087900000, 0x0000000087900000, 0x0000000087a00000|  0%| F|  |TAMS 0x0000000087900000, 0x0000000087900000| Untracked 
| 122|0x0000000087a00000, 0x0000000087a00000, 0x0000000087b00000|  0%| F|  |TAMS 0x0000000087a00000, 0x0000000087a00000| Untracked 
| 123|0x0000000087b00000, 0x0000000087b00000, 0x0000000087c00000|  0%| F|  |TAMS 0x0000000087b00000, 0x0000000087b00000| Untracked 
| 124|0x0000000087c00000, 0x0000000087c00000, 0x0000000087d00000|  0%| F|  |TAMS 0x0000000087c00000, 0x0000000087c00000| Untracked 
| 125|0x0000000087d00000, 0x0000000087d00000, 0x0000000087e00000|  0%| F|  |TAMS 0x0000000087d00000, 0x0000000087d00000| Untracked 
| 126|0x0000000087e00000, 0x0000000087e00000, 0x0000000087f00000|  0%| F|  |TAMS 0x0000000087e00000, 0x0000000087e00000| Untracked 
| 127|0x0000000087f00000, 0x0000000087f00000, 0x0000000088000000|  0%| F|  |TAMS 0x0000000087f00000, 0x0000000087f00000| Untracked 
| 128|0x0000000088000000, 0x0000000088000000, 0x0000000088100000|  0%| F|  |TAMS 0x0000000088000000, 0x0000000088000000| Untracked 
| 129|0x0000000088100000, 0x0000000088100000, 0x0000000088200000|  0%| F|  |TAMS 0x0000000088100000, 0x0000000088100000| Untracked 
| 130|0x0000000088200000, 0x0000000088200000, 0x0000000088300000|  0%| F|  |TAMS 0x0000000088200000, 0x0000000088200000| Untracked 
| 131|0x0000000088300000, 0x0000000088300000, 0x0000000088400000|  0%| F|  |TAMS 0x0000000088300000, 0x0000000088300000| Untracked 
| 132|0x0000000088400000, 0x0000000088400000, 0x0000000088500000|  0%| F|  |TAMS 0x0000000088400000, 0x0000000088400000| Untracked 
| 133|0x0000000088500000, 0x0000000088500000, 0x0000000088600000|  0%| F|  |TAMS 0x0000000088500000, 0x0000000088500000| Untracked 
| 134|0x0000000088600000, 0x0000000088600000, 0x0000000088700000|  0%| F|  |TAMS 0x0000000088600000, 0x0000000088600000| Untracked 
| 135|0x0000000088700000, 0x0000000088700000, 0x0000000088800000|  0%| F|  |TAMS 0x0000000088700000, 0x0000000088700000| Untracked 
| 136|0x0000000088800000, 0x0000000088800000, 0x0000000088900000|  0%| F|  |TAMS 0x0000000088800000, 0x0000000088800000| Untracked 
| 137|0x0000000088900000, 0x0000000088900000, 0x0000000088a00000|  0%| F|  |TAMS 0x0000000088900000, 0x0000000088900000| Untracked 
| 138|0x0000000088a00000, 0x0000000088a00000, 0x0000000088b00000|  0%| F|  |TAMS 0x0000000088a00000, 0x0000000088a00000| Untracked 
| 139|0x0000000088b00000, 0x0000000088b00000, 0x0000000088c00000|  0%| F|  |TAMS 0x0000000088b00000, 0x0000000088b00000| Untracked 
| 140|0x0000000088c00000, 0x0000000088c00000, 0x0000000088d00000|  0%| F|  |TAMS 0x0000000088c00000, 0x0000000088c00000| Untracked 
| 141|0x0000000088d00000, 0x0000000088d00000, 0x0000000088e00000|  0%| F|  |TAMS 0x0000000088d00000, 0x0000000088d00000| Untracked 
| 142|0x0000000088e00000, 0x0000000088e00000, 0x0000000088f00000|  0%| F|  |TAMS 0x0000000088e00000, 0x0000000088e00000| Untracked 
| 143|0x0000000088f00000, 0x0000000088f00000, 0x0000000089000000|  0%| F|  |TAMS 0x0000000088f00000, 0x0000000088f00000| Untracked 
| 144|0x0000000089000000, 0x0000000089000000, 0x0000000089100000|  0%| F|  |TAMS 0x0000000089000000, 0x0000000089000000| Untracked 
| 145|0x0000000089100000, 0x0000000089100000, 0x0000000089200000|  0%| F|  |TAMS 0x0000000089100000, 0x0000000089100000| Untracked 
| 146|0x0000000089200000, 0x0000000089200000, 0x0000000089300000|  0%| F|  |TAMS 0x0000000089200000, 0x0000000089200000| Untracked 
| 147|0x0000000089300000, 0x0000000089300000, 0x0000000089400000|  0%| F|  |TAMS 0x0000000089300000, 0x0000000089300000| Untracked 
| 148|0x0000000089400000, 0x0000000089400000, 0x0000000089500000|  0%| F|  |TAMS 0x0000000089400000, 0x0000000089400000| Untracked 
| 149|0x0000000089500000, 0x0000000089500000, 0x0000000089600000|  0%| F|  |TAMS 0x0000000089500000, 0x0000000089500000| Untracked 
| 150|0x0000000089600000, 0x0000000089600000, 0x0000000089700000|  0%| F|  |TAMS 0x0000000089600000, 0x0000000089600000| Untracked 
| 151|0x0000000089700000, 0x0000000089700000, 0x0000000089800000|  0%| F|  |TAMS 0x0000000089700000, 0x0000000089700000| Untracked 
| 152|0x0000000089800000, 0x0000000089800000, 0x0000000089900000|  0%| F|  |TAMS 0x0000000089800000, 0x0000000089800000| Untracked 
| 153|0x0000000089900000, 0x0000000089900000, 0x0000000089a00000|  0%| F|  |TAMS 0x0000000089900000, 0x0000000089900000| Untracked 
| 154|0x0000000089a00000, 0x0000000089a00000, 0x0000000089b00000|  0%| F|  |TAMS 0x0000000089a00000, 0x0000000089a00000| Untracked 
| 155|0x0000000089b00000, 0x0000000089b00000, 0x0000000089c00000|  0%| F|  |TAMS 0x0000000089b00000, 0x0000000089b00000| Untracked 
| 156|0x0000000089c00000, 0x0000000089c00000, 0x0000000089d00000|  0%| F|  |TAMS 0x0000000089c00000, 0x0000000089c00000| Untracked 
| 157|0x0000000089d00000, 0x0000000089d00000, 0x0000000089e00000|  0%| F|  |TAMS 0x0000000089d00000, 0x0000000089d00000| Untracked 
| 158|0x0000000089e00000, 0x0000000089e00000, 0x0000000089f00000|  0%| F|  |TAMS 0x0000000089e00000, 0x0000000089e00000| Untracked 
| 159|0x0000000089f00000, 0x0000000089f00000, 0x000000008a000000|  0%| F|  |TAMS 0x0000000089f00000, 0x0000000089f00000| Untracked 
| 160|0x000000008a000000, 0x000000008a000000, 0x000000008a100000|  0%| F|  |TAMS 0x000000008a000000, 0x000000008a000000| Untracked 
| 161|0x000000008a100000, 0x000000008a100000, 0x000000008a200000|  0%| F|  |TAMS 0x000000008a100000, 0x000000008a100000| Untracked 
| 162|0x000000008a200000, 0x000000008a200000, 0x000000008a300000|  0%| F|  |TAMS 0x000000008a200000, 0x000000008a200000| Untracked 
| 163|0x000000008a300000, 0x000000008a300000, 0x000000008a400000|  0%| F|  |TAMS 0x000000008a300000, 0x000000008a300000| Untracked 
| 164|0x000000008a400000, 0x000000008a400000, 0x000000008a500000|  0%| F|  |TAMS 0x000000008a400000, 0x000000008a400000| Untracked 
| 165|0x000000008a500000, 0x000000008a500000, 0x000000008a600000|  0%| F|  |TAMS 0x000000008a500000, 0x000000008a500000| Untracked 
| 166|0x000000008a600000, 0x000000008a600000, 0x000000008a700000|  0%| F|  |TAMS 0x000000008a600000, 0x000000008a600000| Untracked 
| 167|0x000000008a700000, 0x000000008a700000, 0x000000008a800000|  0%| F|  |TAMS 0x000000008a700000, 0x000000008a700000| Untracked 
| 168|0x000000008a800000, 0x000000008a800000, 0x000000008a900000|  0%| F|  |TAMS 0x000000008a800000, 0x000000008a800000| Untracked 
| 169|0x000000008a900000, 0x000000008a900000, 0x000000008aa00000|  0%| F|  |TAMS 0x000000008a900000, 0x000000008a900000| Untracked 
| 170|0x000000008aa00000, 0x000000008aa00000, 0x000000008ab00000|  0%| F|  |TAMS 0x000000008aa00000, 0x000000008aa00000| Untracked 
| 171|0x000000008ab00000, 0x000000008ab00000, 0x000000008ac00000|  0%| F|  |TAMS 0x000000008ab00000, 0x000000008ab00000| Untracked 
| 172|0x000000008ac00000, 0x000000008ac00000, 0x000000008ad00000|  0%| F|  |TAMS 0x000000008ac00000, 0x000000008ac00000| Untracked 
| 173|0x000000008ad00000, 0x000000008ad00000, 0x000000008ae00000|  0%| F|  |TAMS 0x000000008ad00000, 0x000000008ad00000| Untracked 
| 174|0x000000008ae00000, 0x000000008ae00000, 0x000000008af00000|  0%| F|  |TAMS 0x000000008ae00000, 0x000000008ae00000| Untracked 
| 175|0x000000008af00000, 0x000000008af00000, 0x000000008b000000|  0%| F|  |TAMS 0x000000008af00000, 0x000000008af00000| Untracked 
| 176|0x000000008b000000, 0x000000008b000000, 0x000000008b100000|  0%| F|  |TAMS 0x000000008b000000, 0x000000008b000000| Untracked 
| 177|0x000000008b100000, 0x000000008b100000, 0x000000008b200000|  0%| F|  |TAMS 0x000000008b100000, 0x000000008b100000| Untracked 
| 178|0x000000008b200000, 0x000000008b200000, 0x000000008b300000|  0%| F|  |TAMS 0x000000008b200000, 0x000000008b200000| Untracked 
| 179|0x000000008b300000, 0x000000008b300000, 0x000000008b400000|  0%| F|  |TAMS 0x000000008b300000, 0x000000008b300000| Untracked 
| 180|0x000000008b400000, 0x000000008b400000, 0x000000008b500000|  0%| F|  |TAMS 0x000000008b400000, 0x000000008b400000| Untracked 
| 181|0x000000008b500000, 0x000000008b500000, 0x000000008b600000|  0%| F|  |TAMS 0x000000008b500000, 0x000000008b500000| Untracked 
| 182|0x000000008b600000, 0x000000008b600000, 0x000000008b700000|  0%| F|  |TAMS 0x000000008b600000, 0x000000008b600000| Untracked 
| 183|0x000000008b700000, 0x000000008b700000, 0x000000008b800000|  0%| F|  |TAMS 0x000000008b700000, 0x000000008b700000| Untracked 
| 184|0x000000008b800000, 0x000000008b800000, 0x000000008b900000|  0%| F|  |TAMS 0x000000008b800000, 0x000000008b800000| Untracked 
| 185|0x000000008b900000, 0x000000008b900000, 0x000000008ba00000|  0%| F|  |TAMS 0x000000008b900000, 0x000000008b900000| Untracked 
| 186|0x000000008ba00000, 0x000000008ba00000, 0x000000008bb00000|  0%| F|  |TAMS 0x000000008ba00000, 0x000000008ba00000| Untracked 
| 187|0x000000008bb00000, 0x000000008bb00000, 0x000000008bc00000|  0%| F|  |TAMS 0x000000008bb00000, 0x000000008bb00000| Untracked 
| 188|0x000000008bc00000, 0x000000008bc00000, 0x000000008bd00000|  0%| F|  |TAMS 0x000000008bc00000, 0x000000008bc00000| Untracked 
| 189|0x000000008bd00000, 0x000000008bd00000, 0x000000008be00000|  0%| F|  |TAMS 0x000000008bd00000, 0x000000008bd00000| Untracked 
| 190|0x000000008be00000, 0x000000008be00000, 0x000000008bf00000|  0%| F|  |TAMS 0x000000008be00000, 0x000000008be00000| Untracked 
| 191|0x000000008bf00000, 0x000000008bf00000, 0x000000008c000000|  0%| F|  |TAMS 0x000000008bf00000, 0x000000008bf00000| Untracked 
| 192|0x000000008c000000, 0x000000008c000000, 0x000000008c100000|  0%| F|  |TAMS 0x000000008c000000, 0x000000008c000000| Untracked 
| 193|0x000000008c100000, 0x000000008c100000, 0x000000008c200000|  0%| F|  |TAMS 0x000000008c100000, 0x000000008c100000| Untracked 
| 194|0x000000008c200000, 0x000000008c200000, 0x000000008c300000|  0%| F|  |TAMS 0x000000008c200000, 0x000000008c200000| Untracked 
| 195|0x000000008c300000, 0x000000008c300000, 0x000000008c400000|  0%| F|  |TAMS 0x000000008c300000, 0x000000008c300000| Untracked 
| 196|0x000000008c400000, 0x000000008c400000, 0x000000008c500000|  0%| F|  |TAMS 0x000000008c400000, 0x000000008c400000| Untracked 
| 197|0x000000008c500000, 0x000000008c500000, 0x000000008c600000|  0%| F|  |TAMS 0x000000008c500000, 0x000000008c500000| Untracked 
| 198|0x000000008c600000, 0x000000008c6eecb0, 0x000000008c700000| 93%| S|CS|TAMS 0x000000008c600000, 0x000000008c600000| Complete 
| 199|0x000000008c700000, 0x000000008c700000, 0x000000008c800000|  0%| F|  |TAMS 0x000000008c700000, 0x000000008c700000| Untracked 
| 200|0x000000008c800000, 0x000000008c800000, 0x000000008c900000|  0%| F|  |TAMS 0x000000008c800000, 0x000000008c800000| Untracked 
| 201|0x000000008c900000, 0x000000008c900000, 0x000000008ca00000|  0%| F|  |TAMS 0x000000008c900000, 0x000000008c900000| Untracked 
| 202|0x000000008ca00000, 0x000000008ca00000, 0x000000008cb00000|  0%| F|  |TAMS 0x000000008ca00000, 0x000000008ca00000| Untracked 
| 203|0x000000008cb00000, 0x000000008cb00000, 0x000000008cc00000|  0%| F|  |TAMS 0x000000008cb00000, 0x000000008cb00000| Untracked 
| 204|0x000000008cc00000, 0x000000008cc00000, 0x000000008cd00000|  0%| F|  |TAMS 0x000000008cc00000, 0x000000008cc00000| Untracked 
| 205|0x000000008cd00000, 0x000000008cd00000, 0x000000008ce00000|  0%| F|  |TAMS 0x000000008cd00000, 0x000000008cd00000| Untracked 
| 206|0x000000008ce00000, 0x000000008ce00000, 0x000000008cf00000|  0%| F|  |TAMS 0x000000008ce00000, 0x000000008ce00000| Untracked 
| 207|0x000000008cf00000, 0x000000008cf00000, 0x000000008d000000|  0%| F|  |TAMS 0x000000008cf00000, 0x000000008cf00000| Untracked 
| 208|0x000000008d000000, 0x000000008d000000, 0x000000008d100000|  0%| F|  |TAMS 0x000000008d000000, 0x000000008d000000| Untracked 
| 209|0x000000008d100000, 0x000000008d100000, 0x000000008d200000|  0%| F|  |TAMS 0x000000008d100000, 0x000000008d100000| Untracked 
| 210|0x000000008d200000, 0x000000008d200000, 0x000000008d300000|  0%| F|  |TAMS 0x000000008d200000, 0x000000008d200000| Untracked 
| 211|0x000000008d300000, 0x000000008d300000, 0x000000008d400000|  0%| F|  |TAMS 0x000000008d300000, 0x000000008d300000| Untracked 
| 212|0x000000008d400000, 0x000000008d400000, 0x000000008d500000|  0%| F|  |TAMS 0x000000008d400000, 0x000000008d400000| Untracked 
| 213|0x000000008d500000, 0x000000008d500000, 0x000000008d600000|  0%| F|  |TAMS 0x000000008d500000, 0x000000008d500000| Untracked 
| 214|0x000000008d600000, 0x000000008d600000, 0x000000008d700000|  0%| F|  |TAMS 0x000000008d600000, 0x000000008d600000| Untracked 
| 215|0x000000008d700000, 0x000000008d700000, 0x000000008d800000|  0%| F|  |TAMS 0x000000008d700000, 0x000000008d700000| Untracked 
| 216|0x000000008d800000, 0x000000008d800000, 0x000000008d900000|  0%| F|  |TAMS 0x000000008d800000, 0x000000008d800000| Untracked 
| 217|0x000000008d900000, 0x000000008d900000, 0x000000008da00000|  0%| F|  |TAMS 0x000000008d900000, 0x000000008d900000| Untracked 
| 218|0x000000008da00000, 0x000000008da00000, 0x000000008db00000|  0%| F|  |TAMS 0x000000008da00000, 0x000000008da00000| Untracked 
| 219|0x000000008db00000, 0x000000008db00000, 0x000000008dc00000|  0%| F|  |TAMS 0x000000008db00000, 0x000000008db00000| Untracked 
| 220|0x000000008dc00000, 0x000000008dc00000, 0x000000008dd00000|  0%| F|  |TAMS 0x000000008dc00000, 0x000000008dc00000| Untracked 
| 221|0x000000008dd00000, 0x000000008dd00000, 0x000000008de00000|  0%| F|  |TAMS 0x000000008dd00000, 0x000000008dd00000| Untracked 
| 222|0x000000008de00000, 0x000000008de00000, 0x000000008df00000|  0%| F|  |TAMS 0x000000008de00000, 0x000000008de00000| Untracked 
| 223|0x000000008df00000, 0x000000008df00000, 0x000000008e000000|  0%| F|  |TAMS 0x000000008df00000, 0x000000008df00000| Untracked 
| 224|0x000000008e000000, 0x000000008e000000, 0x000000008e100000|  0%| F|  |TAMS 0x000000008e000000, 0x000000008e000000| Untracked 
| 225|0x000000008e100000, 0x000000008e100000, 0x000000008e200000|  0%| F|  |TAMS 0x000000008e100000, 0x000000008e100000| Untracked 
| 226|0x000000008e200000, 0x000000008e200000, 0x000000008e300000|  0%| F|  |TAMS 0x000000008e200000, 0x000000008e200000| Untracked 
| 227|0x000000008e300000, 0x000000008e300000, 0x000000008e400000|  0%| F|  |TAMS 0x000000008e300000, 0x000000008e300000| Untracked 
| 228|0x000000008e400000, 0x000000008e400000, 0x000000008e500000|  0%| F|  |TAMS 0x000000008e400000, 0x000000008e400000| Untracked 
| 229|0x000000008e500000, 0x000000008e500000, 0x000000008e600000|  0%| F|  |TAMS 0x000000008e500000, 0x000000008e500000| Untracked 
| 230|0x000000008e600000, 0x000000008e600000, 0x000000008e700000|  0%| F|  |TAMS 0x000000008e600000, 0x000000008e600000| Untracked 
| 231|0x000000008e700000, 0x000000008e700000, 0x000000008e800000|  0%| F|  |TAMS 0x000000008e700000, 0x000000008e700000| Untracked 
| 232|0x000000008e800000, 0x000000008e800000, 0x000000008e900000|  0%| F|  |TAMS 0x000000008e800000, 0x000000008e800000| Untracked 
| 233|0x000000008e900000, 0x000000008e900000, 0x000000008ea00000|  0%| F|  |TAMS 0x000000008e900000, 0x000000008e900000| Untracked 
| 234|0x000000008ea00000, 0x000000008ea00000, 0x000000008eb00000|  0%| F|  |TAMS 0x000000008ea00000, 0x000000008ea00000| Untracked 
| 235|0x000000008eb00000, 0x000000008eb00000, 0x000000008ec00000|  0%| F|  |TAMS 0x000000008eb00000, 0x000000008eb00000| Untracked 
| 236|0x000000008ec00000, 0x000000008ec00000, 0x000000008ed00000|  0%| F|  |TAMS 0x000000008ec00000, 0x000000008ec00000| Untracked 
| 237|0x000000008ed00000, 0x000000008ed00000, 0x000000008ee00000|  0%| F|  |TAMS 0x000000008ed00000, 0x000000008ed00000| Untracked 
| 238|0x000000008ee00000, 0x000000008ee00000, 0x000000008ef00000|  0%| F|  |TAMS 0x000000008ee00000, 0x000000008ee00000| Untracked 
| 239|0x000000008ef00000, 0x000000008ef00000, 0x000000008f000000|  0%| F|  |TAMS 0x000000008ef00000, 0x000000008ef00000| Untracked 
| 240|0x000000008f000000, 0x000000008f000000, 0x000000008f100000|  0%| F|  |TAMS 0x000000008f000000, 0x000000008f000000| Untracked 
| 241|0x000000008f100000, 0x000000008f100000, 0x000000008f200000|  0%| F|  |TAMS 0x000000008f100000, 0x000000008f100000| Untracked 
| 242|0x000000008f200000, 0x000000008f200000, 0x000000008f300000|  0%| F|  |TAMS 0x000000008f200000, 0x000000008f200000| Untracked 
| 243|0x000000008f300000, 0x000000008f300000, 0x000000008f400000|  0%| F|  |TAMS 0x000000008f300000, 0x000000008f300000| Untracked 
| 244|0x000000008f400000, 0x000000008f400000, 0x000000008f500000|  0%| F|  |TAMS 0x000000008f400000, 0x000000008f400000| Untracked 
| 245|0x000000008f500000, 0x000000008f500000, 0x000000008f600000|  0%| F|  |TAMS 0x000000008f500000, 0x000000008f500000| Untracked 
| 246|0x000000008f600000, 0x000000008f600000, 0x000000008f700000|  0%| F|  |TAMS 0x000000008f600000, 0x000000008f600000| Untracked 
| 247|0x000000008f700000, 0x000000008f700000, 0x000000008f800000|  0%| F|  |TAMS 0x000000008f700000, 0x000000008f700000| Untracked 
| 248|0x000000008f800000, 0x000000008f800000, 0x000000008f900000|  0%| F|  |TAMS 0x000000008f800000, 0x000000008f800000| Untracked 
| 249|0x000000008f900000, 0x000000008f900000, 0x000000008fa00000|  0%| F|  |TAMS 0x000000008f900000, 0x000000008f900000| Untracked 
| 250|0x000000008fa00000, 0x000000008fa00000, 0x000000008fb00000|  0%| F|  |TAMS 0x000000008fa00000, 0x000000008fa00000| Untracked 
| 251|0x000000008fb00000, 0x000000008fb00000, 0x000000008fc00000|  0%| F|  |TAMS 0x000000008fb00000, 0x000000008fb00000| Untracked 
| 252|0x000000008fc00000, 0x000000008fc00000, 0x000000008fd00000|  0%| F|  |TAMS 0x000000008fc00000, 0x000000008fc00000| Untracked 
| 253|0x000000008fd00000, 0x000000008fd00000, 0x000000008fe00000|  0%| F|  |TAMS 0x000000008fd00000, 0x000000008fd00000| Untracked 

Card table byte_map: [0x000002471f2a0000,0x000002471f6a0000] _byte_map_base: 0x000002471eea0000

Marking Bits (Prev, Next): (CMBitMap*) 0x000002470ac17cb0, (CMBitMap*) 0x000002470ac17c70
 Prev Bits: [0x0000024721aa0000, 0x0000024723aa0000)
 Next Bits: [0x000002471faa0000, 0x0000024721aa0000)

Polling page: 0x000002470ac80000

Metaspace:

Usage:
  Non-class:     84.12 MB used.
      Class:     12.74 MB used.
       Both:     96.86 MB used.

Virtual space:
  Non-class space:      128.00 MB reserved,      84.44 MB ( 66%) committed,  2 nodes.
      Class space:        1.00 GB reserved,      13.00 MB (  1%) committed,  1 nodes.
             Both:        1.12 GB reserved,      97.44 MB (  8%) committed. 

Chunk freelists:
   Non-Class:  11.59 MB
       Class:  3.02 MB
        Both:  14.61 MB

MaxMetaspaceSize: unlimited
CompressedClassSpaceSize: 1.00 GB
Initial GC threshold: 21.00 MB
Current GC threshold: 154.31 MB
CDS: off
MetaspaceReclaimPolicy: balanced
 - commit_granule_bytes: 65536.
 - commit_granule_words: 8192.
 - virtual_space_node_default_size: 8388608.
 - enlarge_chunks_in_place: 1.
 - new_chunks_are_fully_committed: 0.
 - uncommit_free_chunks: 1.
 - use_allocation_guard: 0.
 - handle_deallocations: 1.


Internal statistics:

num_allocs_failed_limit: 3.
num_arena_births: 716.
num_arena_deaths: 0.
num_vsnodes_births: 3.
num_vsnodes_deaths: 0.
num_space_committed: 1557.
num_space_uncommitted: 0.
num_chunks_returned_to_freelist: 3.
num_chunks_taken_from_freelist: 3974.
num_chunk_merges: 3.
num_chunk_splits: 3005.
num_chunks_enlarged: 2433.
num_inconsistent_stats: 0.

CodeHeap 'non-profiled nmethods': size=120000Kb used=3906Kb max_used=3906Kb free=116093Kb
 bounds [0x0000024717340000, 0x0000024717720000, 0x000002471e870000]
CodeHeap 'profiled nmethods': size=120000Kb used=14557Kb max_used=14557Kb free=105442Kb
 bounds [0x000002470f870000, 0x00000247106b0000, 0x0000024716da0000]
CodeHeap 'non-nmethods': size=5760Kb used=2468Kb max_used=2544Kb free=3292Kb
 bounds [0x0000024716da0000, 0x0000024717030000, 0x0000024717340000]
 total_blobs=7837 nmethods=6833 adapters=915
 compilation: enabled
              stopped_count=0, restarted_count=0
 full_count=0

Compilation events (20 events):
Event: 14.141 Thread 0x00000247262d4580 7631       3       org.jetbrains.kotlin.serialization.deserialization.TypeDeserializer$classifierDescriptors$1::invoke (12 bytes)
Event: 14.141 Thread 0x00000247262d4580 nmethod 7631 0x00000247106a5790 code [0x00000247106a5960, 0x00000247106a5d18]
Event: 14.148 Thread 0x00000247262d4580 7632   !   3       java.util.stream.ReferencePipeline$7$1::accept (127 bytes)
Event: 14.148 Thread 0x00000247262d4580 nmethod 7632 0x00000247106a5e90 code [0x00000247106a6120, 0x00000247106a7018]
Event: 14.150 Thread 0x00000247333ff070 nmethod 7585 0x00000247176f9e10 code [0x00000247176fa000, 0x00000247176fadf0]
Event: 14.150 Thread 0x00000247333ff070 7569       4       org.jetbrains.kotlin.storage.LockBasedStorageManager$LockBasedNotNullLazyValue::invoke (35 bytes)
Event: 14.151 Thread 0x00000247262d3330 nmethod 7381 0x00000247176fb490 code [0x00000247176fbba0, 0x0000024717707068]
Event: 14.152 Thread 0x00000247262d3330 7576       4       org.jetbrains.kotlin.serialization.deserialization.descriptors.DeserializedPackageMemberScope::getContributedClassifier (26 bytes)
Event: 14.161 Thread 0x00000247333ff070 nmethod 7569 0x000002471770d190 code [0x000002471770d380, 0x000002471770dbe8]
Event: 14.161 Thread 0x00000247333ff070 7564   !   4       org.jetbrains.kotlin.storage.LockBasedStorageManager$LockBasedLazyValue::invoke (257 bytes)
Event: 14.172 Thread 0x00000247333ff070 nmethod 7564 0x000002471770e310 code [0x000002471770e500, 0x000002471770ed68]
Event: 14.172 Thread 0x00000247333ff070 7485       4       org.jetbrains.kotlin.protobuf.SmallSortedMap::binarySearchInArray (133 bytes)
Event: 14.177 Thread 0x00000247333ff070 nmethod 7485 0x000002471770f410 code [0x000002471770f5e0, 0x000002471770fa38]
Event: 14.177 Thread 0x00000247333ff070 7633       4       org.jetbrains.kotlin.com.intellij.util.text.ByteArrayCharSequence::charAt (17 bytes)
Event: 14.178 Thread 0x00000247333ff070 nmethod 7633 0x000002471770ff10 code [0x0000024717710080, 0x0000024717710138]
Event: 14.178 Thread 0x00000247333ff070 7529       4       org.jetbrains.kotlin.metadata.ProtoBuf$Type::<init> (7 bytes)
Event: 14.178 Thread 0x00000247333ff070 nmethod 7529 0x0000024717710210 code [0x00000247177103a0, 0x0000024717710448]
Event: 14.178 Thread 0x00000247333ff070 7527       4       org.jetbrains.kotlin.metadata.ProtoBuf$Type$Argument$1::parsePartialFrom (7 bytes)
Event: 14.179 Thread 0x00000247333ff070 nmethod 7527 0x0000024717710510 code [0x00000247177106a0, 0x00000247177107c8]
Event: 14.179 Thread 0x00000247333ff070 7528       4       org.jetbrains.kotlin.metadata.ProtoBuf$Type$Argument$1::parsePartialFrom (11 bytes)

GC Heap History (20 events):
Event: 10.725 GC heap after
{Heap after GC invocations=32 (full 0):
 garbage-first heap   total 132096K, used 70978K [0x0000000080000000, 0x0000000100000000)
  region size 1024K, 3 young (3072K), 3 survivors (3072K)
 Metaspace       used 63409K, committed 63936K, reserved 1114112K
  class space    used 8969K, committed 9216K, reserved 1048576K
}
Event: 10.753 GC heap before
{Heap before GC invocations=32 (full 0):
 garbage-first heap   total 132096K, used 74050K [0x0000000080000000, 0x0000000100000000)
  region size 1024K, 6 young (6144K), 3 survivors (3072K)
 Metaspace       used 63838K, committed 64384K, reserved 1114112K
  class space    used 9024K, committed 9280K, reserved 1048576K
}
Event: 10.756 GC heap after
{Heap after GC invocations=33 (full 0):
 garbage-first heap   total 132096K, used 71189K [0x0000000080000000, 0x0000000100000000)
  region size 1024K, 1 young (1024K), 1 survivors (1024K)
 Metaspace       used 63838K, committed 64384K, reserved 1114112K
  class space    used 9024K, committed 9280K, reserved 1048576K
}
Event: 10.952 GC heap before
{Heap before GC invocations=33 (full 0):
 garbage-first heap   total 132096K, used 101909K [0x0000000080000000, 0x0000000100000000)
  region size 1024K, 31 young (31744K), 1 survivors (1024K)
 Metaspace       used 68391K, committed 68992K, reserved 1114112K
  class space    used 9574K, committed 9856K, reserved 1048576K
}
Event: 10.954 GC heap after
{Heap after GC invocations=34 (full 0):
 garbage-first heap   total 186368K, used 71496K [0x0000000080000000, 0x0000000100000000)
  region size 1024K, 1 young (1024K), 1 survivors (1024K)
 Metaspace       used 68391K, committed 68992K, reserved 1114112K
  class space    used 9574K, committed 9856K, reserved 1048576K
}
Event: 11.469 GC heap before
{Heap before GC invocations=35 (full 0):
 garbage-first heap   total 186368K, used 144200K [0x0000000080000000, 0x0000000100000000)
  region size 1024K, 65 young (66560K), 1 survivors (1024K)
 Metaspace       used 72743K, committed 73408K, reserved 1114112K
  class space    used 10122K, committed 10432K, reserved 1048576K
}
Event: 11.479 GC heap after
{Heap after GC invocations=36 (full 0):
 garbage-first heap   total 186368K, used 81966K [0x0000000080000000, 0x0000000100000000)
  region size 1024K, 9 young (9216K), 9 survivors (9216K)
 Metaspace       used 72743K, committed 73408K, reserved 1114112K
  class space    used 10122K, committed 10432K, reserved 1048576K
}
Event: 11.965 GC heap before
{Heap before GC invocations=36 (full 0):
 garbage-first heap   total 186368K, used 148526K [0x0000000080000000, 0x0000000100000000)
  region size 1024K, 67 young (68608K), 9 survivors (9216K)
 Metaspace       used 79730K, committed 80384K, reserved 1179648K
  class space    used 10897K, committed 11200K, reserved 1048576K
}
Event: 11.978 GC heap after
{Heap after GC invocations=37 (full 0):
 garbage-first heap   total 186368K, used 93335K [0x0000000080000000, 0x0000000100000000)
  region size 1024K, 4 young (4096K), 4 survivors (4096K)
 Metaspace       used 79730K, committed 80384K, reserved 1179648K
  class space    used 10897K, committed 11200K, reserved 1048576K
}
Event: 12.367 GC heap before
{Heap before GC invocations=37 (full 0):
 garbage-first heap   total 186368K, used 144535K [0x0000000080000000, 0x0000000100000000)
  region size 1024K, 54 young (55296K), 4 survivors (4096K)
 Metaspace       used 86066K, committed 86656K, reserved 1179648K
  class space    used 11563K, committed 11840K, reserved 1048576K
}
Event: 12.373 GC heap after
{Heap after GC invocations=38 (full 0):
 garbage-first heap   total 186368K, used 96598K [0x0000000080000000, 0x0000000100000000)
  region size 1024K, 3 young (3072K), 3 survivors (3072K)
 Metaspace       used 86066K, committed 86656K, reserved 1179648K
  class space    used 11563K, committed 11840K, reserved 1048576K
}
Event: 12.956 GC heap before
{Heap before GC invocations=39 (full 0):
 garbage-first heap   total 186368K, used 148822K [0x0000000080000000, 0x0000000100000000)
  region size 1024K, 53 young (54272K), 3 survivors (3072K)
 Metaspace       used 90552K, committed 91200K, reserved 1179648K
  class space    used 12133K, committed 12416K, reserved 1048576K
}
Event: 12.961 GC heap after
{Heap after GC invocations=40 (full 0):
 garbage-first heap   total 186368K, used 98927K [0x0000000080000000, 0x0000000100000000)
  region size 1024K, 6 young (6144K), 6 survivors (6144K)
 Metaspace       used 90552K, committed 91200K, reserved 1179648K
  class space    used 12133K, committed 12416K, reserved 1048576K
}
Event: 12.968 GC heap before
{Heap before GC invocations=40 (full 0):
 garbage-first heap   total 186368K, used 101999K [0x0000000080000000, 0x0000000100000000)
  region size 1024K, 9 young (9216K), 6 survivors (6144K)
 Metaspace       used 90552K, committed 91200K, reserved 1179648K
  class space    used 12133K, committed 12416K, reserved 1048576K
}
Event: 12.974 GC heap after
{Heap after GC invocations=41 (full 0):
 garbage-first heap   total 186368K, used 98951K [0x0000000080000000, 0x0000000100000000)
  region size 1024K, 1 young (1024K), 1 survivors (1024K)
 Metaspace       used 90552K, committed 91200K, reserved 1179648K
  class space    used 12133K, committed 12416K, reserved 1048576K
}
Event: 13.461 GC heap before
{Heap before GC invocations=41 (full 0):
 garbage-first heap   total 186368K, used 150151K [0x0000000080000000, 0x0000000100000000)
  region size 1024K, 51 young (52224K), 1 survivors (1024K)
 Metaspace       used 93515K, committed 94144K, reserved 1179648K
  class space    used 12451K, committed 12736K, reserved 1048576K
}
Event: 13.467 GC heap after
{Heap after GC invocations=42 (full 0):
 garbage-first heap   total 186368K, used 102607K [0x0000000080000000, 0x0000000100000000)
  region size 1024K, 5 young (5120K), 5 survivors (5120K)
 Metaspace       used 93515K, committed 94144K, reserved 1179648K
  class space    used 12451K, committed 12736K, reserved 1048576K
}
Event: 14.058 GC heap before
{Heap before GC invocations=43 (full 0):
 garbage-first heap   total 186368K, used 149711K [0x0000000080000000, 0x0000000100000000)
  region size 1024K, 52 young (53248K), 5 survivors (5120K)
 Metaspace       used 98718K, committed 99328K, reserved 1179648K
  class space    used 12994K, committed 13248K, reserved 1048576K
}
Event: 14.087 GC heap after
{Heap after GC invocations=44 (full 0):
 garbage-first heap   total 186368K, used 105974K [0x0000000080000000, 0x0000000100000000)
  region size 1024K, 4 young (4096K), 4 survivors (4096K)
 Metaspace       used 98718K, committed 99328K, reserved 1179648K
  class space    used 12994K, committed 13248K, reserved 1048576K
}
Event: 14.179 GC heap before
{Heap before GC invocations=44 (full 0):
 garbage-first heap   total 186368K, used 111094K [0x0000000080000000, 0x0000000100000000)
  region size 1024K, 9 young (9216K), 4 survivors (4096K)
 Metaspace       used 99182K, committed 99776K, reserved 1179648K
  class space    used 13048K, committed 13312K, reserved 1048576K
}

Dll operation events (3 events):
Event: 0.217 Loaded shared library C:\Program Files\Android\Android Studio\jbr\bin\java.dll
Event: 1.560 Loaded shared library C:\Program Files\Android\Android Studio\jbr\bin\zip.dll
Event: 2.592 Loaded shared library C:\Program Files\Android\Android Studio\jbr\bin\verify.dll

Deoptimization events (20 events):
Event: 13.977 Thread 0x000002472bf2b420 Uncommon trap: trap_request=0xffffffc6 fr.pc=0x00000247175f3c98 relative=0x0000000000002e38
Event: 13.977 Thread 0x000002472bf2b420 Uncommon trap: reason=bimorphic_or_optimized_type_check action=maybe_recompile pc=0x00000247175f3c98 method=java.util.AbstractCollection.addAll(Ljava/util/Collection;)Z @ 29 c2
Event: 13.977 Thread 0x000002472bf2b420 DEOPT PACKING pc=0x00000247175f3c98 sp=0x0000006f63ef5280
Event: 13.977 Thread 0x000002472bf2b420 DEOPT UNPACKING pc=0x0000024716dfa1a3 sp=0x0000006f63ef5270 mode 2
Event: 13.984 Thread 0x000002472bf2b420 Uncommon trap: trap_request=0xffffffde fr.pc=0x0000024717699068 relative=0x0000000000000568
Event: 13.984 Thread 0x000002472bf2b420 Uncommon trap: reason=class_check action=maybe_recompile pc=0x0000024717699068 method=org.jetbrains.kotlin.storage.LockBasedStorageManager$LockBasedLazyValue.invoke()Ljava/lang/Object; @ 24 c2
Event: 13.984 Thread 0x000002472bf2b420 DEOPT PACKING pc=0x0000024717699068 sp=0x0000006f63ef49a0
Event: 13.984 Thread 0x000002472bf2b420 DEOPT UNPACKING pc=0x0000024716dfa1a3 sp=0x0000006f63ef48f0 mode 2
Event: 13.992 Thread 0x000002472bf2b420 Uncommon trap: trap_request=0xffffffc6 fr.pc=0x00000247175f3c98 relative=0x0000000000002e38
Event: 13.992 Thread 0x000002472bf2b420 Uncommon trap: reason=bimorphic_or_optimized_type_check action=maybe_recompile pc=0x00000247175f3c98 method=java.util.AbstractCollection.addAll(Ljava/util/Collection;)Z @ 29 c2
Event: 13.992 Thread 0x000002472bf2b420 DEOPT PACKING pc=0x00000247175f3c98 sp=0x0000006f63ef5280
Event: 13.992 Thread 0x000002472bf2b420 DEOPT UNPACKING pc=0x0000024716dfa1a3 sp=0x0000006f63ef5270 mode 2
Event: 13.999 Thread 0x000002472bf2b420 Uncommon trap: trap_request=0xffffffc6 fr.pc=0x00000247175f3c98 relative=0x0000000000002e38
Event: 13.999 Thread 0x000002472bf2b420 Uncommon trap: reason=bimorphic_or_optimized_type_check action=maybe_recompile pc=0x00000247175f3c98 method=java.util.AbstractCollection.addAll(Ljava/util/Collection;)Z @ 29 c2
Event: 13.999 Thread 0x000002472bf2b420 DEOPT PACKING pc=0x00000247175f3c98 sp=0x0000006f63ef5280
Event: 13.999 Thread 0x000002472bf2b420 DEOPT UNPACKING pc=0x0000024716dfa1a3 sp=0x0000006f63ef5270 mode 2
Event: 14.002 Thread 0x000002472bf2b420 Uncommon trap: trap_request=0xffffffc6 fr.pc=0x00000247175f3c98 relative=0x0000000000002e38
Event: 14.002 Thread 0x000002472bf2b420 Uncommon trap: reason=bimorphic_or_optimized_type_check action=maybe_recompile pc=0x00000247175f3c98 method=java.util.AbstractCollection.addAll(Ljava/util/Collection;)Z @ 29 c2
Event: 14.002 Thread 0x000002472bf2b420 DEOPT PACKING pc=0x00000247175f3c98 sp=0x0000006f63ef5280
Event: 14.002 Thread 0x000002472bf2b420 DEOPT UNPACKING pc=0x0000024716dfa1a3 sp=0x0000006f63ef5270 mode 2

Classes unloaded (0 events):
No events

Classes redefined (0 events):
No events

Internal exceptions (20 events):
Event: 10.083 Thread 0x000002472bf2b420 Exception <a 'java/lang/NoSuchMethodError'{0x000000008ca983c8}: 'void java.lang.invoke.DirectMethodHandle$Holder.invokeStatic(java.lang.Object, java.lang.Object, java.lang.Object, java.lang.Object, java.lang.Object, java.lang.Object)'> (0x000000008ca983c8) 
thrown [s\src\hotspot\share\interpreter\linkResolver.cpp, line 771]
Event: 10.113 Thread 0x000002472bf2b420 Exception <a 'java/lang/NoSuchMethodError'{0x000000008c7054c8}: 'java.lang.Object java.lang.invoke.DirectMethodHandle$Holder.invokeStaticInit(java.lang.Object, int)'> (0x000000008c7054c8) 
thrown [s\src\hotspot\share\interpreter\linkResolver.cpp, line 771]
Event: 10.454 Thread 0x000002472bf2b420 Implicit null exception at 0x00000247173843f2 to 0x0000024717384a30
Event: 10.523 Thread 0x000002472bf2b420 Implicit null exception at 0x00000247173850f2 to 0x0000024717385748
Event: 10.651 Thread 0x000002472bf2b420 Exception <a 'sun/nio/fs/WindowsException'{0x00000000871b20f0}> (0x00000000871b20f0) 
thrown [s\src\hotspot\share\prims\jni.cpp, line 531]
Event: 10.652 Thread 0x000002472bf2b420 Exception <a 'sun/nio/fs/WindowsException'{0x00000000871b3ea8}> (0x00000000871b3ea8) 
thrown [s\src\hotspot\share\prims\jni.cpp, line 531]
Event: 10.742 Thread 0x000002472bf2b420 Exception <a 'java/lang/NoSuchMethodError'{0x000000008c942660}: 'long java.lang.invoke.DirectMethodHandle$Holder.invokeStatic(java.lang.Object)'> (0x000000008c942660) 
thrown [s\src\hotspot\share\interpreter\linkResolver.cpp, line 771]
Event: 10.742 Thread 0x000002472bf2b420 Exception <a 'java/lang/NoSuchMethodError'{0x000000008c947450}: 'long java.lang.invoke.DirectMethodHandle$Holder.invokeStaticInit(java.lang.Object)'> (0x000000008c947450) 
thrown [s\src\hotspot\share\interpreter\linkResolver.cpp, line 771]
Event: 10.783 Thread 0x000002472bf2b420 Exception <a 'java/lang/NoSuchMethodError'{0x000000008c68c810}: 'long java.lang.invoke.Invokers$Holder.invoke_MT(java.lang.Object, java.lang.Object, java.lang.Object, java.lang.Object)'> (0x000000008c68c810) 
thrown [s\src\hotspot\share\interpreter\linkResolver.cpp, line 771]
Event: 10.784 Thread 0x000002472bf2b420 Exception <a 'java/lang/NoSuchMethodError'{0x000000008c695bb8}: 'int java.lang.invoke.Invokers$Holder.invoke_MT(java.lang.Object, java.lang.Object, java.lang.Object, java.lang.Object)'> (0x000000008c695bb8) 
thrown [s\src\hotspot\share\interpreter\linkResolver.cpp, line 771]
Event: 10.785 Thread 0x000002472bf2b420 Exception <a 'java/lang/NoSuchMethodError'{0x000000008c6a63e0}: 'void java.lang.invoke.DelegatingMethodHandle$Holder.reinvoke_L(java.lang.Object, java.lang.Object, java.lang.Object, long, java.lang.Object)'> (0x000000008c6a63e0) 
thrown [s\src\hotspot\share\interpreter\linkResolver.cpp, line 771]
Event: 10.785 Thread 0x000002472bf2b420 Exception <a 'java/lang/NoSuchMethodError'{0x000000008c6aed10}: 'java.lang.Object java.lang.invoke.DirectMethodHandle$Holder.invokeSpecial(java.lang.Object, java.lang.Object, java.lang.Object, java.lang.Object, long)'> (0x000000008c6aed10) 
thrown [s\src\hotspot\share\interpreter\linkResolver.cpp, line 771]
Event: 10.787 Thread 0x000002472bf2b420 Exception <a 'java/lang/NoSuchMethodError'{0x000000008c6bf6b0}: 'int java.lang.invoke.DelegatingMethodHandle$Holder.reinvoke_L(java.lang.Object, java.lang.Object, java.lang.Object, long, java.lang.Object, java.lang.Object)'> (0x000000008c6bf6b0) 
thrown [s\src\hotspot\share\interpreter\linkResolver.cpp, line 771]
Event: 10.788 Thread 0x000002472bf2b420 Exception <a 'java/lang/NoSuchMethodError'{0x000000008c6cf6f0}: 'int java.lang.invoke.DelegatingMethodHandle$Holder.reinvoke_L(java.lang.Object, java.lang.Object, java.lang.Object, long, int, int)'> (0x000000008c6cf6f0) 
thrown [s\src\hotspot\share\interpreter\linkResolver.cpp, line 771]
Event: 10.789 Thread 0x000002472bf2b420 Exception <a 'java/lang/NoSuchMethodError'{0x000000008c6df4d8}: 'int java.lang.invoke.DelegatingMethodHandle$Holder.reinvoke_L(java.lang.Object, java.lang.Object, java.lang.Object, long, long, long)'> (0x000000008c6df4d8) 
thrown [s\src\hotspot\share\interpreter\linkResolver.cpp, line 771]
Event: 10.791 Thread 0x000002472bf2b420 Exception <a 'java/lang/NoSuchMethodError'{0x000000008c6eefa0}: 'int java.lang.invoke.DelegatingMethodHandle$Holder.reinvoke_L(java.lang.Object, java.lang.Object, java.lang.Object, long, int)'> (0x000000008c6eefa0) 
thrown [s\src\hotspot\share\interpreter\linkResolver.cpp, line 771]
Event: 10.969 Thread 0x000002472bf2b420 Exception <a 'java/lang/NoSuchMethodError'{0x000000008caeee20}: 'void java.lang.invoke.DirectMethodHandle$Holder.invokeVirtual(java.lang.Object, java.lang.Object)'> (0x000000008caeee20) 
thrown [s\src\hotspot\share\interpreter\linkResolver.cpp, line 771]
Event: 11.099 Thread 0x000002472bf2b420 Exception <a 'java/lang/NoSuchMethodError'{0x000000008a535180}: 'java.lang.Object java.lang.invoke.Invokers$Holder.invokeExact_MT(java.lang.Object, java.lang.Object, long, java.lang.Object)'> (0x000000008a535180) 
thrown [s\src\hotspot\share\interpreter\linkResolver.cpp, line 771]
Event: 11.120 Thread 0x000002472bf2b420 Exception <a 'java/lang/NoSuchMethodError'{0x000000008a3a9668}: 'java.lang.Object java.lang.invoke.Invokers$Holder.invoke_MT(java.lang.Object, java.lang.Object, java.lang.Object)'> (0x000000008a3a9668) 
thrown [s\src\hotspot\share\interpreter\linkResolver.cpp, line 771]
Event: 12.682 Thread 0x000002472bf2b420 Exception <a 'java/lang/NoSuchMethodError'{0x000000008a0d1b58}: 'java.lang.Object java.lang.invoke.DirectMethodHandle$Holder.invokeStatic(java.lang.Object, java.lang.Object, java.lang.Object, java.lang.Object, int)'> (0x000000008a0d1b58) 
thrown [s\src\hotspot\share\interpreter\linkResolver.cpp, line 771]

VM Operations (20 events):
Event: 12.974 Executing VM operation: G1CollectForAllocation done
Event: 13.325 Executing VM operation: ICBufferFull
Event: 13.326 Executing VM operation: ICBufferFull done
Event: 13.461 Executing VM operation: G1CollectForAllocation
Event: 13.468 Executing VM operation: G1CollectForAllocation done
Event: 13.556 Executing VM operation: HandshakeAllThreads
Event: 13.556 Executing VM operation: HandshakeAllThreads done
Event: 13.563 Executing VM operation: G1PauseRemark
Event: 13.566 Executing VM operation: G1PauseRemark done
Event: 13.604 Executing VM operation: G1PauseCleanup
Event: 13.604 Executing VM operation: G1PauseCleanup done
Event: 13.901 Executing VM operation: HandshakeAllThreads
Event: 13.901 Executing VM operation: HandshakeAllThreads done
Event: 13.915 Executing VM operation: HandshakeAllThreads
Event: 13.915 Executing VM operation: HandshakeAllThreads done
Event: 13.985 Executing VM operation: ICBufferFull
Event: 13.985 Executing VM operation: ICBufferFull done
Event: 14.058 Executing VM operation: G1CollectForAllocation
Event: 14.087 Executing VM operation: G1CollectForAllocation done
Event: 14.179 Executing VM operation: G1CollectForAllocation

Events (20 events):
Event: 12.331 loading class java/text/CharacterIterator done
Event: 12.331 loading class java/text/StringCharacterIterator done
Event: 12.359 loading class java/io/NotSerializableException
Event: 12.360 loading class java/io/NotSerializableException done
Event: 12.395 loading class java/util/AbstractList$ListItr
Event: 12.397 loading class java/util/AbstractList$ListItr done
Event: 12.629 loading class java/util/function/IntUnaryOperator
Event: 12.629 loading class java/util/function/IntUnaryOperator done
Event: 12.665 loading class java/util/AbstractList$SubList
Event: 12.665 loading class java/util/AbstractList$SubList done
Event: 12.665 loading class java/util/AbstractList$SubList$1
Event: 12.665 loading class java/util/AbstractList$SubList$1 done
Event: 13.450 loading class java/util/AbstractList$RandomAccessSubList
Event: 13.450 loading class java/util/AbstractList$RandomAccessSubList done
Event: 13.558 Thread 0x00000247263519b0 flushing nmethod 0x000002470fae6710
Event: 13.558 Thread 0x00000247263519b0 flushing nmethod 0x000002470faffa90
Event: 13.559 Thread 0x00000247263519b0 flushing nmethod 0x000002470fe37d10
Event: 13.560 Thread 0x00000247263519b0 flushing nmethod 0x000002470fe8a610
Event: 13.561 Thread 0x00000247263519b0 flushing nmethod 0x000002471019b110
Event: 13.561 Thread 0x00000247263519b0 flushing nmethod 0x0000024710253710


Dynamic libraries:
0x00007ff7b9fc0000 - 0x00007ff7b9fca000 	C:\Program Files\Android\Android Studio\jbr\bin\java.exe
0x00007ffd83740000 - 0x00007ffd83949000 	C:\Windows\SYSTEM32\ntdll.dll
0x00007ffd82460000 - 0x00007ffd8251d000 	C:\Windows\System32\KERNEL32.DLL
0x00007ffd80e90000 - 0x00007ffd81214000 	C:\Windows\System32\KERNELBASE.dll
0x00007ffd80d70000 - 0x00007ffd80e81000 	C:\Windows\System32\ucrtbase.dll
0x00007ffd69eb0000 - 0x00007ffd69ec7000 	C:\Program Files\Android\Android Studio\jbr\bin\jli.dll
0x00007ffd82530000 - 0x00007ffd826dd000 	C:\Windows\System32\USER32.dll
0x00007ffd81390000 - 0x00007ffd813b6000 	C:\Windows\System32\win32u.dll
0x00007ffd82ea0000 - 0x00007ffd82eca000 	C:\Windows\System32\GDI32.dll
0x00007ffd80bd0000 - 0x00007ffd80cee000 	C:\Windows\System32\gdi32full.dll
0x00007ffd814f0000 - 0x00007ffd8158d000 	C:\Windows\System32\msvcp_win.dll
0x00007ffd635a0000 - 0x00007ffd635bb000 	C:\Program Files\Android\Android Studio\jbr\bin\VCRUNTIME140.dll
0x00007ffd6a980000 - 0x00007ffd6ac25000 	C:\Windows\WinSxS\amd64_microsoft.windows.common-controls_6595b64144ccf1df_6.0.22000.120_none_9d947278b86cc467\COMCTL32.dll
0x00007ffd83650000 - 0x00007ffd836f3000 	C:\Windows\System32\msvcrt.dll
0x00007ffd82e60000 - 0x00007ffd82e91000 	C:\Windows\System32\IMM32.DLL
0x00007ffd69d60000 - 0x00007ffd69d6c000 	C:\Program Files\Android\Android Studio\jbr\bin\vcruntime140_1.dll
0x00007ffd5a120000 - 0x00007ffd5a1ad000 	C:\Program Files\Android\Android Studio\jbr\bin\msvcp140.dll
0x00007ffd1ebb0000 - 0x00007ffd1f833000 	C:\Program Files\Android\Android Studio\jbr\bin\server\jvm.dll
0x00007ffd82a50000 - 0x00007ffd82afe000 	C:\Windows\System32\ADVAPI32.dll
0x00007ffd82b00000 - 0x00007ffd82b9e000 	C:\Windows\System32\sechost.dll
0x00007ffd81660000 - 0x00007ffd81781000 	C:\Windows\System32\RPCRT4.dll
0x00007ffd7f9e0000 - 0x00007ffd7fa2d000 	C:\Windows\SYSTEM32\POWRPROF.dll
0x00007ffd79e70000 - 0x00007ffd79e79000 	C:\Windows\SYSTEM32\WSOCK32.dll
0x00007ffd823f0000 - 0x00007ffd8245f000 	C:\Windows\System32\WS2_32.dll
0x00007ffd704f0000 - 0x00007ffd70523000 	C:\Windows\SYSTEM32\WINMM.dll
0x00007ffd74300000 - 0x00007ffd7430a000 	C:\Windows\SYSTEM32\VERSION.dll
0x00007ffd7f960000 - 0x00007ffd7f973000 	C:\Windows\SYSTEM32\UMPDC.dll
0x00007ffd7fd30000 - 0x00007ffd7fd48000 	C:\Windows\SYSTEM32\kernel.appcore.dll
0x00007ffd79e60000 - 0x00007ffd79e6a000 	C:\Program Files\Android\Android Studio\jbr\bin\jimage.dll
0x00007ffd7ded0000 - 0x00007ffd7e0f1000 	C:\Windows\SYSTEM32\DBGHELP.DLL
0x00007ffd68cd0000 - 0x00007ffd68d01000 	C:\Windows\SYSTEM32\dbgcore.DLL
0x00007ffd80cf0000 - 0x00007ffd80d6f000 	C:\Windows\System32\bcryptPrimitives.dll
0x00007ffd6ad20000 - 0x00007ffd6ad2e000 	C:\Program Files\Android\Android Studio\jbr\bin\instrument.dll
0x00007ffd71410000 - 0x00007ffd71435000 	C:\Program Files\Android\Android Studio\jbr\bin\java.dll
0x00007ffd79990000 - 0x00007ffd799a8000 	C:\Program Files\Android\Android Studio\jbr\bin\zip.dll
0x00007ffd81790000 - 0x00007ffd81f55000 	C:\Windows\System32\SHELL32.dll
0x00007ffd7ec70000 - 0x00007ffd7f4d2000 	C:\Windows\SYSTEM32\windows.storage.dll
0x00007ffd82ed0000 - 0x00007ffd83246000 	C:\Windows\System32\combase.dll
0x00007ffd7eb00000 - 0x00007ffd7ec67000 	C:\Windows\SYSTEM32\wintypes.dll
0x00007ffd827c0000 - 0x00007ffd828aa000 	C:\Windows\System32\SHCORE.dll
0x00007ffd82de0000 - 0x00007ffd82e3d000 	C:\Windows\System32\shlwapi.dll
0x00007ffd80b00000 - 0x00007ffd80b25000 	C:\Windows\SYSTEM32\profapi.dll
0x00007ffd798d0000 - 0x00007ffd798e9000 	C:\Program Files\Android\Android Studio\jbr\bin\net.dll
0x00007ffd764c0000 - 0x00007ffd765d4000 	C:\Windows\SYSTEM32\WINHTTP.dll
0x00007ffd801e0000 - 0x00007ffd80247000 	C:\Windows\system32\mswsock.dll
0x00007ffd72ff0000 - 0x00007ffd73006000 	C:\Program Files\Android\Android Studio\jbr\bin\nio.dll
0x00007ffd794e0000 - 0x00007ffd794f0000 	C:\Program Files\Android\Android Studio\jbr\bin\verify.dll
0x00007ffd694e0000 - 0x00007ffd69507000 	C:\Users\Acer\.gradle\native\c067742578af261105cb4f569cf0c3c89f3d7b1fecec35dd04571415982c5e48\windows-amd64\native-platform.dll
0x00007ffd59fd0000 - 0x00007ffd5a114000 	C:\Users\Acer\.gradle\native\38dada09dfb8b06ba9b0570ebf7e218e3eb74d4ef43ca46872605cf95ebc2f47\windows-amd64\native-platform-file-events.dll
0x00007ffd70570000 - 0x00007ffd70579000 	C:\Program Files\Android\Android Studio\jbr\bin\management.dll
0x00007ffd6ad30000 - 0x00007ffd6ad3b000 	C:\Program Files\Android\Android Studio\jbr\bin\management_ext.dll
0x00007ffd81f60000 - 0x00007ffd81f68000 	C:\Windows\System32\PSAPI.DLL
0x00007ffd80420000 - 0x00007ffd80438000 	C:\Windows\SYSTEM32\CRYPTSP.dll
0x00007ffd7fc70000 - 0x00007ffd7fca5000 	C:\Windows\system32\rsaenh.dll
0x00007ffd802d0000 - 0x00007ffd802fc000 	C:\Windows\SYSTEM32\USERENV.dll
0x00007ffd805a0000 - 0x00007ffd805c7000 	C:\Windows\SYSTEM32\bcrypt.dll
0x00007ffd80440000 - 0x00007ffd8044c000 	C:\Windows\SYSTEM32\CRYPTBASE.dll
0x00007ffd7f7e0000 - 0x00007ffd7f80d000 	C:\Windows\SYSTEM32\IPHLPAPI.DLL
0x00007ffd82c10000 - 0x00007ffd82c19000 	C:\Windows\System32\NSI.dll
0x00007ffd76480000 - 0x00007ffd76499000 	C:\Windows\SYSTEM32\dhcpcsvc6.DLL
0x00007ffd76830000 - 0x00007ffd7684e000 	C:\Windows\SYSTEM32\dhcpcsvc.DLL
0x00007ffd7f810000 - 0x00007ffd7f8f7000 	C:\Windows\SYSTEM32\DNSAPI.dll
0x00007ffd79900000 - 0x00007ffd79909000 	C:\Program Files\Android\Android Studio\jbr\bin\extnet.dll
0x00007ffd79c60000 - 0x00007ffd79c68000 	C:\Windows\system32\wshunix.dll

dbghelp: loaded successfully - version: 4.0.5 - missing functions: none
symbol engine: initialized successfully - sym options: 0x614 - pdb path: .;C:\Program Files\Android\Android Studio\jbr\bin;C:\Windows\SYSTEM32;C:\Windows\WinSxS\amd64_microsoft.windows.common-controls_6595b64144ccf1df_6.0.22000.120_none_9d947278b86cc467;C:\Program Files\Android\Android Studio\jbr\bin\server;C:\Users\Acer\.gradle\native\c067742578af261105cb4f569cf0c3c89f3d7b1fecec35dd04571415982c5e48\windows-amd64;C:\Users\Acer\.gradle\native\38dada09dfb8b06ba9b0570ebf7e218e3eb74d4ef43ca46872605cf95ebc2f47\windows-amd64

VM Arguments:
jvm_args: --add-opens=java.base/java.util=ALL-UNNAMED --add-opens=java.base/java.lang=ALL-UNNAMED --add-opens=java.base/java.lang.invoke=ALL-UNNAMED --add-opens=java.prefs/java.util.prefs=ALL-UNNAMED --add-opens=java.base/java.nio.charset=ALL-UNNAMED --add-opens=java.base/java.net=ALL-UNNAMED --add-opens=java.base/java.util.concurrent.atomic=ALL-UNNAMED -Xmx2048m -Dfile.encoding=UTF-8 -Duser.country=CA -Duser.language=en -Duser.variant -javaagent:C:\Users\Acer\.gradle\wrapper\dists\gradle-8.7-bin\bhs2wmbdwecv87pi65oeuq5iu\gradle-8.7\lib\agents\gradle-instrumentation-agent-8.7.jar 
java_command: org.gradle.launcher.daemon.bootstrap.GradleDaemon 8.7
java_class_path (initial): C:\Users\Acer\.gradle\wrapper\dists\gradle-8.7-bin\bhs2wmbdwecv87pi65oeuq5iu\gradle-8.7\lib\gradle-launcher-8.7.jar
Launcher Type: SUN_STANDARD

[Global flags]
     intx CICompilerCount                          = 3                                         {product} {ergonomic}
     uint ConcGCThreads                            = 1                                         {product} {ergonomic}
     uint G1ConcRefinementThreads                  = 4                                         {product} {ergonomic}
   size_t G1HeapRegionSize                         = 1048576                                   {product} {ergonomic}
    uintx GCDrainStackTargetSize                   = 64                                        {product} {ergonomic}
   size_t InitialHeapSize                          = 266338304                                 {product} {ergonomic}
   size_t MarkStackSize                            = 4194304                                   {product} {ergonomic}
   size_t MaxHeapSize                              = 2147483648                                {product} {command line}
   size_t MaxNewSize                               = 1287651328                                {product} {ergonomic}
   size_t MinHeapDeltaBytes                        = 1048576                                   {product} {ergonomic}
   size_t MinHeapSize                              = 8388608                                   {product} {ergonomic}
    uintx NonNMethodCodeHeapSize                   = 5832780                                {pd product} {ergonomic}
    uintx NonProfiledCodeHeapSize                  = 122912730                              {pd product} {ergonomic}
    uintx ProfiledCodeHeapSize                     = 122912730                              {pd product} {ergonomic}
    uintx ReservedCodeCacheSize                    = 251658240                              {pd product} {ergonomic}
     bool SegmentedCodeCache                       = true                                      {product} {ergonomic}
   size_t SoftMaxHeapSize                          = 2147483648                             {manageable} {ergonomic}
     bool UseCompressedClassPointers               = true                           {product lp64_product} {ergonomic}
     bool UseCompressedOops                        = true                           {product lp64_product} {ergonomic}
     bool UseG1GC                                  = true                                      {product} {ergonomic}
     bool UseLargePagesIndividualAllocation        = false                                  {pd product} {ergonomic}

Logging:
Log output configuration:
 #0: stdout all=warning uptime,level,tags
 #1: stderr all=off uptime,level,tags

Environment Variables:
PATH=C:\Windows\system32;C:\Windows;C:\Windows\System32\Wbem;C:\Windows\System32\WindowsPowerShell\v1.0\;C:\Windows\System32\OpenSSH\;C:\Program Files\dotnet\;C:\ProgramData\chocolatey\bin;C:\Program Files\Microsoft SQL Server\Client SDK\ODBC\170\Tools\Binn\;C:\Program Files (x86)\Microsoft SQL Server\160\Tools\Binn\;C:\Program Files\Microsoft SQL Server\160\Tools\Binn\;C:\Program Files\Microsoft SQL Server\160\DTS\Binn\;C:\Program Files (x86)\Microsoft SQL Server\160\DTS\Binn\;C:\Program Files\MySQL\MySQL Server 8.0\bin;C:\Program Files\MongoDB\Server\7.0\bin;C:\Program Files\Microsoft SQL Server\150\Tools\Binn\;C:\Program Files (x86)\Windows Kits\10\Windows Performance Toolkit\;C:\Users\Acer\AppData\Local\Programs\Python\Python39\;C:\Program Files\nodejs\;C:\Program Files\Git\cmd;C:\Program Files\PowerShell\7\;C:\Users\Acer\AppData\Local\Programs\Python\Python312\Scripts\;C:\Users\Acer\AppData\Local\Programs\Python\Python312\;C:\Program Files\MySQL\MySQL Shell 8.0\bin\;C:\Program Files\jdk-11.0.1\bin;C:\Program Files\JetBrains\IntelliJ IDEA Community Edition 2022.3.1\bin;C:\Users\Acer\.dotnet\tools;C:\Users\Acer\AppData\Local\Programs\Microsoft VS Code\bin;C:\Program Files\Azure Data Studio\bin;C:\Users\Acer\.dotnet\tools;C:\Program Files\mongosh\;C:\Program Files\Python312\;C:\Program Files\Python312\Scripts;C:\Users\Acer\AppData\Local\GitHubDesktop\bin;C:\Users\Acer\.dotnet\tools;C:\Users\Acer\AppData\Local\Programs\Python\Python39\;C:\Users\Acer\AppData\Local\Programs\Python\Python39\Scripts\;C:\Users\Acer\AppData\Local\Microsoft\WindowsApps;C:\Users\Acer\AppData\Roaming\npm
USERNAME=Acer
OS=Windows_NT
PROCESSOR_IDENTIFIER=Intel64 Family 6 Model 140 Stepping 1, GenuineIntel
TMP=C:\Users\Acer\AppData\Local\Temp
TEMP=C:\Users\Acer\AppData\Local\Temp



Periodic native trim disabled

JNI global refs:
JNI global refs: 27, weak refs: 1

JNI global refs memory usage: 843, weak refs: 841

Process memory usage:
Resident Set Size: 438408K (2% of 16551224K total physical memory with 1163524K free physical memory)

OOME stack traces (most recent first):
Classloader memory used:
Loader org.gradle.internal.classloader.VisitableURLClassLoader                         : 8818K
Loader bootstrap                                                                       : 2484K
Loader org.gradle.initialization.MixInLegacyTypesClassLoader                           : 769K
Loader org.gradle.internal.classloader.VisitableURLClassLoader                         : 79257B
Loader org.gradle.internal.classloader.VisitableURLClassLoader$InstrumentingVisitableURLClassLoader: 74418B
Loader jdk.internal.loader.ClassLoaders$PlatformClassLoader                            : 66744B
Loader jdk.internal.jrtfs.JrtFileSystemProvider$JrtFsLoader                            : 41013B
Loader jdk.internal.loader.ClassLoaders$AppClassLoader                                 : 28715B
Loader jdk.internal.reflect.DelegatingClassLoader                                      : 27210B
Loader org.gradle.groovy.scripts.internal.DefaultScriptCompilationHandler$ScriptClassLoader: 10681B
Loader org.codehaus.groovy.runtime.callsite.CallSiteClassLoader                        : 5853B

Classes loaded by more than one classloader:
Class org.gradle.api.GradleException                                                  : loaded 3 times (x 80B)
Class org.gradle.util.GradleVersion                                                   : loaded 2 times (x 81B)
Class org.jetbrains.plugins.gradle.model.MavenRepositoryModel                         : loaded 2 times (x 68B)
Class org.gradle.internal.classpath.ClassPath                                         : loaded 2 times (x 68B)
Class org.gradle.api.internal.classpath.DefaultModuleRegistry                         : loaded 2 times (x 84B)
Class org.gradle.internal.exceptions.NonGradleCauseExceptionsHolder                   : loaded 2 times (x 68B)
Class jdk.internal.jimage.BasicImageReader$1                                          : loaded 2 times (x 75B)
Class org.gradle.api.Action                                                           : loaded 2 times (x 68B)
Class jdk.internal.jimage.ImageBufferCache$1                                          : loaded 2 times (x 78B)
Class jdk.internal.jimage.ImageBufferCache$2                                          : loaded 2 times (x 89B)
Class org.gradle.api.internal.DefaultClassPathProvider                                : loaded 2 times (x 74B)
Class org.gradle.internal.installation.GradleInstallation$1                           : loaded 2 times (x 73B)
Class jdk.internal.jrtfs.SystemImage$1                                                : loaded 2 times (x 76B)
Class jdk.internal.jrtfs.SystemImage$2                                                : loaded 2 times (x 74B)
Class org.gradle.internal.exceptions.DefaultMultiCauseException                       : loaded 2 times (x 93B)
Class org.gradle.internal.time.MonotonicClock                                         : loaded 2 times (x 75B)
Class org.gradle.internal.classloader.FilteringClassLoader                            : loaded 2 times (x 103B)
Class jdk.internal.jimage.ImageReader$Resource                                        : loaded 2 times (x 82B)
Class jdk.internal.jrtfs.SystemImage                                                  : loaded 2 times (x 72B)
Class org.gradle.internal.classpath.DefaultClassPath$ImmutableUniqueList$Builder      : loaded 2 times (x 73B)
Class jdk.internal.jrtfs.JrtDirectoryStream$1                                         : loaded 2 times (x 81B)
Class org.gradle.internal.classloader.ClassLoaderVisitor                              : loaded 2 times (x 74B)
Class org.gradle.internal.time.DefaultCountdownTimer                                  : loaded 2 times (x 86B)
Class org.gradle.internal.service.DefaultServiceLocator                               : loaded 2 times (x 81B)
Class org.gradle.internal.service.UnknownServiceException                             : loaded 2 times (x 81B)
Class org.gradle.internal.classloader.DefaultClassLoaderFactory                       : loaded 2 times (x 80B)
Class jdk.internal.jimage.ImageReader$SharedImageReader                               : loaded 2 times (x 93B)
Class jdk.internal.jimage.decompressor.ZipDecompressorFactory                         : loaded 2 times (x 72B)
Class org.gradle.internal.classloader.VisitableURLClassLoader$Spec                    : loaded 2 times (x 72B)
Class org.gradle.tooling.model.ProjectModel                                           : loaded 2 times (x 68B)
Class org.gradle.internal.installation.GradleInstallation                             : loaded 2 times (x 73B)
Class org.gradle.api.internal.classpath.ModuleRegistry                                : loaded 2 times (x 68B)
Class org.jetbrains.plugins.gradle.model.RepositoriesModel                            : loaded 2 times (x 68B)
Class kotlin.jvm.internal.markers.KMappedMarker                                       : loaded 2 times (x 68B)
Class sync_studio_tooling2_8thqub183l6p0a84j8yfagphq                                  : loaded 2 times (x 177B)
Class org.gradle.api.internal.ClassPathProvider                                       : loaded 2 times (x 68B)
Class org.gradle.internal.classloader.ClasspathUtil$1                                 : loaded 2 times (x 74B)
Class org.gradle.internal.classloader.ClassLoaderFactory                              : loaded 2 times (x 68B)
Class jdk.internal.jimage.ImageHeader                                                 : loaded 2 times (x 69B)
Class org.gradle.api.internal.classpath.ManifestUtil                                  : loaded 2 times (x 69B)
Class org.gradle.api.specs.Spec                                                       : loaded 2 times (x 68B)
Class org.gradle.internal.IoActions                                                   : loaded 2 times (x 69B)
Class jdk.internal.jimage.decompressor.StringSharingDecompressorFactory               : loaded 2 times (x 72B)
Class org.gradle.api.internal.classpath.EffectiveClassPath                            : loaded 2 times (x 88B)
Class kotlin.jvm.internal.DefaultConstructorMarker                                    : loaded 2 times (x 69B)
Class org.gradle.internal.exceptions.ResolutionProvider                               : loaded 2 times (x 68B)
Class org.gradle.internal.installation.CurrentGradleInstallation                      : loaded 2 times (x 71B)
Class org.gradle.internal.agents.InstrumentingClassLoader                             : loaded 2 times (x 68B)
Class org.gradle.internal.installation.CurrentGradleInstallationLocator               : loaded 2 times (x 69B)
Class org.gradle.api.internal.classpath.Module                                        : loaded 2 times (x 68B)
Class org.gradle.internal.service.CachingServiceLocator                               : loaded 2 times (x 80B)
Class org.gradle.internal.time.Timer                                                  : loaded 2 times (x 68B)
Class org.gradle.internal.classpath.DefaultClassPath                                  : loaded 2 times (x 88B)
Class jdk.internal.jimage.BasicImageReader                                            : loaded 2 times (x 93B)
Class jdk.internal.jimage.ImageLocation                                               : loaded 2 times (x 88B)
Class kotlin.jvm.functions.Function1                                                  : loaded 2 times (x 68B)
Class jdk.internal.jimage.ImageReader$Node                                            : loaded 2 times (x 82B)
Class org.gradle.internal.time.Time                                                   : loaded 2 times (x 69B)
Class jdk.internal.jimage.decompressor.CompressedResourceHeader                       : loaded 2 times (x 69B)
Class org.gradle.internal.time.TimeSource$1                                           : loaded 2 times (x 75B)
Class jdk.internal.jrtfs.JrtPath                                                      : loaded 2 times (x 116B)
Class jdk.internal.jimage.ImageStrings                                                : loaded 2 times (x 68B)
Class jdk.internal.jrtfs.JrtFileAttributes                                            : loaded 2 times (x 81B)
Class org.gradle.internal.classloader.SystemClassLoaderSpec                           : loaded 2 times (x 69B)
Class jdk.internal.jimage.decompressor.ResourceDecompressorRepository                 : loaded 2 times (x 69B)
Class kotlin.Function                                                                 : loaded 2 times (x 68B)
Class org.gradle.api.UncheckedIOException                                             : loaded 2 times (x 80B)
Class jdk.internal.jimage.decompressor.ResourceDecompressor$StringsProvider           : loaded 2 times (x 68B)
Class jdk.internal.jimage.decompressor.Decompressor                                   : loaded 2 times (x 70B)
Class jdk.internal.jrtfs.JrtFileSystem                                                : loaded 2 times (x 100B)
Class jdk.internal.jrtfs.JrtFileSystemProvider                                        : loaded 2 times (x 97B)
Class org.gradle.internal.time.CountdownTimer                                         : loaded 2 times (x 68B)
Class org.gradle.internal.time.Clock                                                  : loaded 2 times (x 68B)
Class org.gradle.internal.classloader.ClasspathUtil                                   : loaded 2 times (x 69B)
Class jdk.internal.jrtfs.JrtDirectoryStream                                           : loaded 2 times (x 87B)
Class jdk.internal.jimage.decompressor.ResourceDecompressor                           : loaded 2 times (x 68B)
Class org.gradle.api.internal.DefaultClassPathRegistry                                : loaded 2 times (x 74B)
Class org.gradle.api.internal.classpath.DefaultModuleRegistry$DefaultModule           : loaded 2 times (x 84B)
Class org.gradle.internal.time.TimeSource                                             : loaded 2 times (x 68B)
Class org.gradle.api.internal.classpath.UnknownModuleException                        : loaded 2 times (x 80B)
Class org.gradle.internal.service.ServiceLookupException                              : loaded 2 times (x 80B)
Class jdk.internal.jimage.ImageStringsReader                                          : loaded 2 times (x 78B)
Class org.gradle.cache.GlobalCache                                                    : loaded 2 times (x 68B)
Class jdk.internal.jimage.decompressor.ResourceDecompressorFactory                    : loaded 2 times (x 72B)
Class [Lorg.gradle.api.internal.ClassPathProvider;                                    : loaded 2 times (x 67B)
Class jdk.internal.jimage.ImageReader$SharedImageReader$LocationVisitor               : loaded 2 times (x 68B)
Class org.gradle.internal.operations.MultipleBuildOperationFailures                   : loaded 2 times (x 93B)
Class org.gradle.util.internal.GUtil                                                  : loaded 2 times (x 69B)
Class jdk.internal.jimage.decompressor.ZipDecompressor                                : loaded 2 times (x 73B)
Class org.gradle.internal.classloader.ClassLoaderSpec                                 : loaded 2 times (x 69B)
Class sync_studio_tooling2_8thqub183l6p0a84j8yfagphq$_run_closure1                    : loaded 2 times (x 137B)
Class org.gradle.internal.classloader.VisitableURLClassLoader                         : loaded 2 times (x 115B)
Class org.gradle.internal.Cast                                                        : loaded 2 times (x 69B)
Class org.gradle.api.internal.ClassPathRegistry                                       : loaded 2 times (x 68B)
Class org.gradle.internal.classloader.VisitableURLClassLoader$InstrumentingVisitableURLClassLoader: loaded 2 times (x 121B)
Class org.gradle.internal.classloader.ClassLoaderHierarchy                            : loaded 2 times (x 68B)
Class org.gradle.internal.exceptions.MultiCauseException                              : loaded 2 times (x 68B)
Class jdk.internal.jimage.ImageReader                                                 : loaded 2 times (x 73B)
Class org.gradle.internal.InternalTransformer                                         : loaded 2 times (x 68B)
Class org.gradle.internal.service.ServiceLocator                                      : loaded 2 times (x 68B)
Class ijInit2_eg7yjjg24b7lb01y0t7taric4                                               : loaded 2 times (x 177B)
Class org.gradle.internal.classpath.DefaultClassPath$ImmutableUniqueList              : loaded 2 times (x 159B)
Class jdk.internal.jimage.ImageBufferCache                                            : loaded 2 times (x 69B)
Class org.gradle.internal.time.DefaultTimer                                           : loaded 2 times (x 78B)
Class org.gradle.internal.classpath.TransformedClassPath                              : loaded 2 times (x 94B)
Class jdk.internal.jimage.ImageReader$Directory                                       : loaded 2 times (x 82B)


---------------  S Y S T E M  ---------------

OS:
 Windows 11 , 64 bit Build 22000 (10.0.22000.2538)
OS uptime: 2 days 17:41 hours
Hyper-V role detected

CPU: total 4 (initial active 4) (2 cores per cpu, 2 threads per core) family 6 model 140 stepping 1 microcode 0x8a, cx8, cmov, fxsr, ht, mmx, 3dnowpref, sse, sse2, sse3, ssse3, sse4.1, sse4.2, popcnt, lzcnt, tsc, tscinvbit, avx, avx2, aes, erms, clmul, bmi1, bmi2, adx, avx512f, avx512dq, avx512cd, avx512bw, avx512vl, sha, fma, vzeroupper, avx512_vpopcntdq, avx512_vpclmulqdq, avx512_vaes, avx512_vnni, clflush, clflushopt, clwb, avx512_vbmi2, avx512_vbmi, hv
Processor Information for all 4 processors :
  Max Mhz: 2995, Current Mhz: 2995, Mhz Limit: 2995

Memory: 4k page, system-wide physical 16163M (1122M free)
TotalPageFile size 20259M (AvailPageFile size 20M)
current process WorkingSet (physical memory assigned to process): 428M, peak: 435M
current process commit charge ("private bytes"): 528M, peak: 654M

vm_info: OpenJDK 64-Bit Server VM (17.0.11+0--11852314) for windows-amd64 JRE (17.0.11+0--11852314), built on May 16 2024 21:29:20 by "androidbuild" with MS VC++ 16.10 / 16.11 (VS2019)

END.
