#
# There is insufficient memory for the Java Runtime Environment to continue.
# Native memory allocation (mmap) failed to map 12582912 bytes. Error detail: G1 virtual space
# Possible reasons:
#   The system is out of physical RAM or swap space
#   This process is running with CompressedOops enabled, and the Java Heap may be blocking the growth of the native heap
# Possible solutions:
#   Reduce memory load on the system
#   Increase physical memory or swap space
#   Check if swap backing store is full
#   Decrease Java heap size (-Xmx/-Xms)
#   Decrease number of Java threads
#   Decrease Java thread stack sizes (-Xss)
#   Set larger code cache with -XX:ReservedCodeCacheSize=
#   JVM is running with Unscaled Compressed Oops mode in which the Java heap is
#     placed in the first 4GB address space. The Java Heap base address is the
#     maximum limit for the native heap growth. Please use -XX:HeapBaseMinAddress
#     to set the Java Heap base and to place the Java Heap above 4GB virtual address.
# This output file may be truncated or incomplete.
#
#  Out of Memory Error (os_windows.cpp:3825), pid=28412, tid=2620
#
# JRE version: OpenJDK Runtime Environment (17.0.11) (build 17.0.11+0--11852314)
# Java VM: OpenJDK 64-Bit Server VM (17.0.11+0--11852314, mixed mode, tiered, compressed oops, compressed class ptrs, g1 gc, windows-amd64)
# No core dump will be written. Minidumps are not enabled by default on client versions of Windows
#

---------------  S U M M A R Y ------------

Command Line: --add-opens=java.base/java.util=ALL-UNNAMED --add-opens=java.base/java.lang=ALL-UNNAMED --add-opens=java.base/java.lang.invoke=ALL-UNNAMED --add-opens=java.prefs/java.util.prefs=ALL-UNNAMED --add-opens=java.base/java.nio.charset=ALL-UNNAMED --add-opens=java.base/java.net=ALL-UNNAMED --add-opens=java.base/java.util.concurrent.atomic=ALL-UNNAMED -Xmx2048m -Dfile.encoding=UTF-8 -Duser.country=CA -Duser.language=en -Duser.variant -javaagent:C:\Users\Acer\.gradle\wrapper\dists\gradle-8.7-bin\bhs2wmbdwecv87pi65oeuq5iu\gradle-8.7\lib\agents\gradle-instrumentation-agent-8.7.jar org.gradle.launcher.daemon.bootstrap.GradleDaemon 8.7

Host: 11th Gen Intel(R) Core(TM) i3-1115G4 @ 3.00GHz, 4 cores, 15G,  Windows 11 , 64 bit Build 22000 (10.0.22000.2538)
Time: Tue Sep  3 17:07:46 2024 Central Daylight Time elapsed time: 7.994583 seconds (0d 0h 0m 7s)

---------------  T H R E A D  ---------------

Current thread (0x00000165be20ea00):  VMThread "VM Thread" [stack: 0x0000002a66a00000,0x0000002a66b00000] [id=2620]

Stack: [0x0000002a66a00000,0x0000002a66b00000]
Native frames: (J=compiled Java code, j=interpreted, Vv=VM code, C=native code)
V  [jvm.dll+0x687bb9]
V  [jvm.dll+0x84142a]
V  [jvm.dll+0x8430ae]
V  [jvm.dll+0x843713]
V  [jvm.dll+0x24a35f]
V  [jvm.dll+0x684989]
V  [jvm.dll+0x67923a]
V  [jvm.dll+0x30af0b]
V  [jvm.dll+0x3123b6]
V  [jvm.dll+0x361dfe]
V  [jvm.dll+0x36202f]
V  [jvm.dll+0x2e0d38]
V  [jvm.dll+0x2df144]
V  [jvm.dll+0x2de74c]
V  [jvm.dll+0x32305b]
V  [jvm.dll+0x847e0b]
V  [jvm.dll+0x848b42]
V  [jvm.dll+0x84905d]
V  [jvm.dll+0x849434]
V  [jvm.dll+0x849500]
V  [jvm.dll+0x7efa4a]
V  [jvm.dll+0x686a35]
C  [ucrtbase.dll+0x26c0c]
C  [KERNEL32.DLL+0x153e0]
C  [ntdll.dll+0x485b]

VM_Operation (0x0000002a681f3de0): G1CollectForAllocation, mode: safepoint, requested by thread 0x00000165c52fb900


---------------  P R O C E S S  ---------------

Threads class SMR info:
_java_thread_list=0x00000165c510a120, length=42, elements={
0x00000165a4bfe3d0, 0x00000165be3682b0, 0x00000165be368c80, 0x00000165be373ab0,
0x00000165be374380, 0x00000165be3b2620, 0x00000165be3b4ff0, 0x00000165be3b60f0,
0x00000165be3c2c80, 0x00000165be4325f0, 0x00000165be1c1dd0, 0x00000165be702520,
0x00000165c444ea70, 0x00000165c3ee0450, 0x00000165c47d8fe0, 0x00000165c52f8b70,
0x00000165c52f8660, 0x00000165c52b0ca0, 0x00000165c52faee0, 0x00000165c52fb900,
0x00000165c52f9aa0, 0x00000165c52fbe10, 0x00000165c52fa4c0, 0x00000165c52f9590,
0x00000165c52fa9d0, 0x00000165c52f9fb0, 0x00000165c52fb3f0, 0x00000165c485f460,
0x00000165c48617d0, 0x00000165c4862700, 0x00000165c48621f0, 0x00000165c4864a70,
0x00000165c4865eb0, 0x00000165c48663c0, 0x00000165c4864f80, 0x00000165c48668d0,
0x00000165c4866de0, 0x00000165c4863630, 0x00000165c48659a0, 0x00000165c4864560,
0x00000165c485fe80, 0x00000165c485f970
}

Java Threads: ( => current thread )
  0x00000165a4bfe3d0 JavaThread "main" [_thread_blocked, id=19896, stack(0x0000002a66400000,0x0000002a66500000)]
  0x00000165be3682b0 JavaThread "Reference Handler" daemon [_thread_blocked, id=17316, stack(0x0000002a66b00000,0x0000002a66c00000)]
  0x00000165be368c80 JavaThread "Finalizer" daemon [_thread_blocked, id=21880, stack(0x0000002a66c00000,0x0000002a66d00000)]
  0x00000165be373ab0 JavaThread "Signal Dispatcher" daemon [_thread_blocked, id=9812, stack(0x0000002a66d00000,0x0000002a66e00000)]
  0x00000165be374380 JavaThread "Attach Listener" daemon [_thread_blocked, id=33156, stack(0x0000002a66e00000,0x0000002a66f00000)]
  0x00000165be3b2620 JavaThread "Service Thread" daemon [_thread_blocked, id=25088, stack(0x0000002a66f00000,0x0000002a67000000)]
  0x00000165be3b4ff0 JavaThread "Monitor Deflation Thread" daemon [_thread_blocked, id=23208, stack(0x0000002a67000000,0x0000002a67100000)]
  0x00000165be3b60f0 JavaThread "C2 CompilerThread0" daemon [_thread_in_native, id=29304, stack(0x0000002a67100000,0x0000002a67200000)]
  0x00000165be3c2c80 JavaThread "C1 CompilerThread0" daemon [_thread_blocked, id=28156, stack(0x0000002a67200000,0x0000002a67300000)]
  0x00000165be4325f0 JavaThread "Sweeper thread" daemon [_thread_blocked, id=36400, stack(0x0000002a67300000,0x0000002a67400000)]
  0x00000165be1c1dd0 JavaThread "Common-Cleaner" daemon [_thread_blocked, id=13252, stack(0x0000002a67400000,0x0000002a67500000)]
  0x00000165be702520 JavaThread "Notification Thread" daemon [_thread_blocked, id=15612, stack(0x0000002a67500000,0x0000002a67600000)]
  0x00000165c444ea70 JavaThread "Daemon health stats" [_thread_blocked, id=32736, stack(0x0000002a67b00000,0x0000002a67c00000)]
  0x00000165c3ee0450 JavaThread "Incoming local TCP Connector on port 64200" [_thread_in_native, id=24096, stack(0x0000002a67700000,0x0000002a67800000)]
  0x00000165c47d8fe0 JavaThread "Daemon periodic checks" [_thread_blocked, id=12508, stack(0x0000002a67c00000,0x0000002a67d00000)]
  0x00000165c52f8b70 JavaThread "Daemon" [_thread_blocked, id=11212, stack(0x0000002a67d00000,0x0000002a67e00000)]
  0x00000165c52f8660 JavaThread "Handler for socket connection from /127.0.0.1:64200 to /127.0.0.1:64201" [_thread_in_native, id=23644, stack(0x0000002a67e00000,0x0000002a67f00000)]
  0x00000165c52b0ca0 JavaThread "C2 CompilerThread1" daemon [_thread_blocked, id=20132, stack(0x0000002a67f00000,0x0000002a68000000)]
  0x00000165c52faee0 JavaThread "Cancel handler" [_thread_blocked, id=22072, stack(0x0000002a68000000,0x0000002a68100000)]
  0x00000165c52fb900 JavaThread "Daemon worker" [_thread_blocked, id=7880, stack(0x0000002a68100000,0x0000002a68200000)]
  0x00000165c52f9aa0 JavaThread "Asynchronous log dispatcher for DefaultDaemonConnection: socket connection from /127.0.0.1:64200 to /127.0.0.1:64201" [_thread_blocked, id=9312, stack(0x0000002a68200000,0x0000002a68300000)]
  0x00000165c52fbe10 JavaThread "Stdin handler" [_thread_blocked, id=25484, stack(0x0000002a68300000,0x0000002a68400000)]
  0x00000165c52fa4c0 JavaThread "Daemon client event forwarder" [_thread_blocked, id=20280, stack(0x0000002a68400000,0x0000002a68500000)]
  0x00000165c52f9590 JavaThread "Cache worker for journal cache (C:\Users\Acer\.gradle\caches\journal-1)" [_thread_blocked, id=11732, stack(0x0000002a68500000,0x0000002a68600000)]
  0x00000165c52fa9d0 JavaThread "File lock request listener" [_thread_in_native, id=9296, stack(0x0000002a68600000,0x0000002a68700000)]
  0x00000165c52f9fb0 JavaThread "Cache worker for file hash cache (C:\Users\Acer\.gradle\caches\8.7\fileHashes)" [_thread_blocked, id=29380, stack(0x0000002a68700000,0x0000002a68800000)]
  0x00000165c52fb3f0 JavaThread "Cache worker for file hash cache (C:\Users\Acer\AndroidStudioProjects\Class Demos\.gradle\8.7\fileHashes)" [_thread_blocked, id=20844, stack(0x0000002a68800000,0x0000002a68900000)]
  0x00000165c485f460 JavaThread "File watcher server" daemon [_thread_in_native, id=900, stack(0x0000002a68900000,0x0000002a68a00000)]
  0x00000165c48617d0 JavaThread "File watcher consumer" daemon [_thread_blocked, id=35332, stack(0x0000002a68a00000,0x0000002a68b00000)]
  0x00000165c4862700 JavaThread "jar transforms" [_thread_blocked, id=15076, stack(0x0000002a68b00000,0x0000002a68c00000)]
  0x00000165c48621f0 JavaThread "jar transforms Thread 2" [_thread_blocked, id=21364, stack(0x0000002a68c00000,0x0000002a68d00000)]
  0x00000165c4864a70 JavaThread "jar transforms Thread 3" [_thread_blocked, id=9948, stack(0x0000002a68d00000,0x0000002a68e00000)]
  0x00000165c4865eb0 JavaThread "jar transforms Thread 4" [_thread_blocked, id=32824, stack(0x0000002a68e00000,0x0000002a68f00000)]
  0x00000165c48663c0 JavaThread "Cache worker for checksums cache (C:\Users\Acer\AndroidStudioProjects\Class Demos\.gradle\8.7\checksums)" [_thread_blocked, id=31464, stack(0x0000002a68f00000,0x0000002a69000000)]
  0x00000165c4864f80 JavaThread "Cache worker for cache directory md-supplier (C:\Users\Acer\.gradle\caches\8.7\md-supplier)" [_thread_blocked, id=33696, stack(0x0000002a69000000,0x0000002a69100000)]
  0x00000165c48668d0 JavaThread "Cache worker for cache directory md-rule (C:\Users\Acer\.gradle\caches\8.7\md-rule)" [_thread_blocked, id=7968, stack(0x0000002a69100000,0x0000002a69200000)]
  0x00000165c4866de0 JavaThread "Cache worker for file content cache (C:\Users\Acer\.gradle\caches\8.7\fileContent)" [_thread_blocked, id=32504, stack(0x0000002a69300000,0x0000002a69400000)]
  0x00000165c4863630 JavaThread "Unconstrained build operations" [_thread_blocked, id=20544, stack(0x0000002a69400000,0x0000002a69500000)]
  0x00000165c48659a0 JavaThread "Unconstrained build operations Thread 2" [_thread_blocked, id=38740, stack(0x0000002a69500000,0x0000002a69600000)]
  0x00000165c4864560 JavaThread "Unconstrained build operations Thread 3" [_thread_blocked, id=24300, stack(0x0000002a69600000,0x0000002a69700000)]
  0x00000165c485fe80 JavaThread "Unconstrained build operations Thread 4" [_thread_blocked, id=2872, stack(0x0000002a69700000,0x0000002a69800000)]
  0x00000165c485f970 JavaThread "Unconstrained build operations Thread 5" [_thread_blocked, id=36076, stack(0x0000002a69800000,0x0000002a69900000)]

Other Threads:
=>0x00000165be20ea00 VMThread "VM Thread" [stack: 0x0000002a66a00000,0x0000002a66b00000] [id=2620]
  0x00000165a4bff160 WatcherThread [stack: 0x0000002a67600000,0x0000002a67700000] [id=8188]
  0x00000165a4c57910 GCTaskThread "GC Thread#0" [stack: 0x0000002a66500000,0x0000002a66600000] [id=28624]
  0x00000165c31421f0 GCTaskThread "GC Thread#1" [stack: 0x0000002a67800000,0x0000002a67900000] [id=22964]
  0x00000165c33588c0 GCTaskThread "GC Thread#2" [stack: 0x0000002a67900000,0x0000002a67a00000] [id=14648]
  0x00000165c3311080 GCTaskThread "GC Thread#3" [stack: 0x0000002a67a00000,0x0000002a67b00000] [id=34004]
  0x00000165a4c68860 ConcurrentGCThread "G1 Main Marker" [stack: 0x0000002a66600000,0x0000002a66700000] [id=21712]
  0x00000165a4c69280 ConcurrentGCThread "G1 Conc#0" [stack: 0x0000002a66700000,0x0000002a66800000] [id=21568]
  0x00000165a4cbddc0 ConcurrentGCThread "G1 Refine#0" [stack: 0x0000002a66800000,0x0000002a66900000] [id=32516]
  0x00000165c5bb4020 ConcurrentGCThread "G1 Refine#1" [stack: 0x0000002a69200000,0x0000002a69300000] [id=21544]
  0x00000165c4ee1670 ConcurrentGCThread "G1 Refine#2" [stack: 0x0000002a69900000,0x0000002a69a00000] [id=2572]
  0x00000165c7231430 ConcurrentGCThread "G1 Refine#3" [stack: 0x0000002a69a00000,0x0000002a69b00000] [id=29484]
  0x00000165a4cbe7f0 ConcurrentGCThread "G1 Service" [stack: 0x0000002a66900000,0x0000002a66a00000] [id=22064]

Threads with active compile tasks:
C2 CompilerThread0     8004 7279       4       org.jetbrains.kotlin.cli.jvm.index.JvmDependenciesIndexImpl::search (374 bytes)

VM state: at safepoint (normal execution)

VM Mutex/Monitor currently owned by a thread:  ([mutex/lock_event])
[0x00000165a4bf9690] Threads_lock - owner thread: 0x00000165be20ea00
[0x00000165a4bf9450] Heap_lock - owner thread: 0x00000165c52fb900

Heap address: 0x0000000080000000, size: 2048 MB, Compressed Oops mode: 32-bit

CDS archive(s) not mapped
Compressed class space mapped at: 0x0000000100000000-0x0000000140000000, reserved size: 1073741824
Narrow klass base: 0x0000000000000000, Narrow klass shift: 3, Narrow klass range: 0x140000000

GC Precious Log:
 CPUs: 4 total, 4 available
 Memory: 16163M
 Large Page Support: Disabled
 NUMA Support: Disabled
 Compressed Oops: Enabled (32-bit)
 Heap Region Size: 1M
 Heap Min Capacity: 8M
 Heap Initial Capacity: 254M
 Heap Max Capacity: 2G
 Pre-touch: Disabled
 Parallel Workers: 4
 Concurrent Workers: 1
 Concurrent Refinement Workers: 4
 Periodic GC: Disabled

Heap:
 garbage-first heap   total 199680K, used 103955K [0x0000000080000000, 0x0000000100000000)
  region size 1024K, 7 young (7168K), 7 survivors (7168K)
 Metaspace       used 97241K, committed 97792K, reserved 1179648K
  class space    used 12871K, committed 13120K, reserved 1048576K

Heap Regions: E=young(eden), S=young(survivor), O=old, HS=humongous(starts), HC=humongous(continues), CS=collection set, F=free, OA=open archive, CA=closed archive, TAMS=top-at-mark-start (previous, next)
|   0|0x0000000080000000, 0x0000000080100000, 0x0000000080100000|100%| O|  |TAMS 0x0000000080100000, 0x0000000080100000| Untracked 
|   1|0x0000000080100000, 0x0000000080200000, 0x0000000080200000|100%| O|  |TAMS 0x0000000080200000, 0x0000000080200000| Untracked 
|   2|0x0000000080200000, 0x0000000080300000, 0x0000000080300000|100%|HS|  |TAMS 0x0000000080300000, 0x0000000080300000| Complete 
|   3|0x0000000080300000, 0x0000000080400000, 0x0000000080400000|100%|HC|  |TAMS 0x0000000080400000, 0x0000000080400000| Complete 
|   4|0x0000000080400000, 0x0000000080500000, 0x0000000080500000|100%|HC|  |TAMS 0x0000000080500000, 0x0000000080500000| Complete 
|   5|0x0000000080500000, 0x0000000080600000, 0x0000000080600000|100%|HC|  |TAMS 0x0000000080600000, 0x0000000080600000| Complete 
|   6|0x0000000080600000, 0x0000000080700000, 0x0000000080700000|100%| O|  |TAMS 0x0000000080700000, 0x0000000080700000| Untracked 
|   7|0x0000000080700000, 0x0000000080800000, 0x0000000080800000|100%| O|  |TAMS 0x0000000080800000, 0x0000000080800000| Untracked 
|   8|0x0000000080800000, 0x0000000080900000, 0x0000000080900000|100%| O|  |TAMS 0x0000000080900000, 0x0000000080900000| Untracked 
|   9|0x0000000080900000, 0x0000000080a00000, 0x0000000080a00000|100%| O|  |TAMS 0x0000000080a00000, 0x0000000080a00000| Untracked 
|  10|0x0000000080a00000, 0x0000000080b00000, 0x0000000080b00000|100%|HS|  |TAMS 0x0000000080b00000, 0x0000000080b00000| Complete 
|  11|0x0000000080b00000, 0x0000000080c00000, 0x0000000080c00000|100%| O|  |TAMS 0x0000000080c00000, 0x0000000080c00000| Untracked 
|  12|0x0000000080c00000, 0x0000000080d00000, 0x0000000080d00000|100%| O|  |TAMS 0x0000000080d00000, 0x0000000080d00000| Untracked 
|  13|0x0000000080d00000, 0x0000000080e00000, 0x0000000080e00000|100%| O|  |TAMS 0x0000000080e00000, 0x0000000080e00000| Untracked 
|  14|0x0000000080e00000, 0x0000000080f00000, 0x0000000080f00000|100%| O|  |TAMS 0x0000000080f00000, 0x0000000080f00000| Untracked 
|  15|0x0000000080f00000, 0x0000000081000000, 0x0000000081000000|100%| O|  |TAMS 0x0000000081000000, 0x0000000081000000| Untracked 
|  16|0x0000000081000000, 0x0000000081100000, 0x0000000081100000|100%| O|  |TAMS 0x0000000081100000, 0x0000000081100000| Untracked 
|  17|0x0000000081100000, 0x0000000081200000, 0x0000000081200000|100%| O|  |TAMS 0x0000000081200000, 0x0000000081200000| Untracked 
|  18|0x0000000081200000, 0x0000000081300000, 0x0000000081300000|100%| O|  |TAMS 0x0000000081300000, 0x0000000081300000| Untracked 
|  19|0x0000000081300000, 0x0000000081400000, 0x0000000081400000|100%| O|  |TAMS 0x0000000081400000, 0x0000000081400000| Untracked 
|  20|0x0000000081400000, 0x0000000081500000, 0x0000000081500000|100%| O|  |TAMS 0x0000000081500000, 0x0000000081500000| Untracked 
|  21|0x0000000081500000, 0x0000000081600000, 0x0000000081600000|100%|HS|  |TAMS 0x0000000081600000, 0x0000000081600000| Complete 
|  22|0x0000000081600000, 0x0000000081700000, 0x0000000081700000|100%|HC|  |TAMS 0x0000000081700000, 0x0000000081700000| Complete 
|  23|0x0000000081700000, 0x0000000081800000, 0x0000000081800000|100%|HC|  |TAMS 0x0000000081800000, 0x0000000081800000| Complete 
|  24|0x0000000081800000, 0x0000000081900000, 0x0000000081900000|100%|HC|  |TAMS 0x0000000081900000, 0x0000000081900000| Complete 
|  25|0x0000000081900000, 0x0000000081a00000, 0x0000000081a00000|100%|HC|  |TAMS 0x0000000081a00000, 0x0000000081a00000| Complete 
|  26|0x0000000081a00000, 0x0000000081b00000, 0x0000000081b00000|100%|HS|  |TAMS 0x0000000081b00000, 0x0000000081b00000| Complete 
|  27|0x0000000081b00000, 0x0000000081c00000, 0x0000000081c00000|100%|HC|  |TAMS 0x0000000081c00000, 0x0000000081c00000| Complete 
|  28|0x0000000081c00000, 0x0000000081d00000, 0x0000000081d00000|100%|HC|  |TAMS 0x0000000081d00000, 0x0000000081d00000| Complete 
|  29|0x0000000081d00000, 0x0000000081e00000, 0x0000000081e00000|100%|HS|  |TAMS 0x0000000081e00000, 0x0000000081e00000| Complete 
|  30|0x0000000081e00000, 0x0000000081f00000, 0x0000000081f00000|100%|HC|  |TAMS 0x0000000081f00000, 0x0000000081f00000| Complete 
|  31|0x0000000081f00000, 0x0000000082000000, 0x0000000082000000|100%|HC|  |TAMS 0x0000000082000000, 0x0000000082000000| Complete 
|  32|0x0000000082000000, 0x0000000082100000, 0x0000000082100000|100%| O|  |TAMS 0x0000000082100000, 0x0000000082100000| Untracked 
|  33|0x0000000082100000, 0x0000000082200000, 0x0000000082200000|100%| O|  |TAMS 0x0000000082200000, 0x0000000082200000| Untracked 
|  34|0x0000000082200000, 0x0000000082300000, 0x0000000082300000|100%|HS|  |TAMS 0x0000000082300000, 0x0000000082300000| Complete 
|  35|0x0000000082300000, 0x0000000082400000, 0x0000000082400000|100%|HC|  |TAMS 0x0000000082400000, 0x0000000082400000| Complete 
|  36|0x0000000082400000, 0x0000000082500000, 0x0000000082500000|100%|HC|  |TAMS 0x0000000082500000, 0x0000000082500000| Complete 
|  37|0x0000000082500000, 0x0000000082600000, 0x0000000082600000|100%| O|  |TAMS 0x0000000082600000, 0x0000000082600000| Untracked 
|  38|0x0000000082600000, 0x0000000082700000, 0x0000000082700000|100%| O|  |TAMS 0x0000000082700000, 0x0000000082700000| Untracked 
|  39|0x0000000082700000, 0x0000000082800000, 0x0000000082800000|100%| O|  |TAMS 0x0000000082800000, 0x0000000082800000| Untracked 
|  40|0x0000000082800000, 0x0000000082900000, 0x0000000082900000|100%| O|  |TAMS 0x0000000082900000, 0x0000000082900000| Untracked 
|  41|0x0000000082900000, 0x0000000082a00000, 0x0000000082a00000|100%| O|  |TAMS 0x0000000082a00000, 0x0000000082a00000| Untracked 
|  42|0x0000000082a00000, 0x0000000082b00000, 0x0000000082b00000|100%| O|  |TAMS 0x0000000082b00000, 0x0000000082b00000| Untracked 
|  43|0x0000000082b00000, 0x0000000082c00000, 0x0000000082c00000|100%| O|  |TAMS 0x0000000082c00000, 0x0000000082c00000| Untracked 
|  44|0x0000000082c00000, 0x0000000082d00000, 0x0000000082d00000|100%| O|  |TAMS 0x0000000082d00000, 0x0000000082d00000| Untracked 
|  45|0x0000000082d00000, 0x0000000082e00000, 0x0000000082e00000|100%| O|  |TAMS 0x0000000082e00000, 0x0000000082e00000| Untracked 
|  46|0x0000000082e00000, 0x0000000082f00000, 0x0000000082f00000|100%| O|  |TAMS 0x0000000082f00000, 0x0000000082f00000| Untracked 
|  47|0x0000000082f00000, 0x0000000083000000, 0x0000000083000000|100%| O|  |TAMS 0x0000000083000000, 0x0000000083000000| Untracked 
|  48|0x0000000083000000, 0x0000000083100000, 0x0000000083100000|100%|HS|  |TAMS 0x0000000083100000, 0x0000000083100000| Complete 
|  49|0x0000000083100000, 0x0000000083200000, 0x0000000083200000|100%|HC|  |TAMS 0x0000000083200000, 0x0000000083200000| Complete 
|  50|0x0000000083200000, 0x0000000083300000, 0x0000000083300000|100%|HC|  |TAMS 0x0000000083300000, 0x0000000083300000| Complete 
|  51|0x0000000083300000, 0x0000000083400000, 0x0000000083400000|100%|HC|  |TAMS 0x0000000083400000, 0x0000000083400000| Complete 
|  52|0x0000000083400000, 0x0000000083500000, 0x0000000083500000|100%|HC|  |TAMS 0x0000000083500000, 0x0000000083500000| Complete 
|  53|0x0000000083500000, 0x0000000083600000, 0x0000000083600000|100%| O|  |TAMS 0x0000000083600000, 0x0000000083600000| Untracked 
|  54|0x0000000083600000, 0x0000000083700000, 0x0000000083700000|100%| O|  |TAMS 0x0000000083700000, 0x0000000083700000| Untracked 
|  55|0x0000000083700000, 0x0000000083800000, 0x0000000083800000|100%|HS|  |TAMS 0x0000000083800000, 0x0000000083800000| Complete 
|  56|0x0000000083800000, 0x0000000083900000, 0x0000000083900000|100%|HC|  |TAMS 0x0000000083900000, 0x0000000083900000| Complete 
|  57|0x0000000083900000, 0x0000000083a00000, 0x0000000083a00000|100%|HC|  |TAMS 0x0000000083a00000, 0x0000000083a00000| Complete 
|  58|0x0000000083a00000, 0x0000000083b00000, 0x0000000083b00000|100%|HC|  |TAMS 0x0000000083b00000, 0x0000000083b00000| Complete 
|  59|0x0000000083b00000, 0x0000000083c00000, 0x0000000083c00000|100%|HC|  |TAMS 0x0000000083c00000, 0x0000000083c00000| Complete 
|  60|0x0000000083c00000, 0x0000000083d00000, 0x0000000083d00000|100%| O|  |TAMS 0x0000000083d00000, 0x0000000083d00000| Untracked 
|  61|0x0000000083d00000, 0x0000000083e00000, 0x0000000083e00000|100%| O|  |TAMS 0x0000000083e00000, 0x0000000083e00000| Untracked 
|  62|0x0000000083e00000, 0x0000000083f00000, 0x0000000083f00000|100%| O|  |TAMS 0x0000000083f00000, 0x0000000083f00000| Untracked 
|  63|0x0000000083f00000, 0x0000000084000000, 0x0000000084000000|100%| O|  |TAMS 0x0000000084000000, 0x0000000084000000| Untracked 
|  64|0x0000000084000000, 0x0000000084100000, 0x0000000084100000|100%| O|  |TAMS 0x0000000084100000, 0x0000000084100000| Untracked 
|  65|0x0000000084100000, 0x0000000084200000, 0x0000000084200000|100%| O|  |TAMS 0x0000000084200000, 0x0000000084200000| Untracked 
|  66|0x0000000084200000, 0x0000000084300000, 0x0000000084300000|100%| O|  |TAMS 0x0000000084300000, 0x0000000084300000| Untracked 
|  67|0x0000000084300000, 0x0000000084400000, 0x0000000084400000|100%| O|  |TAMS 0x0000000084400000, 0x0000000084400000| Untracked 
|  68|0x0000000084400000, 0x0000000084500000, 0x0000000084500000|100%| O|  |TAMS 0x0000000084500000, 0x0000000084500000| Untracked 
|  69|0x0000000084500000, 0x0000000084600000, 0x0000000084600000|100%| O|  |TAMS 0x0000000084600000, 0x0000000084600000| Untracked 
|  70|0x0000000084600000, 0x0000000084700000, 0x0000000084700000|100%| O|  |TAMS 0x0000000084700000, 0x0000000084700000| Untracked 
|  71|0x0000000084700000, 0x0000000084800000, 0x0000000084800000|100%| O|  |TAMS 0x0000000084800000, 0x0000000084800000| Untracked 
|  72|0x0000000084800000, 0x0000000084900000, 0x0000000084900000|100%| O|  |TAMS 0x0000000084900000, 0x0000000084900000| Untracked 
|  73|0x0000000084900000, 0x0000000084a00000, 0x0000000084a00000|100%| O|  |TAMS 0x0000000084a00000, 0x0000000084a00000| Untracked 
|  74|0x0000000084a00000, 0x0000000084b00000, 0x0000000084b00000|100%| O|  |TAMS 0x0000000084b00000, 0x0000000084b00000| Untracked 
|  75|0x0000000084b00000, 0x0000000084c00000, 0x0000000084c00000|100%| O|  |TAMS 0x0000000084c00000, 0x0000000084c00000| Untracked 
|  76|0x0000000084c00000, 0x0000000084d00000, 0x0000000084d00000|100%| O|  |TAMS 0x0000000084d00000, 0x0000000084d00000| Untracked 
|  77|0x0000000084d00000, 0x0000000084e00000, 0x0000000084e00000|100%| O|  |TAMS 0x0000000084e00000, 0x0000000084e00000| Untracked 
|  78|0x0000000084e00000, 0x0000000084f00000, 0x0000000084f00000|100%| O|  |TAMS 0x0000000084f00000, 0x0000000084f00000| Untracked 
|  79|0x0000000084f00000, 0x0000000085000000, 0x0000000085000000|100%| O|  |TAMS 0x0000000085000000, 0x0000000085000000| Untracked 
|  80|0x0000000085000000, 0x0000000085100000, 0x0000000085100000|100%|HS|  |TAMS 0x0000000085100000, 0x0000000085100000| Complete 
|  81|0x0000000085100000, 0x0000000085200000, 0x0000000085200000|100%|HC|  |TAMS 0x0000000085200000, 0x0000000085200000| Complete 
|  82|0x0000000085200000, 0x0000000085300000, 0x0000000085300000|100%|HC|  |TAMS 0x0000000085300000, 0x0000000085300000| Complete 
|  83|0x0000000085300000, 0x0000000085400000, 0x0000000085400000|100%|HC|  |TAMS 0x0000000085400000, 0x0000000085400000| Complete 
|  84|0x0000000085400000, 0x0000000085500000, 0x0000000085500000|100%|HC|  |TAMS 0x0000000085500000, 0x0000000085500000| Complete 
|  85|0x0000000085500000, 0x0000000085600000, 0x0000000085600000|100%|HC|  |TAMS 0x0000000085600000, 0x0000000085600000| Complete 
|  86|0x0000000085600000, 0x0000000085700000, 0x0000000085700000|100%|HS|  |TAMS 0x0000000085700000, 0x0000000085700000| Complete 
|  87|0x0000000085700000, 0x0000000085800000, 0x0000000085800000|100%| O|  |TAMS 0x00000000857ff200, 0x0000000085800000| Untracked 
|  88|0x0000000085800000, 0x0000000085900000, 0x0000000085900000|100%| O|  |TAMS 0x0000000085800000, 0x0000000085900000| Untracked 
|  89|0x0000000085900000, 0x0000000085a00000, 0x0000000085a00000|100%| O|  |TAMS 0x0000000085900000, 0x0000000085a00000| Untracked 
|  90|0x0000000085a00000, 0x0000000085b00000, 0x0000000085b00000|100%| O|  |TAMS 0x0000000085a00000, 0x0000000085b00000| Untracked 
|  91|0x0000000085b00000, 0x0000000085c00000, 0x0000000085c00000|100%| O|  |TAMS 0x0000000085b00000, 0x0000000085b00000| Untracked 
|  92|0x0000000085c00000, 0x0000000085d00000, 0x0000000085d00000|100%| O|  |TAMS 0x0000000085c00000, 0x0000000085d00000| Untracked 
|  93|0x0000000085d00000, 0x0000000085e00000, 0x0000000085e00000|100%| O|  |TAMS 0x0000000085d00000, 0x0000000085dcb600| Untracked 
|  94|0x0000000085e00000, 0x0000000085f00000, 0x0000000085f00000|100%| O|  |TAMS 0x0000000085e00000, 0x0000000085e00000| Untracked 
|  95|0x0000000085f00000, 0x0000000085f4b600, 0x0000000086000000| 29%| O|  |TAMS 0x0000000085f00000, 0x0000000085f00000| Untracked 
|  96|0x0000000086000000, 0x0000000086000000, 0x0000000086100000|  0%| F|  |TAMS 0x0000000086000000, 0x0000000086000000| Untracked 
|  97|0x0000000086100000, 0x0000000086100000, 0x0000000086200000|  0%| F|  |TAMS 0x0000000086100000, 0x0000000086100000| Untracked 
|  98|0x0000000086200000, 0x0000000086200000, 0x0000000086300000|  0%| F|  |TAMS 0x0000000086200000, 0x0000000086200000| Untracked 
|  99|0x0000000086300000, 0x0000000086300000, 0x0000000086400000|  0%| F|  |TAMS 0x0000000086300000, 0x0000000086300000| Untracked 
| 100|0x0000000086400000, 0x0000000086400000, 0x0000000086500000|  0%| F|  |TAMS 0x0000000086400000, 0x0000000086400000| Untracked 
| 101|0x0000000086500000, 0x0000000086500000, 0x0000000086600000|  0%| F|  |TAMS 0x0000000086500000, 0x0000000086500000| Untracked 
| 102|0x0000000086600000, 0x0000000086600000, 0x0000000086700000|  0%| F|  |TAMS 0x0000000086600000, 0x0000000086600000| Untracked 
| 103|0x0000000086700000, 0x0000000086700000, 0x0000000086800000|  0%| F|  |TAMS 0x0000000086700000, 0x0000000086700000| Untracked 
| 104|0x0000000086800000, 0x0000000086800000, 0x0000000086900000|  0%| F|  |TAMS 0x0000000086800000, 0x0000000086800000| Untracked 
| 105|0x0000000086900000, 0x0000000086900000, 0x0000000086a00000|  0%| F|  |TAMS 0x0000000086900000, 0x0000000086900000| Untracked 
| 106|0x0000000086a00000, 0x0000000086a00000, 0x0000000086b00000|  0%| F|  |TAMS 0x0000000086a00000, 0x0000000086a00000| Untracked 
| 107|0x0000000086b00000, 0x0000000086b00000, 0x0000000086c00000|  0%| F|  |TAMS 0x0000000086b00000, 0x0000000086b00000| Untracked 
| 108|0x0000000086c00000, 0x0000000086c00000, 0x0000000086d00000|  0%| F|  |TAMS 0x0000000086c00000, 0x0000000086c00000| Untracked 
| 109|0x0000000086d00000, 0x0000000086d00000, 0x0000000086e00000|  0%| F|  |TAMS 0x0000000086d00000, 0x0000000086d00000| Untracked 
| 110|0x0000000086e00000, 0x0000000086e00000, 0x0000000086f00000|  0%| F|  |TAMS 0x0000000086e00000, 0x0000000086e00000| Untracked 
| 111|0x0000000086f00000, 0x0000000086f00000, 0x0000000087000000|  0%| F|  |TAMS 0x0000000086f00000, 0x0000000086f00000| Untracked 
| 112|0x0000000087000000, 0x0000000087000000, 0x0000000087100000|  0%| F|  |TAMS 0x0000000087000000, 0x0000000087000000| Untracked 
| 113|0x0000000087100000, 0x0000000087100000, 0x0000000087200000|  0%| F|  |TAMS 0x0000000087100000, 0x0000000087100000| Untracked 
| 114|0x0000000087200000, 0x0000000087200000, 0x0000000087300000|  0%| F|  |TAMS 0x0000000087200000, 0x0000000087200000| Untracked 
| 115|0x0000000087300000, 0x0000000087300000, 0x0000000087400000|  0%| F|  |TAMS 0x0000000087300000, 0x0000000087300000| Untracked 
| 116|0x0000000087400000, 0x0000000087400000, 0x0000000087500000|  0%| F|  |TAMS 0x0000000087400000, 0x0000000087400000| Untracked 
| 117|0x0000000087500000, 0x0000000087500000, 0x0000000087600000|  0%| F|  |TAMS 0x0000000087500000, 0x0000000087500000| Untracked 
| 118|0x0000000087600000, 0x0000000087600000, 0x0000000087700000|  0%| F|  |TAMS 0x0000000087600000, 0x0000000087600000| Untracked 
| 119|0x0000000087700000, 0x0000000087700000, 0x0000000087800000|  0%| F|  |TAMS 0x0000000087700000, 0x0000000087700000| Untracked 
| 120|0x0000000087800000, 0x0000000087800000, 0x0000000087900000|  0%| F|  |TAMS 0x0000000087800000, 0x0000000087800000| Untracked 
| 121|0x0000000087900000, 0x0000000087900000, 0x0000000087a00000|  0%| F|  |TAMS 0x0000000087900000, 0x0000000087900000| Untracked 
| 122|0x0000000087a00000, 0x0000000087a00000, 0x0000000087b00000|  0%| F|  |TAMS 0x0000000087a00000, 0x0000000087a00000| Untracked 
| 123|0x0000000087b00000, 0x0000000087b00000, 0x0000000087c00000|  0%| F|  |TAMS 0x0000000087b00000, 0x0000000087b00000| Untracked 
| 124|0x0000000087c00000, 0x0000000087c00000, 0x0000000087d00000|  0%| F|  |TAMS 0x0000000087c00000, 0x0000000087c00000| Untracked 
| 125|0x0000000087d00000, 0x0000000087d397f8, 0x0000000087e00000| 22%| S|CS|TAMS 0x0000000087d00000, 0x0000000087d00000| Complete 
| 126|0x0000000087e00000, 0x0000000087f00000, 0x0000000087f00000|100%| S|CS|TAMS 0x0000000087e00000, 0x0000000087e00000| Complete 
| 127|0x0000000087f00000, 0x0000000088000000, 0x0000000088000000|100%| S|CS|TAMS 0x0000000087f00000, 0x0000000087f00000| Complete 
| 128|0x0000000088000000, 0x0000000088100000, 0x0000000088100000|100%| S|CS|TAMS 0x0000000088000000, 0x0000000088000000| Complete 
| 129|0x0000000088100000, 0x0000000088200000, 0x0000000088200000|100%| S|CS|TAMS 0x0000000088100000, 0x0000000088100000| Complete 
| 130|0x0000000088200000, 0x0000000088300000, 0x0000000088300000|100%| S|CS|TAMS 0x0000000088200000, 0x0000000088200000| Complete 
| 131|0x0000000088300000, 0x0000000088400000, 0x0000000088400000|100%| S|CS|TAMS 0x0000000088300000, 0x0000000088300000| Complete 
| 132|0x0000000088400000, 0x0000000088400000, 0x0000000088500000|  0%| F|  |TAMS 0x0000000088400000, 0x0000000088400000| Untracked 
| 133|0x0000000088500000, 0x0000000088500000, 0x0000000088600000|  0%| F|  |TAMS 0x0000000088500000, 0x0000000088500000| Untracked 
| 134|0x0000000088600000, 0x0000000088600000, 0x0000000088700000|  0%| F|  |TAMS 0x0000000088600000, 0x0000000088600000| Untracked 
| 135|0x0000000088700000, 0x0000000088700000, 0x0000000088800000|  0%| F|  |TAMS 0x0000000088700000, 0x0000000088700000| Untracked 
| 136|0x0000000088800000, 0x0000000088800000, 0x0000000088900000|  0%| F|  |TAMS 0x0000000088800000, 0x0000000088800000| Untracked 
| 137|0x0000000088900000, 0x0000000088900000, 0x0000000088a00000|  0%| F|  |TAMS 0x0000000088900000, 0x0000000088900000| Untracked 
| 138|0x0000000088a00000, 0x0000000088a00000, 0x0000000088b00000|  0%| F|  |TAMS 0x0000000088a00000, 0x0000000088a00000| Untracked 
| 139|0x0000000088b00000, 0x0000000088b00000, 0x0000000088c00000|  0%| F|  |TAMS 0x0000000088b00000, 0x0000000088b00000| Untracked 
| 140|0x0000000088c00000, 0x0000000088c00000, 0x0000000088d00000|  0%| F|  |TAMS 0x0000000088c00000, 0x0000000088c00000| Untracked 
| 141|0x0000000088d00000, 0x0000000088d00000, 0x0000000088e00000|  0%| F|  |TAMS 0x0000000088d00000, 0x0000000088d00000| Untracked 
| 142|0x0000000088e00000, 0x0000000088e00000, 0x0000000088f00000|  0%| F|  |TAMS 0x0000000088e00000, 0x0000000088e00000| Untracked 
| 143|0x0000000088f00000, 0x0000000088f00000, 0x0000000089000000|  0%| F|  |TAMS 0x0000000088f00000, 0x0000000088f00000| Untracked 
| 144|0x0000000089000000, 0x0000000089000000, 0x0000000089100000|  0%| F|  |TAMS 0x0000000089000000, 0x0000000089000000| Untracked 
| 145|0x0000000089100000, 0x0000000089100000, 0x0000000089200000|  0%| F|  |TAMS 0x0000000089100000, 0x0000000089100000| Untracked 
| 146|0x0000000089200000, 0x0000000089200000, 0x0000000089300000|  0%| F|  |TAMS 0x0000000089200000, 0x0000000089200000| Untracked 
| 147|0x0000000089300000, 0x0000000089300000, 0x0000000089400000|  0%| F|  |TAMS 0x0000000089300000, 0x0000000089300000| Untracked 
| 148|0x0000000089400000, 0x0000000089400000, 0x0000000089500000|  0%| F|  |TAMS 0x0000000089400000, 0x0000000089400000| Untracked 
| 149|0x0000000089500000, 0x0000000089500000, 0x0000000089600000|  0%| F|  |TAMS 0x0000000089500000, 0x0000000089500000| Untracked 
| 150|0x0000000089600000, 0x0000000089600000, 0x0000000089700000|  0%| F|  |TAMS 0x0000000089600000, 0x0000000089600000| Untracked 
| 151|0x0000000089700000, 0x0000000089700000, 0x0000000089800000|  0%| F|  |TAMS 0x0000000089700000, 0x0000000089700000| Untracked 
| 152|0x0000000089800000, 0x0000000089800000, 0x0000000089900000|  0%| F|  |TAMS 0x0000000089800000, 0x0000000089800000| Untracked 
| 153|0x0000000089900000, 0x0000000089900000, 0x0000000089a00000|  0%| F|  |TAMS 0x0000000089900000, 0x0000000089900000| Untracked 
| 154|0x0000000089a00000, 0x0000000089a00000, 0x0000000089b00000|  0%| F|  |TAMS 0x0000000089a00000, 0x0000000089a00000| Untracked 
| 155|0x0000000089b00000, 0x0000000089b00000, 0x0000000089c00000|  0%| F|  |TAMS 0x0000000089b00000, 0x0000000089b00000| Untracked 
| 156|0x0000000089c00000, 0x0000000089c00000, 0x0000000089d00000|  0%| F|  |TAMS 0x0000000089c00000, 0x0000000089c00000| Untracked 
| 157|0x0000000089d00000, 0x0000000089d00000, 0x0000000089e00000|  0%| F|  |TAMS 0x0000000089d00000, 0x0000000089d00000| Untracked 
| 158|0x0000000089e00000, 0x0000000089e00000, 0x0000000089f00000|  0%| F|  |TAMS 0x0000000089e00000, 0x0000000089e00000| Untracked 
| 159|0x0000000089f00000, 0x0000000089f00000, 0x000000008a000000|  0%| F|  |TAMS 0x0000000089f00000, 0x0000000089f00000| Untracked 
| 160|0x000000008a000000, 0x000000008a000000, 0x000000008a100000|  0%| F|  |TAMS 0x000000008a000000, 0x000000008a000000| Untracked 
| 161|0x000000008a100000, 0x000000008a100000, 0x000000008a200000|  0%| F|  |TAMS 0x000000008a100000, 0x000000008a100000| Untracked 
| 162|0x000000008a200000, 0x000000008a200000, 0x000000008a300000|  0%| F|  |TAMS 0x000000008a200000, 0x000000008a200000| Untracked 
| 163|0x000000008a300000, 0x000000008a300000, 0x000000008a400000|  0%| F|  |TAMS 0x000000008a300000, 0x000000008a300000| Untracked 
| 164|0x000000008a400000, 0x000000008a400000, 0x000000008a500000|  0%| F|  |TAMS 0x000000008a400000, 0x000000008a400000| Untracked 
| 165|0x000000008a500000, 0x000000008a500000, 0x000000008a600000|  0%| F|  |TAMS 0x000000008a500000, 0x000000008a500000| Untracked 
| 166|0x000000008a600000, 0x000000008a600000, 0x000000008a700000|  0%| F|  |TAMS 0x000000008a600000, 0x000000008a600000| Untracked 
| 167|0x000000008a700000, 0x000000008a700000, 0x000000008a800000|  0%| F|  |TAMS 0x000000008a700000, 0x000000008a700000| Untracked 
| 168|0x000000008a800000, 0x000000008a800000, 0x000000008a900000|  0%| F|  |TAMS 0x000000008a800000, 0x000000008a800000| Untracked 
| 169|0x000000008a900000, 0x000000008a900000, 0x000000008aa00000|  0%| F|  |TAMS 0x000000008a900000, 0x000000008a900000| Untracked 
| 170|0x000000008aa00000, 0x000000008aa00000, 0x000000008ab00000|  0%| F|  |TAMS 0x000000008aa00000, 0x000000008aa00000| Untracked 
| 171|0x000000008ab00000, 0x000000008ab00000, 0x000000008ac00000|  0%| F|  |TAMS 0x000000008ab00000, 0x000000008ab00000| Untracked 
| 172|0x000000008ac00000, 0x000000008ac00000, 0x000000008ad00000|  0%| F|  |TAMS 0x000000008ac00000, 0x000000008ac00000| Untracked 
| 173|0x000000008ad00000, 0x000000008ad00000, 0x000000008ae00000|  0%| F|  |TAMS 0x000000008ad00000, 0x000000008ad00000| Untracked 
| 174|0x000000008ae00000, 0x000000008ae00000, 0x000000008af00000|  0%| F|  |TAMS 0x000000008ae00000, 0x000000008ae00000| Untracked 
| 175|0x000000008af00000, 0x000000008af00000, 0x000000008b000000|  0%| F|  |TAMS 0x000000008af00000, 0x000000008af00000| Untracked 
| 176|0x000000008b000000, 0x000000008b000000, 0x000000008b100000|  0%| F|  |TAMS 0x000000008b000000, 0x000000008b000000| Untracked 
| 177|0x000000008b100000, 0x000000008b100000, 0x000000008b200000|  0%| F|  |TAMS 0x000000008b100000, 0x000000008b100000| Untracked 
| 178|0x000000008b200000, 0x000000008b200000, 0x000000008b300000|  0%| F|  |TAMS 0x000000008b200000, 0x000000008b200000| Untracked 
| 179|0x000000008b300000, 0x000000008b300000, 0x000000008b400000|  0%| F|  |TAMS 0x000000008b300000, 0x000000008b300000| Untracked 
| 180|0x000000008b400000, 0x000000008b400000, 0x000000008b500000|  0%| F|  |TAMS 0x000000008b400000, 0x000000008b400000| Untracked 
| 181|0x000000008b500000, 0x000000008b500000, 0x000000008b600000|  0%| F|  |TAMS 0x000000008b500000, 0x000000008b500000| Untracked 
| 182|0x000000008b600000, 0x000000008b600000, 0x000000008b700000|  0%| F|  |TAMS 0x000000008b600000, 0x000000008b600000| Untracked 
| 183|0x000000008b700000, 0x000000008b700000, 0x000000008b800000|  0%| F|  |TAMS 0x000000008b700000, 0x000000008b700000| Untracked 
| 196|0x000000008c400000, 0x000000008c400000, 0x000000008c500000|  0%| F|  |TAMS 0x000000008c400000, 0x000000008c400000| Untracked 
| 197|0x000000008c500000, 0x000000008c500000, 0x000000008c600000|  0%| F|  |TAMS 0x000000008c500000, 0x000000008c500000| Untracked 
| 198|0x000000008c600000, 0x000000008c600000, 0x000000008c700000|  0%| F|  |TAMS 0x000000008c600000, 0x000000008c600000| Untracked 
| 199|0x000000008c700000, 0x000000008c700000, 0x000000008c800000|  0%| F|  |TAMS 0x000000008c700000, 0x000000008c700000| Untracked 
| 200|0x000000008c800000, 0x000000008c800000, 0x000000008c900000|  0%| F|  |TAMS 0x000000008c800000, 0x000000008c800000| Untracked 
| 201|0x000000008c900000, 0x000000008c900000, 0x000000008ca00000|  0%| F|  |TAMS 0x000000008c900000, 0x000000008c900000| Untracked 
| 202|0x000000008ca00000, 0x000000008ca00000, 0x000000008cb00000|  0%| F|  |TAMS 0x000000008ca00000, 0x000000008ca00000| Untracked 
| 203|0x000000008cb00000, 0x000000008cb00000, 0x000000008cc00000|  0%| F|  |TAMS 0x000000008cb00000, 0x000000008cb00000| Untracked 
| 204|0x000000008cc00000, 0x000000008cc00000, 0x000000008cd00000|  0%| F|  |TAMS 0x000000008cc00000, 0x000000008cc00000| Untracked 
| 252|0x000000008fc00000, 0x000000008fc00000, 0x000000008fd00000|  0%| F|  |TAMS 0x000000008fc00000, 0x000000008fc00000| Untracked 
| 253|0x000000008fd00000, 0x000000008fd00000, 0x000000008fe00000|  0%| F|  |TAMS 0x000000008fd00000, 0x000000008fd00000| Untracked 

Card table byte_map: [0x00000165b74e0000,0x00000165b78e0000] _byte_map_base: 0x00000165b70e0000

Marking Bits (Prev, Next): (CMBitMap*) 0x00000165a4c57f30, (CMBitMap*) 0x00000165a4c57f70
 Prev Bits: [0x00000165b7ce0000, 0x00000165b9ce0000)
 Next Bits: [0x00000165b9ce0000, 0x00000165bbce0000)

Polling page: 0x00000165a2be0000

Metaspace:

Usage:
  Non-class:     82.39 MB used.
      Class:     12.57 MB used.
       Both:     94.96 MB used.

Virtual space:
  Non-class space:      128.00 MB reserved,      82.69 MB ( 65%) committed,  2 nodes.
      Class space:        1.00 GB reserved,      12.81 MB (  1%) committed,  1 nodes.
             Both:        1.12 GB reserved,      95.50 MB (  8%) committed. 

Chunk freelists:
   Non-Class:  13.31 MB
       Class:  3.19 MB
        Both:  16.50 MB

MaxMetaspaceSize: unlimited
CompressedClassSpaceSize: 1.00 GB
Initial GC threshold: 21.00 MB
Current GC threshold: 148.38 MB
CDS: off
MetaspaceReclaimPolicy: balanced
 - commit_granule_bytes: 65536.
 - commit_granule_words: 8192.
 - virtual_space_node_default_size: 8388608.
 - enlarge_chunks_in_place: 1.
 - new_chunks_are_fully_committed: 0.
 - uncommit_free_chunks: 1.
 - use_allocation_guard: 0.
 - handle_deallocations: 1.


Internal statistics:

num_allocs_failed_limit: 6.
num_arena_births: 716.
num_arena_deaths: 0.
num_vsnodes_births: 3.
num_vsnodes_deaths: 0.
num_space_committed: 1526.
num_space_uncommitted: 0.
num_chunks_returned_to_freelist: 6.
num_chunks_taken_from_freelist: 3923.
num_chunk_merges: 6.
num_chunk_splits: 2955.
num_chunks_enlarged: 2381.
num_inconsistent_stats: 0.

CodeHeap 'non-profiled nmethods': size=120000Kb used=3677Kb max_used=3677Kb free=116322Kb
 bounds [0x00000165afbb0000, 0x00000165aff50000, 0x00000165b70e0000]
CodeHeap 'profiled nmethods': size=120000Kb used=13707Kb max_used=13707Kb free=106292Kb
 bounds [0x00000165a80e0000, 0x00000165a8e50000, 0x00000165af610000]
CodeHeap 'non-nmethods': size=5760Kb used=2462Kb max_used=2464Kb free=3297Kb
 bounds [0x00000165af610000, 0x00000165af880000, 0x00000165afbb0000]
 total_blobs=7592 nmethods=6597 adapters=907
 compilation: enabled
              stopped_count=0, restarted_count=0
 full_count=0

Compilation events (20 events):
Event: 7.912 Thread 0x00000165be3c2c80 7343       1       org.jetbrains.kotlin.cfg.pseudocode.PseudocodeImpl::getInstructions (5 bytes)
Event: 7.912 Thread 0x00000165be3c2c80 nmethod 7343 0x00000165aff46110 code [0x00000165aff462a0, 0x00000165aff46378]
Event: 7.913 Thread 0x00000165be3c2c80 7347       3       org.jetbrains.kotlin.com.intellij.openapi.util.Key::equals (11 bytes)
Event: 7.913 Thread 0x00000165be3c2c80 nmethod 7347 0x00000165a8e3da90 code [0x00000165a8e3dc20, 0x00000165a8e3dd98]
Event: 7.913 Thread 0x00000165be3c2c80 7348       3       org.jetbrains.kotlin.cfg.pseudocode.instructions.InstructionImpl::getOwner (9 bytes)
Event: 7.913 Thread 0x00000165be3c2c80 nmethod 7348 0x00000165a8e3de10 code [0x00000165a8e3e000, 0x00000165a8e3e548]
Event: 7.913 Thread 0x00000165be3c2c80 7350       3       org.jetbrains.kotlin.cli.jvm.compiler.CliBindingTrace::get (110 bytes)
Event: 7.914 Thread 0x00000165be3c2c80 nmethod 7350 0x00000165a8e3e790 code [0x00000165a8e3ebe0, 0x00000165a8e409e8]
Event: 7.914 Thread 0x00000165be3c2c80 7351       3       org.jetbrains.kotlin.resolve.BindingTraceContext::get (12 bytes)
Event: 7.915 Thread 0x00000165be3c2c80 nmethod 7351 0x00000165a8e41310 code [0x00000165a8e414c0, 0x00000165a8e41648]
Event: 7.915 Thread 0x00000165be3c2c80 7349       3       org.jetbrains.kotlin.com.intellij.psi.impl.source.tree.TreeElement::equals (11 bytes)
Event: 7.915 Thread 0x00000165be3c2c80 nmethod 7349 0x00000165a8e41790 code [0x00000165a8e41920, 0x00000165a8e41a98]
Event: 7.917 Thread 0x00000165be3c2c80 7352       3       org.jetbrains.kotlin.com.intellij.psi.impl.source.tree.LeafPsiElement::getPsi (2 bytes)
Event: 7.918 Thread 0x00000165be3c2c80 nmethod 7352 0x00000165a8e41b10 code [0x00000165a8e41ca0, 0x00000165a8e41db8]
Event: 7.918 Thread 0x00000165be3c2c80 7353       3       org.jetbrains.kotlin.com.intellij.psi.impl.source.tree.LeafPsiElement::getNextSibling (5 bytes)
Event: 7.918 Thread 0x00000165be3c2c80 nmethod 7353 0x00000165a8e41e90 code [0x00000165a8e42060, 0x00000165a8e42448]
Event: 7.921 Thread 0x00000165be3c2c80 7354       3       org.jetbrains.kotlin.com.intellij.extapi.psi.ASTDelegatePsiElement::getNextSibling (8 bytes)
Event: 7.922 Thread 0x00000165be3c2c80 nmethod 7354 0x00000165a8e42590 code [0x00000165a8e42780, 0x00000165a8e42ca8]
Event: 7.925 Thread 0x00000165c52b0ca0 7355       4       jdk.internal.org.objectweb.asm.MethodWriter::visitVarInsn (302 bytes)
Event: 7.933 Thread 0x00000165c52b0ca0 nmethod 7355 0x00000165aff46410 code [0x00000165aff465e0, 0x00000165aff471a8]

GC Heap History (20 events):
Event: 5.231 GC heap after
{Heap after GC invocations=22 (full 0):
 garbage-first heap   total 121856K, used 69828K [0x0000000080000000, 0x0000000100000000)
  region size 1024K, 3 young (3072K), 3 survivors (3072K)
 Metaspace       used 63437K, committed 64064K, reserved 1114112K
  class space    used 8973K, committed 9280K, reserved 1048576K
}
Event: 5.444 GC heap before
{Heap before GC invocations=23 (full 0):
 garbage-first heap   total 128000K, used 98500K [0x0000000080000000, 0x0000000100000000)
  region size 1024K, 31 young (31744K), 3 survivors (3072K)
 Metaspace       used 67734K, committed 68352K, reserved 1114112K
  class space    used 9487K, committed 9792K, reserved 1048576K
}
Event: 5.446 GC heap after
{Heap after GC invocations=24 (full 0):
 garbage-first heap   total 128000K, used 70393K [0x0000000080000000, 0x0000000100000000)
  region size 1024K, 2 young (2048K), 2 survivors (2048K)
 Metaspace       used 67734K, committed 68352K, reserved 1114112K
  class space    used 9487K, committed 9792K, reserved 1048576K
}
Event: 5.617 GC heap before
{Heap before GC invocations=24 (full 0):
 garbage-first heap   total 128000K, used 94969K [0x0000000080000000, 0x0000000100000000)
  region size 1024K, 27 young (27648K), 2 survivors (2048K)
 Metaspace       used 71588K, committed 72256K, reserved 1114112K
  class space    used 10004K, committed 10304K, reserved 1048576K
}
Event: 5.620 GC heap after
{Heap after GC invocations=25 (full 0):
 garbage-first heap   total 153600K, used 70996K [0x0000000080000000, 0x0000000100000000)
  region size 1024K, 3 young (3072K), 3 survivors (3072K)
 Metaspace       used 71588K, committed 72256K, reserved 1114112K
  class space    used 10004K, committed 10304K, reserved 1048576K
}
Event: 5.623 GC heap before
{Heap before GC invocations=25 (full 0):
 garbage-first heap   total 153600K, used 77140K [0x0000000080000000, 0x0000000100000000)
  region size 1024K, 3 young (3072K), 3 survivors (3072K)
 Metaspace       used 71588K, committed 72256K, reserved 1114112K
  class space    used 10004K, committed 10304K, reserved 1048576K
}
Event: 5.625 GC heap after
{Heap after GC invocations=26 (full 0):
 garbage-first heap   total 153600K, used 77230K [0x0000000080000000, 0x0000000100000000)
  region size 1024K, 3 young (3072K), 3 survivors (3072K)
 Metaspace       used 71588K, committed 72256K, reserved 1114112K
  class space    used 10004K, committed 10304K, reserved 1048576K
}
Event: 5.930 GC heap before
{Heap before GC invocations=27 (full 0):
 garbage-first heap   total 153600K, used 127406K [0x0000000080000000, 0x0000000100000000)
  region size 1024K, 51 young (52224K), 3 survivors (3072K)
 Metaspace       used 73157K, committed 73792K, reserved 1114112K
  class space    used 10194K, committed 10496K, reserved 1048576K
}
Event: 5.942 GC heap after
{Heap after GC invocations=28 (full 0):
 garbage-first heap   total 153600K, used 81359K [0x0000000080000000, 0x0000000100000000)
  region size 1024K, 7 young (7168K), 7 survivors (7168K)
 Metaspace       used 73157K, committed 73792K, reserved 1114112K
  class space    used 10194K, committed 10496K, reserved 1048576K
}
Event: 6.115 GC heap before
{Heap before GC invocations=28 (full 0):
 garbage-first heap   total 153600K, used 101839K [0x0000000080000000, 0x0000000100000000)
  region size 1024K, 28 young (28672K), 7 survivors (7168K)
 Metaspace       used 76062K, committed 76672K, reserved 1179648K
  class space    used 10521K, committed 10816K, reserved 1048576K
}
Event: 6.123 GC heap after
{Heap after GC invocations=29 (full 0):
 garbage-first heap   total 153600K, used 83238K [0x0000000080000000, 0x0000000100000000)
  region size 1024K, 2 young (2048K), 2 survivors (2048K)
 Metaspace       used 76062K, committed 76672K, reserved 1179648K
  class space    used 10521K, committed 10816K, reserved 1048576K
}
Event: 6.411 GC heap before
{Heap before GC invocations=30 (full 0):
 garbage-first heap   total 163840K, used 132390K [0x0000000080000000, 0x0000000100000000)
  region size 1024K, 43 young (44032K), 2 survivors (2048K)
 Metaspace       used 80635K, committed 81280K, reserved 1179648K
  class space    used 10958K, committed 11264K, reserved 1048576K
}
Event: 6.415 GC heap after
{Heap after GC invocations=31 (full 0):
 garbage-first heap   total 163840K, used 92956K [0x0000000080000000, 0x0000000100000000)
  region size 1024K, 4 young (4096K), 4 survivors (4096K)
 Metaspace       used 80635K, committed 81280K, reserved 1179648K
  class space    used 10958K, committed 11264K, reserved 1048576K
}
Event: 6.730 GC heap before
{Heap before GC invocations=31 (full 0):
 garbage-first heap   total 163840K, used 134940K [0x0000000080000000, 0x0000000100000000)
  region size 1024K, 45 young (46080K), 4 survivors (4096K)
 Metaspace       used 85786K, committed 86400K, reserved 1179648K
  class space    used 11542K, committed 11840K, reserved 1048576K
}
Event: 6.734 GC heap after
{Heap after GC invocations=32 (full 0):
 garbage-first heap   total 163840K, used 95055K [0x0000000080000000, 0x0000000100000000)
  region size 1024K, 5 young (5120K), 5 survivors (5120K)
 Metaspace       used 85786K, committed 86400K, reserved 1179648K
  class space    used 11542K, committed 11840K, reserved 1048576K
}
Event: 7.102 GC heap before
{Heap before GC invocations=33 (full 0):
 garbage-first heap   total 171008K, used 130895K [0x0000000080000000, 0x0000000100000000)
  region size 1024K, 41 young (41984K), 5 survivors (5120K)
 Metaspace       used 90425K, committed 91072K, reserved 1179648K
  class space    used 12138K, committed 12416K, reserved 1048576K
}
Event: 7.108 GC heap after
{Heap after GC invocations=34 (full 0):
 garbage-first heap   total 171008K, used 97586K [0x0000000080000000, 0x0000000100000000)
  region size 1024K, 5 young (5120K), 5 survivors (5120K)
 Metaspace       used 90425K, committed 91072K, reserved 1179648K
  class space    used 12138K, committed 12416K, reserved 1048576K
}
Event: 7.441 GC heap before
{Heap before GC invocations=35 (full 0):
 garbage-first heap   total 199680K, used 141618K [0x0000000080000000, 0x0000000100000000)
  region size 1024K, 47 young (48128K), 5 survivors (5120K)
 Metaspace       used 92379K, committed 92992K, reserved 1179648K
  class space    used 12355K, committed 12608K, reserved 1048576K
}
Event: 7.448 GC heap after
{Heap after GC invocations=36 (full 0):
 garbage-first heap   total 199680K, used 100141K [0x0000000080000000, 0x0000000100000000)
  region size 1024K, 5 young (5120K), 5 survivors (5120K)
 Metaspace       used 92379K, committed 92992K, reserved 1179648K
  class space    used 12355K, committed 12608K, reserved 1048576K
}
Event: 7.987 GC heap before
{Heap before GC invocations=36 (full 0):
 garbage-first heap   total 199680K, used 159533K [0x0000000080000000, 0x0000000100000000)
  region size 1024K, 63 young (64512K), 5 survivors (5120K)
 Metaspace       used 97241K, committed 97792K, reserved 1179648K
  class space    used 12871K, committed 13120K, reserved 1048576K
}

Dll operation events (3 events):
Event: 0.005 Loaded shared library C:\Program Files\Android\Android Studio\jbr\bin\java.dll
Event: 0.114 Loaded shared library C:\Program Files\Android\Android Studio\jbr\bin\zip.dll
Event: 0.417 Loaded shared library C:\Program Files\Android\Android Studio\jbr\bin\verify.dll

Deoptimization events (20 events):
Event: 7.849 Thread 0x00000165c52fb900 Uncommon trap: trap_request=0xffffffde fr.pc=0x00000165afef98e8 relative=0x00000000000001c8
Event: 7.849 Thread 0x00000165c52fb900 Uncommon trap: reason=class_check action=maybe_recompile pc=0x00000165afef98e8 method=org.jetbrains.kotlin.name.FqName.equals(Ljava/lang/Object;)Z @ 8 c2
Event: 7.849 Thread 0x00000165c52fb900 DEOPT PACKING pc=0x00000165afef98e8 sp=0x0000002a681f0800
Event: 7.849 Thread 0x00000165c52fb900 DEOPT UNPACKING pc=0x00000165af66a1a3 sp=0x0000002a681f0788 mode 2
Event: 7.855 Thread 0x00000165c52fb900 Uncommon trap: trap_request=0xffffffde fr.pc=0x00000165afef98e8 relative=0x00000000000001c8
Event: 7.855 Thread 0x00000165c52fb900 Uncommon trap: reason=class_check action=maybe_recompile pc=0x00000165afef98e8 method=org.jetbrains.kotlin.name.FqName.equals(Ljava/lang/Object;)Z @ 8 c2
Event: 7.855 Thread 0x00000165c52fb900 DEOPT PACKING pc=0x00000165afef98e8 sp=0x0000002a681efbe0
Event: 7.855 Thread 0x00000165c52fb900 DEOPT UNPACKING pc=0x00000165af66a1a3 sp=0x0000002a681efb68 mode 2
Event: 7.855 Thread 0x00000165c52fb900 Uncommon trap: trap_request=0xffffffde fr.pc=0x00000165afef98e8 relative=0x00000000000001c8
Event: 7.855 Thread 0x00000165c52fb900 Uncommon trap: reason=class_check action=maybe_recompile pc=0x00000165afef98e8 method=org.jetbrains.kotlin.name.FqName.equals(Ljava/lang/Object;)Z @ 8 c2
Event: 7.855 Thread 0x00000165c52fb900 DEOPT PACKING pc=0x00000165afef98e8 sp=0x0000002a681efb50
Event: 7.855 Thread 0x00000165c52fb900 DEOPT UNPACKING pc=0x00000165af66a1a3 sp=0x0000002a681efad8 mode 2
Event: 7.909 Thread 0x00000165c52fb900 Uncommon trap: trap_request=0xffffffc6 fr.pc=0x00000165afd18098 relative=0x0000000000000078
Event: 7.909 Thread 0x00000165c52fb900 Uncommon trap: reason=bimorphic_or_optimized_type_check action=maybe_recompile pc=0x00000165afd18098 method=java.util.Collections$UnmodifiableCollection.size()I @ 4 c2
Event: 7.909 Thread 0x00000165c52fb900 DEOPT PACKING pc=0x00000165afd18098 sp=0x0000002a681f1d30
Event: 7.909 Thread 0x00000165c52fb900 DEOPT UNPACKING pc=0x00000165af66a1a3 sp=0x0000002a681f1cb8 mode 2
Event: 7.909 Thread 0x00000165c52fb900 Uncommon trap: trap_request=0xffffffc6 fr.pc=0x00000165afd18098 relative=0x0000000000000078
Event: 7.909 Thread 0x00000165c52fb900 Uncommon trap: reason=bimorphic_or_optimized_type_check action=maybe_recompile pc=0x00000165afd18098 method=java.util.Collections$UnmodifiableCollection.size()I @ 4 c2
Event: 7.909 Thread 0x00000165c52fb900 DEOPT PACKING pc=0x00000165afd18098 sp=0x0000002a681f1d30
Event: 7.909 Thread 0x00000165c52fb900 DEOPT UNPACKING pc=0x00000165af66a1a3 sp=0x0000002a681f1cb8 mode 2

Classes unloaded (0 events):
No events

Classes redefined (0 events):
No events

Internal exceptions (20 events):
Event: 5.011 Thread 0x00000165c52fb900 Implicit null exception at 0x00000165afbec6f2 to 0x00000165afbecd30
Event: 5.060 Thread 0x00000165c52fb900 Implicit null exception at 0x00000165afc0d6f2 to 0x00000165afc0dd48
Event: 5.164 Thread 0x00000165c52fb900 Exception <a 'sun/nio/fs/WindowsException'{0x0000000086457560}> (0x0000000086457560) 
thrown [s\src\hotspot\share\prims\jni.cpp, line 531]
Event: 5.164 Thread 0x00000165c52fb900 Exception <a 'sun/nio/fs/WindowsException'{0x0000000086459318}> (0x0000000086459318) 
thrown [s\src\hotspot\share\prims\jni.cpp, line 531]
Event: 5.246 Thread 0x00000165c52fb900 Exception <a 'java/lang/NoSuchMethodError'{0x000000008fcddb80}: 'long java.lang.invoke.DirectMethodHandle$Holder.invokeStatic(java.lang.Object)'> (0x000000008fcddb80) 
thrown [s\src\hotspot\share\interpreter\linkResolver.cpp, line 771]
Event: 5.246 Thread 0x00000165c52fb900 Exception <a 'java/lang/NoSuchMethodError'{0x000000008fce2768}: 'long java.lang.invoke.DirectMethodHandle$Holder.invokeStaticInit(java.lang.Object)'> (0x000000008fce2768) 
thrown [s\src\hotspot\share\interpreter\linkResolver.cpp, line 771]
Event: 5.286 Thread 0x00000165c52fb900 Exception <a 'java/lang/NoSuchMethodError'{0x000000008c729870}: 'long java.lang.invoke.Invokers$Holder.invoke_MT(java.lang.Object, java.lang.Object, java.lang.Object, java.lang.Object)'> (0x000000008c729870) 
thrown [s\src\hotspot\share\interpreter\linkResolver.cpp, line 771]
Event: 5.287 Thread 0x00000165c52fb900 Exception <a 'java/lang/NoSuchMethodError'{0x000000008c732c18}: 'int java.lang.invoke.Invokers$Holder.invoke_MT(java.lang.Object, java.lang.Object, java.lang.Object, java.lang.Object)'> (0x000000008c732c18) 
thrown [s\src\hotspot\share\interpreter\linkResolver.cpp, line 771]
Event: 5.288 Thread 0x00000165c52fb900 Exception <a 'java/lang/NoSuchMethodError'{0x000000008c7434d0}: 'void java.lang.invoke.DelegatingMethodHandle$Holder.reinvoke_L(java.lang.Object, java.lang.Object, java.lang.Object, long, java.lang.Object)'> (0x000000008c7434d0) 
thrown [s\src\hotspot\share\interpreter\linkResolver.cpp, line 771]
Event: 5.288 Thread 0x00000165c52fb900 Exception <a 'java/lang/NoSuchMethodError'{0x000000008c74be00}: 'java.lang.Object java.lang.invoke.DirectMethodHandle$Holder.invokeSpecial(java.lang.Object, java.lang.Object, java.lang.Object, java.lang.Object, long)'> (0x000000008c74be00) 
thrown [s\src\hotspot\share\interpreter\linkResolver.cpp, line 771]
Event: 5.289 Thread 0x00000165c52fb900 Exception <a 'java/lang/NoSuchMethodError'{0x000000008c75c878}: 'int java.lang.invoke.DelegatingMethodHandle$Holder.reinvoke_L(java.lang.Object, java.lang.Object, java.lang.Object, long, java.lang.Object, java.lang.Object)'> (0x000000008c75c878) 
thrown [s\src\hotspot\share\interpreter\linkResolver.cpp, line 771]
Event: 5.290 Thread 0x00000165c52fb900 Exception <a 'java/lang/NoSuchMethodError'{0x000000008c76c948}: 'int java.lang.invoke.DelegatingMethodHandle$Holder.reinvoke_L(java.lang.Object, java.lang.Object, java.lang.Object, long, int, int)'> (0x000000008c76c948) 
thrown [s\src\hotspot\share\interpreter\linkResolver.cpp, line 771]
Event: 5.290 Thread 0x00000165c52fb900 Exception <a 'java/lang/NoSuchMethodError'{0x000000008c77c7c0}: 'int java.lang.invoke.DelegatingMethodHandle$Holder.reinvoke_L(java.lang.Object, java.lang.Object, java.lang.Object, long, long, long)'> (0x000000008c77c7c0) 
thrown [s\src\hotspot\share\interpreter\linkResolver.cpp, line 771]
Event: 5.295 Thread 0x00000165c52fb900 Exception <a 'java/lang/NoSuchMethodError'{0x000000008c78ccb8}: 'int java.lang.invoke.DelegatingMethodHandle$Holder.reinvoke_L(java.lang.Object, java.lang.Object, java.lang.Object, long, int)'> (0x000000008c78ccb8) 
thrown [s\src\hotspot\share\interpreter\linkResolver.cpp, line 771]
Event: 5.483 Thread 0x00000165c52fb900 Exception <a 'java/lang/NoSuchMethodError'{0x000000008c8856a8}: 'void java.lang.invoke.DirectMethodHandle$Holder.invokeVirtual(java.lang.Object, java.lang.Object)'> (0x000000008c8856a8) 
thrown [s\src\hotspot\share\interpreter\linkResolver.cpp, line 771]
Event: 5.586 Thread 0x00000165c52fb900 Exception <a 'java/lang/NoSuchMethodError'{0x00000000868c1970}: 'java.lang.Object java.lang.invoke.Invokers$Holder.invokeExact_MT(java.lang.Object, java.lang.Object, long, java.lang.Object)'> (0x00000000868c1970) 
thrown [s\src\hotspot\share\interpreter\linkResolver.cpp, line 771]
Event: 5.606 Thread 0x00000165c52fb900 Exception <a 'java/lang/NoSuchMethodError'{0x00000000865346f8}: 'java.lang.Object java.lang.invoke.Invokers$Holder.invoke_MT(java.lang.Object, java.lang.Object, java.lang.Object)'> (0x00000000865346f8) 
thrown [s\src\hotspot\share\interpreter\linkResolver.cpp, line 771]
Event: 5.800 Thread 0x00000165c52fb900 Implicit null exception at 0x00000165afd45fa4 to 0x00000165afd47840
Event: 5.800 Thread 0x00000165c52fb900 Implicit null exception at 0x00000165afc41776 to 0x00000165afc42738
Event: 6.982 Thread 0x00000165c52fb900 Exception <a 'java/lang/NoSuchMethodError'{0x0000000088f52428}: 'java.lang.Object java.lang.invoke.DirectMethodHandle$Holder.invokeStatic(java.lang.Object, java.lang.Object, java.lang.Object, java.lang.Object, int)'> (0x0000000088f52428) 
thrown [s\src\hotspot\share\interpreter\linkResolver.cpp, line 771]

VM Operations (20 events):
Event: 6.808 Executing VM operation: G1PauseRemark done
Event: 6.838 Executing VM operation: G1PauseCleanup
Event: 6.839 Executing VM operation: G1PauseCleanup done
Event: 7.022 Executing VM operation: HandshakeAllThreads
Event: 7.022 Executing VM operation: HandshakeAllThreads done
Event: 7.102 Executing VM operation: G1TryInitiateConcMark
Event: 7.108 Executing VM operation: G1TryInitiateConcMark done
Event: 7.189 Executing VM operation: G1PauseRemark
Event: 7.193 Executing VM operation: G1PauseRemark done
Event: 7.226 Executing VM operation: G1PauseCleanup
Event: 7.227 Executing VM operation: G1PauseCleanup done
Event: 7.441 Executing VM operation: G1CollectForAllocation
Event: 7.448 Executing VM operation: G1CollectForAllocation done
Event: 7.451 Executing VM operation: HandshakeAllThreads
Event: 7.451 Executing VM operation: HandshakeAllThreads done
Event: 7.614 Executing VM operation: ICBufferFull
Event: 7.614 Executing VM operation: ICBufferFull done
Event: 7.866 Executing VM operation: ICBufferFull
Event: 7.866 Executing VM operation: ICBufferFull done
Event: 7.987 Executing VM operation: G1CollectForAllocation

Events (20 events):
Event: 5.833 loading class java/nio/channels/Channels$ReadableByteChannelImpl done
Event: 5.833 loading class java/nio/channels/NonWritableChannelException
Event: 5.833 loading class java/nio/channels/NonWritableChannelException done
Event: 6.710 loading class java/text/StringCharacterIterator
Event: 6.710 loading class java/text/CharacterIterator
Event: 6.710 loading class java/text/CharacterIterator done
Event: 6.710 loading class java/text/StringCharacterIterator done
Event: 6.744 loading class java/io/NotSerializableException
Event: 6.744 loading class java/io/NotSerializableException done
Event: 6.764 loading class java/util/AbstractList$ListItr
Event: 6.764 loading class java/util/AbstractList$ListItr done
Event: 6.938 loading class java/util/function/IntUnaryOperator
Event: 6.938 loading class java/util/function/IntUnaryOperator done
Event: 6.964 loading class java/util/AbstractList$SubList
Event: 6.964 loading class java/util/AbstractList$SubList done
Event: 6.964 loading class java/util/AbstractList$SubList$1
Event: 6.964 loading class java/util/AbstractList$SubList$1 done
Event: 7.453 Thread 0x00000165be4325f0 flushing nmethod 0x00000165a8260790
Event: 7.660 loading class java/util/AbstractList$RandomAccessSubList
Event: 7.660 loading class java/util/AbstractList$RandomAccessSubList done


Dynamic libraries:
0x00007ff7b9fc0000 - 0x00007ff7b9fca000 	C:\Program Files\Android\Android Studio\jbr\bin\java.exe
0x00007ffd83740000 - 0x00007ffd83949000 	C:\Windows\SYSTEM32\ntdll.dll
0x00007ffd82460000 - 0x00007ffd8251d000 	C:\Windows\System32\KERNEL32.DLL
0x00007ffd80e90000 - 0x00007ffd81214000 	C:\Windows\System32\KERNELBASE.dll
0x00007ffd80d70000 - 0x00007ffd80e81000 	C:\Windows\System32\ucrtbase.dll
0x00007ffd69eb0000 - 0x00007ffd69ec7000 	C:\Program Files\Android\Android Studio\jbr\bin\jli.dll
0x00007ffd635a0000 - 0x00007ffd635bb000 	C:\Program Files\Android\Android Studio\jbr\bin\VCRUNTIME140.dll
0x00007ffd82530000 - 0x00007ffd826dd000 	C:\Windows\System32\USER32.dll
0x00007ffd6a980000 - 0x00007ffd6ac25000 	C:\Windows\WinSxS\amd64_microsoft.windows.common-controls_6595b64144ccf1df_6.0.22000.120_none_9d947278b86cc467\COMCTL32.dll
0x00007ffd81390000 - 0x00007ffd813b6000 	C:\Windows\System32\win32u.dll
0x00007ffd83650000 - 0x00007ffd836f3000 	C:\Windows\System32\msvcrt.dll
0x00007ffd82ea0000 - 0x00007ffd82eca000 	C:\Windows\System32\GDI32.dll
0x00007ffd80bd0000 - 0x00007ffd80cee000 	C:\Windows\System32\gdi32full.dll
0x00007ffd814f0000 - 0x00007ffd8158d000 	C:\Windows\System32\msvcp_win.dll
0x00007ffd82e60000 - 0x00007ffd82e91000 	C:\Windows\System32\IMM32.DLL
0x00007ffd69d60000 - 0x00007ffd69d6c000 	C:\Program Files\Android\Android Studio\jbr\bin\vcruntime140_1.dll
0x00007ffd5a1a0000 - 0x00007ffd5a22d000 	C:\Program Files\Android\Android Studio\jbr\bin\msvcp140.dll
0x00007ffd1ebb0000 - 0x00007ffd1f833000 	C:\Program Files\Android\Android Studio\jbr\bin\server\jvm.dll
0x00007ffd82a50000 - 0x00007ffd82afe000 	C:\Windows\System32\ADVAPI32.dll
0x00007ffd82b00000 - 0x00007ffd82b9e000 	C:\Windows\System32\sechost.dll
0x00007ffd81660000 - 0x00007ffd81781000 	C:\Windows\System32\RPCRT4.dll
0x00007ffd7f9e0000 - 0x00007ffd7fa2d000 	C:\Windows\SYSTEM32\POWRPROF.dll
0x00007ffd79e70000 - 0x00007ffd79e79000 	C:\Windows\SYSTEM32\WSOCK32.dll
0x00007ffd823f0000 - 0x00007ffd8245f000 	C:\Windows\System32\WS2_32.dll
0x00007ffd704f0000 - 0x00007ffd70523000 	C:\Windows\SYSTEM32\WINMM.dll
0x00007ffd74300000 - 0x00007ffd7430a000 	C:\Windows\SYSTEM32\VERSION.dll
0x00007ffd7f960000 - 0x00007ffd7f973000 	C:\Windows\SYSTEM32\UMPDC.dll
0x00007ffd7fd30000 - 0x00007ffd7fd48000 	C:\Windows\SYSTEM32\kernel.appcore.dll
0x00007ffd79e60000 - 0x00007ffd79e6a000 	C:\Program Files\Android\Android Studio\jbr\bin\jimage.dll
0x00007ffd7ded0000 - 0x00007ffd7e0f1000 	C:\Windows\SYSTEM32\DBGHELP.DLL
0x00007ffd68cd0000 - 0x00007ffd68d01000 	C:\Windows\SYSTEM32\dbgcore.DLL
0x00007ffd80cf0000 - 0x00007ffd80d6f000 	C:\Windows\System32\bcryptPrimitives.dll
0x00007ffd6ad20000 - 0x00007ffd6ad2e000 	C:\Program Files\Android\Android Studio\jbr\bin\instrument.dll
0x00007ffd71410000 - 0x00007ffd71435000 	C:\Program Files\Android\Android Studio\jbr\bin\java.dll
0x00007ffd79990000 - 0x00007ffd799a8000 	C:\Program Files\Android\Android Studio\jbr\bin\zip.dll
0x00007ffd81790000 - 0x00007ffd81f55000 	C:\Windows\System32\SHELL32.dll
0x00007ffd7ec70000 - 0x00007ffd7f4d2000 	C:\Windows\SYSTEM32\windows.storage.dll
0x00007ffd82ed0000 - 0x00007ffd83246000 	C:\Windows\System32\combase.dll
0x00007ffd7eb00000 - 0x00007ffd7ec67000 	C:\Windows\SYSTEM32\wintypes.dll
0x00007ffd827c0000 - 0x00007ffd828aa000 	C:\Windows\System32\SHCORE.dll
0x00007ffd82de0000 - 0x00007ffd82e3d000 	C:\Windows\System32\shlwapi.dll
0x00007ffd80b00000 - 0x00007ffd80b25000 	C:\Windows\SYSTEM32\profapi.dll
0x00007ffd798d0000 - 0x00007ffd798e9000 	C:\Program Files\Android\Android Studio\jbr\bin\net.dll
0x00007ffd764c0000 - 0x00007ffd765d4000 	C:\Windows\SYSTEM32\WINHTTP.dll
0x00007ffd801e0000 - 0x00007ffd80247000 	C:\Windows\system32\mswsock.dll
0x00007ffd72ff0000 - 0x00007ffd73006000 	C:\Program Files\Android\Android Studio\jbr\bin\nio.dll
0x00007ffd794e0000 - 0x00007ffd794f0000 	C:\Program Files\Android\Android Studio\jbr\bin\verify.dll
0x00007ffd694e0000 - 0x00007ffd69507000 	C:\Users\Acer\.gradle\native\c067742578af261105cb4f569cf0c3c89f3d7b1fecec35dd04571415982c5e48\windows-amd64\native-platform.dll
0x00007ffd5a050000 - 0x00007ffd5a194000 	C:\Users\Acer\.gradle\native\38dada09dfb8b06ba9b0570ebf7e218e3eb74d4ef43ca46872605cf95ebc2f47\windows-amd64\native-platform-file-events.dll
0x00007ffd70570000 - 0x00007ffd70579000 	C:\Program Files\Android\Android Studio\jbr\bin\management.dll
0x00007ffd6ad30000 - 0x00007ffd6ad3b000 	C:\Program Files\Android\Android Studio\jbr\bin\management_ext.dll
0x00007ffd81f60000 - 0x00007ffd81f68000 	C:\Windows\System32\PSAPI.DLL
0x00007ffd80420000 - 0x00007ffd80438000 	C:\Windows\SYSTEM32\CRYPTSP.dll
0x00007ffd7fc70000 - 0x00007ffd7fca5000 	C:\Windows\system32\rsaenh.dll
0x00007ffd802d0000 - 0x00007ffd802fc000 	C:\Windows\SYSTEM32\USERENV.dll
0x00007ffd805a0000 - 0x00007ffd805c7000 	C:\Windows\SYSTEM32\bcrypt.dll
0x00007ffd80440000 - 0x00007ffd8044c000 	C:\Windows\SYSTEM32\CRYPTBASE.dll
0x00007ffd7f7e0000 - 0x00007ffd7f80d000 	C:\Windows\SYSTEM32\IPHLPAPI.DLL
0x00007ffd82c10000 - 0x00007ffd82c19000 	C:\Windows\System32\NSI.dll
0x00007ffd76480000 - 0x00007ffd76499000 	C:\Windows\SYSTEM32\dhcpcsvc6.DLL
0x00007ffd76830000 - 0x00007ffd7684e000 	C:\Windows\SYSTEM32\dhcpcsvc.DLL
0x00007ffd7f810000 - 0x00007ffd7f8f7000 	C:\Windows\SYSTEM32\DNSAPI.dll
0x00007ffd79900000 - 0x00007ffd79909000 	C:\Program Files\Android\Android Studio\jbr\bin\extnet.dll
0x00007ffd79c60000 - 0x00007ffd79c68000 	C:\Windows\system32\wshunix.dll

dbghelp: loaded successfully - version: 4.0.5 - missing functions: none
symbol engine: initialized successfully - sym options: 0x614 - pdb path: .;C:\Program Files\Android\Android Studio\jbr\bin;C:\Windows\SYSTEM32;C:\Windows\WinSxS\amd64_microsoft.windows.common-controls_6595b64144ccf1df_6.0.22000.120_none_9d947278b86cc467;C:\Program Files\Android\Android Studio\jbr\bin\server;C:\Users\Acer\.gradle\native\c067742578af261105cb4f569cf0c3c89f3d7b1fecec35dd04571415982c5e48\windows-amd64;C:\Users\Acer\.gradle\native\38dada09dfb8b06ba9b0570ebf7e218e3eb74d4ef43ca46872605cf95ebc2f47\windows-amd64

VM Arguments:
jvm_args: --add-opens=java.base/java.util=ALL-UNNAMED --add-opens=java.base/java.lang=ALL-UNNAMED --add-opens=java.base/java.lang.invoke=ALL-UNNAMED --add-opens=java.prefs/java.util.prefs=ALL-UNNAMED --add-opens=java.base/java.nio.charset=ALL-UNNAMED --add-opens=java.base/java.net=ALL-UNNAMED --add-opens=java.base/java.util.concurrent.atomic=ALL-UNNAMED -Xmx2048m -Dfile.encoding=UTF-8 -Duser.country=CA -Duser.language=en -Duser.variant -javaagent:C:\Users\Acer\.gradle\wrapper\dists\gradle-8.7-bin\bhs2wmbdwecv87pi65oeuq5iu\gradle-8.7\lib\agents\gradle-instrumentation-agent-8.7.jar 
java_command: org.gradle.launcher.daemon.bootstrap.GradleDaemon 8.7
java_class_path (initial): C:\Users\Acer\.gradle\wrapper\dists\gradle-8.7-bin\bhs2wmbdwecv87pi65oeuq5iu\gradle-8.7\lib\gradle-launcher-8.7.jar
Launcher Type: SUN_STANDARD

[Global flags]
     intx CICompilerCount                          = 3                                         {product} {ergonomic}
     uint ConcGCThreads                            = 1                                         {product} {ergonomic}
     uint G1ConcRefinementThreads                  = 4                                         {product} {ergonomic}
   size_t G1HeapRegionSize                         = 1048576                                   {product} {ergonomic}
    uintx GCDrainStackTargetSize                   = 64                                        {product} {ergonomic}
   size_t InitialHeapSize                          = 266338304                                 {product} {ergonomic}
   size_t MarkStackSize                            = 4194304                                   {product} {ergonomic}
   size_t MaxHeapSize                              = 2147483648                                {product} {command line}
   size_t MaxNewSize                               = 1287651328                                {product} {ergonomic}
   size_t MinHeapDeltaBytes                        = 1048576                                   {product} {ergonomic}
   size_t MinHeapSize                              = 8388608                                   {product} {ergonomic}
    uintx NonNMethodCodeHeapSize                   = 5832780                                {pd product} {ergonomic}
    uintx NonProfiledCodeHeapSize                  = 122912730                              {pd product} {ergonomic}
    uintx ProfiledCodeHeapSize                     = 122912730                              {pd product} {ergonomic}
    uintx ReservedCodeCacheSize                    = 251658240                              {pd product} {ergonomic}
     bool SegmentedCodeCache                       = true                                      {product} {ergonomic}
   size_t SoftMaxHeapSize                          = 2147483648                             {manageable} {ergonomic}
     bool UseCompressedClassPointers               = true                           {product lp64_product} {ergonomic}
     bool UseCompressedOops                        = true                           {product lp64_product} {ergonomic}
     bool UseG1GC                                  = true                                      {product} {ergonomic}
     bool UseLargePagesIndividualAllocation        = false                                  {pd product} {ergonomic}

Logging:
Log output configuration:
 #0: stdout all=warning uptime,level,tags
 #1: stderr all=off uptime,level,tags

Environment Variables:
PATH=C:\Windows\system32;C:\Windows;C:\Windows\System32\Wbem;C:\Windows\System32\WindowsPowerShell\v1.0\;C:\Windows\System32\OpenSSH\;C:\Program Files\dotnet\;C:\ProgramData\chocolatey\bin;C:\Program Files\Microsoft SQL Server\Client SDK\ODBC\170\Tools\Binn\;C:\Program Files (x86)\Microsoft SQL Server\160\Tools\Binn\;C:\Program Files\Microsoft SQL Server\160\Tools\Binn\;C:\Program Files\Microsoft SQL Server\160\DTS\Binn\;C:\Program Files (x86)\Microsoft SQL Server\160\DTS\Binn\;C:\Program Files\MySQL\MySQL Server 8.0\bin;C:\Program Files\MongoDB\Server\7.0\bin;C:\Program Files\Microsoft SQL Server\150\Tools\Binn\;C:\Program Files (x86)\Windows Kits\10\Windows Performance Toolkit\;C:\Users\Acer\AppData\Local\Programs\Python\Python39\;C:\Program Files\nodejs\;C:\Program Files\Git\cmd;C:\Program Files\PowerShell\7\;C:\Users\Acer\AppData\Local\Programs\Python\Python312\Scripts\;C:\Users\Acer\AppData\Local\Programs\Python\Python312\;C:\Program Files\MySQL\MySQL Shell 8.0\bin\;C:\Program Files\jdk-11.0.1\bin;C:\Program Files\JetBrains\IntelliJ IDEA Community Edition 2022.3.1\bin;C:\Users\Acer\.dotnet\tools;C:\Users\Acer\AppData\Local\Programs\Microsoft VS Code\bin;C:\Program Files\Azure Data Studio\bin;C:\Users\Acer\.dotnet\tools;C:\Program Files\mongosh\;C:\Program Files\Python312\;C:\Program Files\Python312\Scripts;C:\Users\Acer\AppData\Local\GitHubDesktop\bin;C:\Users\Acer\.dotnet\tools;C:\Users\Acer\AppData\Local\Programs\Python\Python39\;C:\Users\Acer\AppData\Local\Programs\Python\Python39\Scripts\;C:\Users\Acer\AppData\Local\Microsoft\WindowsApps;C:\Users\Acer\AppData\Roaming\npm
USERNAME=Acer
OS=Windows_NT
PROCESSOR_IDENTIFIER=Intel64 Family 6 Model 140 Stepping 1, GenuineIntel
TMP=C:\Users\Acer\AppData\Local\Temp
TEMP=C:\Users\Acer\AppData\Local\Temp



Periodic native trim disabled

JNI global refs:
JNI global refs: 25, weak refs: 0

JNI global refs memory usage: 843, weak refs: 841

Process memory usage:
Resident Set Size: 446200K (2% of 16551224K total physical memory with 1150672K free physical memory)

OOME stack traces (most recent first):
Classloader memory used:
Loader org.gradle.internal.classloader.VisitableURLClassLoader                         : 8580K
Loader bootstrap                                                                       : 2479K
Loader org.gradle.initialization.MixInLegacyTypesClassLoader                           : 769K
Loader org.gradle.internal.classloader.VisitableURLClassLoader                         : 79675B
Loader org.gradle.internal.classloader.VisitableURLClassLoader$InstrumentingVisitableURLClassLoader: 74378B
Loader jdk.internal.loader.ClassLoaders$PlatformClassLoader                            : 66672B
Loader jdk.internal.jrtfs.JrtFileSystemProvider$JrtFsLoader                            : 40461B
Loader jdk.internal.loader.ClassLoaders$AppClassLoader                                 : 28747B
Loader jdk.internal.reflect.DelegatingClassLoader                                      : 27203B
Loader org.gradle.groovy.scripts.internal.DefaultScriptCompilationHandler$ScriptClassLoader: 10678B
Loader org.codehaus.groovy.runtime.callsite.CallSiteClassLoader                        : 5853B

Classes loaded by more than one classloader:
Class org.gradle.api.GradleException                                                  : loaded 3 times (x 80B)
Class org.gradle.util.GradleVersion                                                   : loaded 2 times (x 81B)
Class org.jetbrains.plugins.gradle.model.MavenRepositoryModel                         : loaded 2 times (x 68B)
Class org.gradle.internal.classpath.ClassPath                                         : loaded 2 times (x 68B)
Class org.gradle.api.internal.classpath.DefaultModuleRegistry                         : loaded 2 times (x 84B)
Class org.gradle.internal.exceptions.NonGradleCauseExceptionsHolder                   : loaded 2 times (x 68B)
Class jdk.internal.jimage.BasicImageReader$1                                          : loaded 2 times (x 75B)
Class org.gradle.api.Action                                                           : loaded 2 times (x 68B)
Class jdk.internal.jimage.ImageBufferCache$1                                          : loaded 2 times (x 78B)
Class jdk.internal.jimage.ImageBufferCache$2                                          : loaded 2 times (x 89B)
Class org.gradle.api.internal.DefaultClassPathProvider                                : loaded 2 times (x 74B)
Class org.gradle.internal.installation.GradleInstallation$1                           : loaded 2 times (x 73B)
Class jdk.internal.jrtfs.SystemImage$1                                                : loaded 2 times (x 76B)
Class jdk.internal.jrtfs.SystemImage$2                                                : loaded 2 times (x 74B)
Class org.gradle.internal.exceptions.DefaultMultiCauseException                       : loaded 2 times (x 93B)
Class org.gradle.internal.time.MonotonicClock                                         : loaded 2 times (x 75B)
Class org.gradle.internal.classloader.FilteringClassLoader                            : loaded 2 times (x 103B)
Class jdk.internal.jimage.ImageReader$Resource                                        : loaded 2 times (x 82B)
Class jdk.internal.jrtfs.SystemImage                                                  : loaded 2 times (x 72B)
Class org.gradle.internal.classpath.DefaultClassPath$ImmutableUniqueList$Builder      : loaded 2 times (x 73B)
Class jdk.internal.jrtfs.JrtDirectoryStream$1                                         : loaded 2 times (x 81B)
Class org.gradle.internal.classloader.ClassLoaderVisitor                              : loaded 2 times (x 74B)
Class sync_studio_tooling4_dnkyz8ugkn5oet7zja7p3a7go$_run_closure1                    : loaded 2 times (x 137B)
Class org.gradle.internal.time.DefaultCountdownTimer                                  : loaded 2 times (x 86B)
Class org.gradle.internal.service.DefaultServiceLocator                               : loaded 2 times (x 81B)
Class org.gradle.internal.service.UnknownServiceException                             : loaded 2 times (x 81B)
Class org.gradle.internal.classloader.DefaultClassLoaderFactory                       : loaded 2 times (x 80B)
Class jdk.internal.jimage.ImageReader$SharedImageReader                               : loaded 2 times (x 93B)
Class jdk.internal.jimage.decompressor.ZipDecompressorFactory                         : loaded 2 times (x 72B)
Class org.gradle.internal.classloader.VisitableURLClassLoader$Spec                    : loaded 2 times (x 72B)
Class org.gradle.tooling.model.ProjectModel                                           : loaded 2 times (x 68B)
Class org.gradle.internal.installation.GradleInstallation                             : loaded 2 times (x 73B)
Class org.gradle.api.internal.classpath.ModuleRegistry                                : loaded 2 times (x 68B)
Class org.jetbrains.plugins.gradle.model.RepositoriesModel                            : loaded 2 times (x 68B)
Class kotlin.jvm.internal.markers.KMappedMarker                                       : loaded 2 times (x 68B)
Class org.gradle.api.internal.ClassPathProvider                                       : loaded 2 times (x 68B)
Class org.gradle.internal.classloader.ClasspathUtil$1                                 : loaded 2 times (x 74B)
Class org.gradle.internal.classloader.ClassLoaderFactory                              : loaded 2 times (x 68B)
Class jdk.internal.jimage.ImageHeader                                                 : loaded 2 times (x 69B)
Class org.gradle.api.internal.classpath.ManifestUtil                                  : loaded 2 times (x 69B)
Class org.gradle.api.specs.Spec                                                       : loaded 2 times (x 68B)
Class sync_studio_tooling4_dnkyz8ugkn5oet7zja7p3a7go                                  : loaded 2 times (x 177B)
Class org.gradle.internal.IoActions                                                   : loaded 2 times (x 69B)
Class jdk.internal.jimage.decompressor.StringSharingDecompressorFactory               : loaded 2 times (x 72B)
Class org.gradle.api.internal.classpath.EffectiveClassPath                            : loaded 2 times (x 88B)
Class kotlin.jvm.internal.DefaultConstructorMarker                                    : loaded 2 times (x 69B)
Class org.gradle.internal.exceptions.ResolutionProvider                               : loaded 2 times (x 68B)
Class org.gradle.internal.installation.CurrentGradleInstallation                      : loaded 2 times (x 71B)
Class org.gradle.internal.agents.InstrumentingClassLoader                             : loaded 2 times (x 68B)
Class org.gradle.internal.installation.CurrentGradleInstallationLocator               : loaded 2 times (x 69B)
Class org.gradle.api.internal.classpath.Module                                        : loaded 2 times (x 68B)
Class org.gradle.internal.service.CachingServiceLocator                               : loaded 2 times (x 80B)
Class org.gradle.internal.time.Timer                                                  : loaded 2 times (x 68B)
Class org.gradle.internal.classpath.DefaultClassPath                                  : loaded 2 times (x 88B)
Class jdk.internal.jimage.BasicImageReader                                            : loaded 2 times (x 93B)
Class jdk.internal.jimage.ImageLocation                                               : loaded 2 times (x 88B)
Class kotlin.jvm.functions.Function1                                                  : loaded 2 times (x 68B)
Class jdk.internal.jimage.ImageReader$Node                                            : loaded 2 times (x 82B)
Class org.gradle.internal.time.Time                                                   : loaded 2 times (x 69B)
Class jdk.internal.jimage.decompressor.CompressedResourceHeader                       : loaded 2 times (x 69B)
Class org.gradle.internal.time.TimeSource$1                                           : loaded 2 times (x 75B)
Class jdk.internal.jrtfs.JrtPath                                                      : loaded 2 times (x 116B)
Class jdk.internal.jimage.ImageStrings                                                : loaded 2 times (x 68B)
Class jdk.internal.jrtfs.JrtFileAttributes                                            : loaded 2 times (x 81B)
Class org.gradle.internal.classloader.SystemClassLoaderSpec                           : loaded 2 times (x 69B)
Class jdk.internal.jimage.decompressor.ResourceDecompressorRepository                 : loaded 2 times (x 69B)
Class kotlin.Function                                                                 : loaded 2 times (x 68B)
Class org.gradle.api.UncheckedIOException                                             : loaded 2 times (x 80B)
Class jdk.internal.jimage.decompressor.ResourceDecompressor$StringsProvider           : loaded 2 times (x 68B)
Class jdk.internal.jimage.decompressor.Decompressor                                   : loaded 2 times (x 70B)
Class jdk.internal.jrtfs.JrtFileSystem                                                : loaded 2 times (x 100B)
Class jdk.internal.jrtfs.JrtFileSystemProvider                                        : loaded 2 times (x 97B)
Class org.gradle.internal.time.CountdownTimer                                         : loaded 2 times (x 68B)
Class org.gradle.internal.time.Clock                                                  : loaded 2 times (x 68B)
Class org.gradle.internal.classloader.ClasspathUtil                                   : loaded 2 times (x 69B)
Class jdk.internal.jrtfs.JrtDirectoryStream                                           : loaded 2 times (x 87B)
Class jdk.internal.jimage.decompressor.ResourceDecompressor                           : loaded 2 times (x 68B)
Class org.gradle.api.internal.DefaultClassPathRegistry                                : loaded 2 times (x 74B)
Class org.gradle.api.internal.classpath.DefaultModuleRegistry$DefaultModule           : loaded 2 times (x 84B)
Class org.gradle.internal.time.TimeSource                                             : loaded 2 times (x 68B)
Class org.gradle.api.internal.classpath.UnknownModuleException                        : loaded 2 times (x 80B)
Class org.gradle.internal.service.ServiceLookupException                              : loaded 2 times (x 80B)
Class jdk.internal.jimage.ImageStringsReader                                          : loaded 2 times (x 78B)
Class org.gradle.cache.GlobalCache                                                    : loaded 2 times (x 68B)
Class jdk.internal.jimage.decompressor.ResourceDecompressorFactory                    : loaded 2 times (x 72B)
Class [Lorg.gradle.api.internal.ClassPathProvider;                                    : loaded 2 times (x 67B)
Class jdk.internal.jimage.ImageReader$SharedImageReader$LocationVisitor               : loaded 2 times (x 68B)
Class org.gradle.internal.operations.MultipleBuildOperationFailures                   : loaded 2 times (x 93B)
Class org.gradle.util.internal.GUtil                                                  : loaded 2 times (x 69B)
Class jdk.internal.jimage.decompressor.ZipDecompressor                                : loaded 2 times (x 73B)
Class org.gradle.internal.classloader.ClassLoaderSpec                                 : loaded 2 times (x 69B)
Class org.gradle.internal.classloader.VisitableURLClassLoader                         : loaded 2 times (x 115B)
Class org.gradle.internal.Cast                                                        : loaded 2 times (x 69B)
Class org.gradle.api.internal.ClassPathRegistry                                       : loaded 2 times (x 68B)
Class org.gradle.internal.classloader.VisitableURLClassLoader$InstrumentingVisitableURLClassLoader: loaded 2 times (x 121B)
Class org.gradle.internal.classloader.ClassLoaderHierarchy                            : loaded 2 times (x 68B)
Class org.gradle.internal.exceptions.MultiCauseException                              : loaded 2 times (x 68B)
Class jdk.internal.jimage.ImageReader                                                 : loaded 2 times (x 73B)
Class org.gradle.internal.InternalTransformer                                         : loaded 2 times (x 68B)
Class org.gradle.internal.service.ServiceLocator                                      : loaded 2 times (x 68B)
Class ijInit2_eg7yjjg24b7lb01y0t7taric4                                               : loaded 2 times (x 177B)
Class org.gradle.internal.classpath.DefaultClassPath$ImmutableUniqueList              : loaded 2 times (x 159B)
Class jdk.internal.jimage.ImageBufferCache                                            : loaded 2 times (x 69B)
Class org.gradle.internal.time.DefaultTimer                                           : loaded 2 times (x 78B)
Class org.gradle.internal.classpath.TransformedClassPath                              : loaded 2 times (x 94B)
Class jdk.internal.jimage.ImageReader$Directory                                       : loaded 2 times (x 82B)


---------------  S Y S T E M  ---------------

OS:
 Windows 11 , 64 bit Build 22000 (10.0.22000.2538)
OS uptime: 2 days 17:42 hours
Hyper-V role detected

CPU: total 4 (initial active 4) (2 cores per cpu, 2 threads per core) family 6 model 140 stepping 1 microcode 0x8a, cx8, cmov, fxsr, ht, mmx, 3dnowpref, sse, sse2, sse3, ssse3, sse4.1, sse4.2, popcnt, lzcnt, tsc, tscinvbit, avx, avx2, aes, erms, clmul, bmi1, bmi2, adx, avx512f, avx512dq, avx512cd, avx512bw, avx512vl, sha, fma, vzeroupper, avx512_vpopcntdq, avx512_vpclmulqdq, avx512_vaes, avx512_vnni, clflush, clflushopt, clwb, avx512_vbmi2, avx512_vbmi, hv
Processor Information for all 4 processors :
  Max Mhz: 2995, Current Mhz: 2995, Mhz Limit: 2995

Memory: 4k page, system-wide physical 16163M (1123M free)
TotalPageFile size 20259M (AvailPageFile size 14M)
current process WorkingSet (physical memory assigned to process): 433M, peak: 435M
current process commit charge ("private bytes"): 458M, peak: 469M

vm_info: OpenJDK 64-Bit Server VM (17.0.11+0--11852314) for windows-amd64 JRE (17.0.11+0--11852314), built on May 16 2024 21:29:20 by "androidbuild" with MS VC++ 16.10 / 16.11 (VS2019)

END.
