#
# There is insufficient memory for the Java Runtime Environment to continue.
# Native memory allocation (malloc) failed to allocate 1804816 bytes. Error detail: Chunk::new
# Possible reasons:
#   The system is out of physical RAM or swap space
#   This process is running with CompressedOops enabled, and the Java Heap may be blocking the growth of the native heap
# Possible solutions:
#   Reduce memory load on the system
#   Increase physical memory or swap space
#   Check if swap backing store is full
#   Decrease Java heap size (-Xmx/-Xms)
#   Decrease number of Java threads
#   Decrease Java thread stack sizes (-Xss)
#   Set larger code cache with -XX:ReservedCodeCacheSize=
#   JVM is running with Unscaled Compressed Oops mode in which the Java heap is
#     placed in the first 4GB address space. The Java Heap base address is the
#     maximum limit for the native heap growth. Please use -XX:HeapBaseMinAddress
#     to set the Java Heap base and to place the Java Heap above 4GB virtual address.
# This output file may be truncated or incomplete.
#
#  Out of Memory Error (arena.cpp:191), pid=29780, tid=20744
#
# JRE version: OpenJDK Runtime Environment (17.0.11) (build 17.0.11+0--11852314)
# Java VM: OpenJDK 64-Bit Server VM (17.0.11+0--11852314, mixed mode, tiered, compressed oops, compressed class ptrs, g1 gc, windows-amd64)
# No core dump will be written. Minidumps are not enabled by default on client versions of Windows
#

---------------  S U M M A R Y ------------

Command Line: --add-opens=java.base/java.util=ALL-UNNAMED --add-opens=java.base/java.lang=ALL-UNNAMED --add-opens=java.base/java.lang.invoke=ALL-UNNAMED --add-opens=java.prefs/java.util.prefs=ALL-UNNAMED --add-opens=java.base/java.nio.charset=ALL-UNNAMED --add-opens=java.base/java.net=ALL-UNNAMED --add-opens=java.base/java.util.concurrent.atomic=ALL-UNNAMED -Xmx2048m -Dfile.encoding=UTF-8 -Duser.country=CA -Duser.language=en -Duser.variant -javaagent:C:\Users\Acer\.gradle\wrapper\dists\gradle-8.7-bin\bhs2wmbdwecv87pi65oeuq5iu\gradle-8.7\lib\agents\gradle-instrumentation-agent-8.7.jar org.gradle.launcher.daemon.bootstrap.GradleDaemon 8.7

Host: 11th Gen Intel(R) Core(TM) i3-1115G4 @ 3.00GHz, 4 cores, 15G,  Windows 11 , 64 bit Build 22000 (10.0.22000.2538)
Time: Tue Sep  3 17:08:22 2024 Central Daylight Time elapsed time: 9.081556 seconds (0d 0h 0m 9s)

---------------  T H R E A D  ---------------

Current thread (0x0000014feb2e4400):  JavaThread "C2 CompilerThread0" daemon [_thread_in_native, id=20744, stack(0x0000000ede800000,0x0000000ede900000)]


Current CompileTask:
C2:   9081 7693   !   4       java.lang.ClassLoader::loadClass (121 bytes)

Stack: [0x0000000ede800000,0x0000000ede900000]
Native frames: (J=compiled Java code, j=interpreted, Vv=VM code, C=native code)
V  [jvm.dll+0x687bb9]
V  [jvm.dll+0x84142a]
V  [jvm.dll+0x8430ae]
V  [jvm.dll+0x843713]
V  [jvm.dll+0x24a35f]
V  [jvm.dll+0xac544]
V  [jvm.dll+0xacb8c]
V  [jvm.dll+0x369be2]
V  [jvm.dll+0x33416a]
V  [jvm.dll+0x33360a]
V  [jvm.dll+0x21bed1]
V  [jvm.dll+0x21b311]
V  [jvm.dll+0x1a63ed]
V  [jvm.dll+0x22b1ee]
V  [jvm.dll+0x229375]
V  [jvm.dll+0x7f5647]
V  [jvm.dll+0x7efa4a]
V  [jvm.dll+0x686a35]
C  [ucrtbase.dll+0x26c0c]
C  [KERNEL32.DLL+0x153e0]
C  [ntdll.dll+0x485b]


---------------  P R O C E S S  ---------------

Threads class SMR info:
_java_thread_list=0x0000014ff2aa6a90, length=42, elements={
0x0000014fd1b2c1e0, 0x0000014feb10ad70, 0x0000014feb294810, 0x0000014feb2df280,
0x0000014feb2dfb50, 0x0000014feb2e0420, 0x0000014feb2e3100, 0x0000014feb2e4400,
0x0000014feb2e53c0, 0x0000014feb2ee0f0, 0x0000014feb4548d0, 0x0000014feb6413f0,
0x0000014ff119f180, 0x0000014ff0fceab0, 0x0000014ff262ec40, 0x0000014ff2521720,
0x0000014ff2524030, 0x0000014ff138dee0, 0x0000014ff0d62700, 0x0000014ff12fc4d0,
0x0000014ff12fc9e0, 0x0000014ff12fcef0, 0x0000014ff12fbfc0, 0x0000014ff1c3cd40,
0x0000014ff1c3f5c0, 0x0000014ff1c3e690, 0x0000014ff1c404f0, 0x0000014ff1c39080,
0x0000014ff1c39590, 0x0000014ff1c3e180, 0x0000014ff1c3dc70, 0x0000014ff1c3b3f0,
0x0000014ff1c3b900, 0x0000014ff1c3d760, 0x0000014ff1c3be10, 0x0000014ff1c3eba0,
0x0000014ff1c3f0b0, 0x0000014ff1c3c830, 0x0000014ff1c3c320, 0x0000014ff1c3fad0,
0x0000014ff1c3ffe0, 0x0000014ff2924030
}

Java Threads: ( => current thread )
  0x0000014fd1b2c1e0 JavaThread "main" [_thread_blocked, id=18336, stack(0x0000000edda00000,0x0000000eddb00000)]
  0x0000014feb10ad70 JavaThread "Reference Handler" daemon [_thread_blocked, id=27780, stack(0x0000000ede200000,0x0000000ede300000)]
  0x0000014feb294810 JavaThread "Finalizer" daemon [_thread_blocked, id=23636, stack(0x0000000ede300000,0x0000000ede400000)]
  0x0000014feb2df280 JavaThread "Signal Dispatcher" daemon [_thread_blocked, id=14736, stack(0x0000000ede400000,0x0000000ede500000)]
  0x0000014feb2dfb50 JavaThread "Attach Listener" daemon [_thread_blocked, id=22220, stack(0x0000000ede500000,0x0000000ede600000)]
  0x0000014feb2e0420 JavaThread "Service Thread" daemon [_thread_blocked, id=25128, stack(0x0000000ede600000,0x0000000ede700000)]
  0x0000014feb2e3100 JavaThread "Monitor Deflation Thread" daemon [_thread_blocked, id=21380, stack(0x0000000ede700000,0x0000000ede800000)]
=>0x0000014feb2e4400 JavaThread "C2 CompilerThread0" daemon [_thread_in_native, id=20744, stack(0x0000000ede800000,0x0000000ede900000)]
  0x0000014feb2e53c0 JavaThread "C1 CompilerThread0" daemon [_thread_blocked, id=15156, stack(0x0000000ede900000,0x0000000edea00000)]
  0x0000014feb2ee0f0 JavaThread "Sweeper thread" daemon [_thread_blocked, id=10100, stack(0x0000000edea00000,0x0000000edeb00000)]
  0x0000014feb4548d0 JavaThread "Common-Cleaner" daemon [_thread_blocked, id=39028, stack(0x0000000edeb00000,0x0000000edec00000)]
  0x0000014feb6413f0 JavaThread "Notification Thread" daemon [_thread_blocked, id=34632, stack(0x0000000edec00000,0x0000000eded00000)]
  0x0000014ff119f180 JavaThread "Daemon health stats" [_thread_blocked, id=12152, stack(0x0000000edf200000,0x0000000edf300000)]
  0x0000014ff0fceab0 JavaThread "Incoming local TCP Connector on port 64237" [_thread_in_native, id=20840, stack(0x0000000edf300000,0x0000000edf400000)]
  0x0000014ff262ec40 JavaThread "Daemon periodic checks" [_thread_blocked, id=37244, stack(0x0000000edf400000,0x0000000edf500000)]
  0x0000014ff2521720 JavaThread "Daemon" [_thread_blocked, id=18240, stack(0x0000000edf500000,0x0000000edf600000)]
  0x0000014ff2524030 JavaThread "Handler for socket connection from /127.0.0.1:64237 to /127.0.0.1:64238" [_thread_in_native, id=32984, stack(0x0000000edf600000,0x0000000edf700000)]
  0x0000014ff138dee0 JavaThread "Cancel handler" [_thread_blocked, id=21948, stack(0x0000000edf700000,0x0000000edf800000)]
  0x0000014ff0d62700 JavaThread "Daemon worker" [_thread_in_Java, id=3048, stack(0x0000000edf800000,0x0000000edf900000)]
  0x0000014ff12fc4d0 JavaThread "Asynchronous log dispatcher for DefaultDaemonConnection: socket connection from /127.0.0.1:64237 to /127.0.0.1:64238" [_thread_blocked, id=24752, stack(0x0000000edf900000,0x0000000edfa00000)]
  0x0000014ff12fc9e0 JavaThread "Stdin handler" [_thread_blocked, id=25168, stack(0x0000000edfa00000,0x0000000edfb00000)]
  0x0000014ff12fcef0 JavaThread "Daemon client event forwarder" [_thread_blocked, id=4780, stack(0x0000000edfb00000,0x0000000edfc00000)]
  0x0000014ff12fbfc0 JavaThread "Cache worker for journal cache (C:\Users\Acer\.gradle\caches\journal-1)" [_thread_blocked, id=6092, stack(0x0000000edfc00000,0x0000000edfd00000)]
  0x0000014ff1c3cd40 JavaThread "File lock request listener" [_thread_in_native, id=20496, stack(0x0000000edfd00000,0x0000000edfe00000)]
  0x0000014ff1c3f5c0 JavaThread "Cache worker for file hash cache (C:\Users\Acer\.gradle\caches\8.7\fileHashes)" [_thread_blocked, id=28508, stack(0x0000000edfe00000,0x0000000edff00000)]
  0x0000014ff1c3e690 JavaThread "Cache worker for file hash cache (C:\Users\Acer\AndroidStudioProjects\Class Demos\.gradle\8.7\fileHashes)" [_thread_blocked, id=22456, stack(0x0000000edff00000,0x0000000ee0000000)]
  0x0000014ff1c404f0 JavaThread "File watcher server" daemon [_thread_in_native, id=14560, stack(0x0000000ee0000000,0x0000000ee0100000)]
  0x0000014ff1c39080 JavaThread "File watcher consumer" daemon [_thread_blocked, id=37676, stack(0x0000000ee0100000,0x0000000ee0200000)]
  0x0000014ff1c39590 JavaThread "jar transforms" [_thread_blocked, id=29944, stack(0x0000000ee0200000,0x0000000ee0300000)]
  0x0000014ff1c3e180 JavaThread "jar transforms Thread 2" [_thread_blocked, id=4392, stack(0x0000000ee0300000,0x0000000ee0400000)]
  0x0000014ff1c3dc70 JavaThread "jar transforms Thread 3" [_thread_blocked, id=4100, stack(0x0000000ee0400000,0x0000000ee0500000)]
  0x0000014ff1c3b3f0 JavaThread "jar transforms Thread 4" [_thread_blocked, id=27124, stack(0x0000000ee0500000,0x0000000ee0600000)]
  0x0000014ff1c3b900 JavaThread "Cache worker for checksums cache (C:\Users\Acer\AndroidStudioProjects\Class Demos\.gradle\8.7\checksums)" [_thread_blocked, id=26676, stack(0x0000000ee0600000,0x0000000ee0700000)]
  0x0000014ff1c3d760 JavaThread "Cache worker for cache directory md-supplier (C:\Users\Acer\.gradle\caches\8.7\md-supplier)" [_thread_blocked, id=31556, stack(0x0000000ee0700000,0x0000000ee0800000)]
  0x0000014ff1c3be10 JavaThread "Cache worker for cache directory md-rule (C:\Users\Acer\.gradle\caches\8.7\md-rule)" [_thread_blocked, id=39452, stack(0x0000000ee0800000,0x0000000ee0900000)]
  0x0000014ff1c3eba0 JavaThread "Cache worker for file content cache (C:\Users\Acer\.gradle\caches\8.7\fileContent)" [_thread_blocked, id=15960, stack(0x0000000ee0900000,0x0000000ee0a00000)]
  0x0000014ff1c3f0b0 JavaThread "Unconstrained build operations" [_thread_blocked, id=38116, stack(0x0000000ee0b00000,0x0000000ee0c00000)]
  0x0000014ff1c3c830 JavaThread "Unconstrained build operations Thread 2" [_thread_blocked, id=24168, stack(0x0000000ee0c00000,0x0000000ee0d00000)]
  0x0000014ff1c3c320 JavaThread "Unconstrained build operations Thread 3" [_thread_blocked, id=27908, stack(0x0000000ee0d00000,0x0000000ee0e00000)]
  0x0000014ff1c3fad0 JavaThread "Unconstrained build operations Thread 4" [_thread_blocked, id=37864, stack(0x0000000ee0e00000,0x0000000ee0f00000)]
  0x0000014ff1c3ffe0 JavaThread "Unconstrained build operations Thread 5" [_thread_blocked, id=21592, stack(0x0000000ee0f00000,0x0000000ee1000000)]
  0x0000014ff2924030 JavaThread "C2 CompilerThread1" daemon [_thread_in_native, id=29596, stack(0x0000000ee1000000,0x0000000ee1100000)]

Other Threads:
  0x0000014feb13ec40 VMThread "VM Thread" [stack: 0x0000000ede100000,0x0000000ede200000] [id=2880]
  0x0000014fd1b2d060 WatcherThread [stack: 0x0000000eded00000,0x0000000edee00000] [id=35492]
  0x0000014fd1b87830 GCTaskThread "GC Thread#0" [stack: 0x0000000eddc00000,0x0000000eddd00000] [id=16952]
  0x0000014febb24b40 GCTaskThread "GC Thread#1" [stack: 0x0000000edef00000,0x0000000edf000000] [id=31636]
  0x0000014feb7f6930 GCTaskThread "GC Thread#2" [stack: 0x0000000edf000000,0x0000000edf100000] [id=37704]
  0x0000014feb7f6bf0 GCTaskThread "GC Thread#3" [stack: 0x0000000edf100000,0x0000000edf200000] [id=3936]
  0x0000014fd1b98780 ConcurrentGCThread "G1 Main Marker" [stack: 0x0000000eddd00000,0x0000000edde00000] [id=26288]
  0x0000014fd1b991a0 ConcurrentGCThread "G1 Conc#0" [stack: 0x0000000edde00000,0x0000000eddf00000] [id=18056]
  0x0000014fd1bee450 ConcurrentGCThread "G1 Refine#0" [stack: 0x0000000eddf00000,0x0000000ede000000] [id=17704]
  0x0000014ff2eba080 ConcurrentGCThread "G1 Refine#1" [stack: 0x0000000ee0a00000,0x0000000ee0b00000] [id=18724]
  0x0000014ff2825020 ConcurrentGCThread "G1 Refine#2" [stack: 0x0000000edee00000,0x0000000edef00000] [id=22652]
  0x0000014feafba1a0 ConcurrentGCThread "G1 Service" [stack: 0x0000000ede000000,0x0000000ede100000] [id=16936]

Threads with active compile tasks:
C2 CompilerThread0     9091 7693   !   4       java.lang.ClassLoader::loadClass (121 bytes)
C2 CompilerThread1     9092 7694   !   4       java.net.URLClassLoader::findClass (47 bytes)

VM state: not at safepoint (normal execution)

VM Mutex/Monitor currently owned by a thread: None

Heap address: 0x0000000080000000, size: 2048 MB, Compressed Oops mode: 32-bit

CDS archive(s) not mapped
Compressed class space mapped at: 0x0000000100000000-0x0000000140000000, reserved size: 1073741824
Narrow klass base: 0x0000000000000000, Narrow klass shift: 3, Narrow klass range: 0x140000000

GC Precious Log:
 CPUs: 4 total, 4 available
 Memory: 16163M
 Large Page Support: Disabled
 NUMA Support: Disabled
 Compressed Oops: Enabled (32-bit)
 Heap Region Size: 1M
 Heap Min Capacity: 8M
 Heap Initial Capacity: 254M
 Heap Max Capacity: 2G
 Pre-touch: Disabled
 Parallel Workers: 4
 Concurrent Workers: 1
 Concurrent Refinement Workers: 4
 Periodic GC: Disabled

Heap:
 garbage-first heap   total 210944K, used 142056K [0x0000000080000000, 0x0000000100000000)
  region size 1024K, 47 young (48128K), 10 survivors (10240K)
 Metaspace       used 103236K, committed 103808K, reserved 1179648K
  class space    used 13561K, committed 13824K, reserved 1048576K

Heap Regions: E=young(eden), S=young(survivor), O=old, HS=humongous(starts), HC=humongous(continues), CS=collection set, F=free, OA=open archive, CA=closed archive, TAMS=top-at-mark-start (previous, next)
|   0|0x0000000080000000, 0x0000000080100000, 0x0000000080100000|100%| O|  |TAMS 0x0000000080100000, 0x0000000080000000| Untracked 
|   1|0x0000000080100000, 0x0000000080200000, 0x0000000080200000|100%|HS|  |TAMS 0x0000000080200000, 0x0000000080100000| Complete 
|   2|0x0000000080200000, 0x0000000080300000, 0x0000000080300000|100%|HC|  |TAMS 0x0000000080300000, 0x0000000080200000| Complete 
|   3|0x0000000080300000, 0x0000000080400000, 0x0000000080400000|100%|HC|  |TAMS 0x0000000080400000, 0x0000000080300000| Complete 
|   4|0x0000000080400000, 0x0000000080500000, 0x0000000080500000|100%|HC|  |TAMS 0x0000000080500000, 0x0000000080400000| Complete 
|   5|0x0000000080500000, 0x0000000080600000, 0x0000000080600000|100%| O|  |TAMS 0x0000000080600000, 0x0000000080500000| Untracked 
|   6|0x0000000080600000, 0x0000000080700000, 0x0000000080700000|100%| O|  |TAMS 0x0000000080700000, 0x0000000080600000| Untracked 
|   7|0x0000000080700000, 0x0000000080800000, 0x0000000080800000|100%| O|  |TAMS 0x0000000080800000, 0x0000000080700000| Untracked 
|   8|0x0000000080800000, 0x0000000080900000, 0x0000000080900000|100%| O|  |TAMS 0x0000000080900000, 0x0000000080800000| Untracked 
|   9|0x0000000080900000, 0x0000000080a00000, 0x0000000080a00000|100%| O|  |TAMS 0x0000000080a00000, 0x0000000080900000| Untracked 
|  10|0x0000000080a00000, 0x0000000080b00000, 0x0000000080b00000|100%| O|  |TAMS 0x0000000080b00000, 0x0000000080a00000| Untracked 
|  11|0x0000000080b00000, 0x0000000080c00000, 0x0000000080c00000|100%| O|  |TAMS 0x0000000080c00000, 0x0000000080b00000| Untracked 
|  12|0x0000000080c00000, 0x0000000080d00000, 0x0000000080d00000|100%| O|  |TAMS 0x0000000080d00000, 0x0000000080c00000| Untracked 
|  13|0x0000000080d00000, 0x0000000080e00000, 0x0000000080e00000|100%| O|  |TAMS 0x0000000080e00000, 0x0000000080d00000| Untracked 
|  14|0x0000000080e00000, 0x0000000080f00000, 0x0000000080f00000|100%| O|  |TAMS 0x0000000080f00000, 0x0000000080e00000| Untracked 
|  15|0x0000000080f00000, 0x0000000081000000, 0x0000000081000000|100%| O|  |TAMS 0x0000000081000000, 0x0000000080f00000| Untracked 
|  16|0x0000000081000000, 0x0000000081100000, 0x0000000081100000|100%| O|  |TAMS 0x0000000081100000, 0x0000000081000000| Untracked 
|  17|0x0000000081100000, 0x0000000081200000, 0x0000000081200000|100%| O|  |TAMS 0x0000000081200000, 0x0000000081100000| Untracked 
|  18|0x0000000081200000, 0x0000000081300000, 0x0000000081300000|100%| O|  |TAMS 0x0000000081300000, 0x0000000081200000| Untracked 
|  19|0x0000000081300000, 0x0000000081400000, 0x0000000081400000|100%| O|  |TAMS 0x0000000081400000, 0x0000000081300000| Untracked 
|  20|0x0000000081400000, 0x0000000081500000, 0x0000000081500000|100%| O|  |TAMS 0x0000000081500000, 0x0000000081400000| Untracked 
|  21|0x0000000081500000, 0x0000000081600000, 0x0000000081600000|100%|HS|  |TAMS 0x0000000081600000, 0x0000000081500000| Complete 
|  22|0x0000000081600000, 0x0000000081700000, 0x0000000081700000|100%|HC|  |TAMS 0x0000000081700000, 0x0000000081600000| Complete 
|  23|0x0000000081700000, 0x0000000081800000, 0x0000000081800000|100%|HC|  |TAMS 0x0000000081800000, 0x0000000081700000| Complete 
|  24|0x0000000081800000, 0x0000000081900000, 0x0000000081900000|100%|HC|  |TAMS 0x0000000081900000, 0x0000000081800000| Complete 
|  25|0x0000000081900000, 0x0000000081a00000, 0x0000000081a00000|100%|HC|  |TAMS 0x0000000081a00000, 0x0000000081900000| Complete 
|  26|0x0000000081a00000, 0x0000000081b00000, 0x0000000081b00000|100%|HS|  |TAMS 0x0000000081b00000, 0x0000000081a00000| Complete 
|  27|0x0000000081b00000, 0x0000000081c00000, 0x0000000081c00000|100%|HC|  |TAMS 0x0000000081c00000, 0x0000000081b00000| Complete 
|  28|0x0000000081c00000, 0x0000000081d00000, 0x0000000081d00000|100%|HC|  |TAMS 0x0000000081d00000, 0x0000000081c00000| Complete 
|  29|0x0000000081d00000, 0x0000000081e00000, 0x0000000081e00000|100%|HS|  |TAMS 0x0000000081e00000, 0x0000000081d00000| Complete 
|  30|0x0000000081e00000, 0x0000000081f00000, 0x0000000081f00000|100%|HC|  |TAMS 0x0000000081f00000, 0x0000000081e00000| Complete 
|  31|0x0000000081f00000, 0x0000000082000000, 0x0000000082000000|100%|HC|  |TAMS 0x0000000082000000, 0x0000000081f00000| Complete 
|  32|0x0000000082000000, 0x0000000082100000, 0x0000000082100000|100%| O|  |TAMS 0x0000000082100000, 0x0000000082000000| Untracked 
|  33|0x0000000082100000, 0x0000000082200000, 0x0000000082200000|100%| O|  |TAMS 0x0000000082200000, 0x0000000082100000| Untracked 
|  34|0x0000000082200000, 0x0000000082300000, 0x0000000082300000|100%| O|  |TAMS 0x0000000082300000, 0x0000000082200000| Untracked 
|  35|0x0000000082300000, 0x0000000082400000, 0x0000000082400000|100%| O|  |TAMS 0x0000000082400000, 0x0000000082300000| Untracked 
|  36|0x0000000082400000, 0x0000000082500000, 0x0000000082500000|100%|HS|  |TAMS 0x0000000082500000, 0x0000000082400000| Complete 
|  37|0x0000000082500000, 0x0000000082600000, 0x0000000082600000|100%| O|  |TAMS 0x0000000082600000, 0x0000000082500000| Untracked 
|  38|0x0000000082600000, 0x0000000082700000, 0x0000000082700000|100%| O|  |TAMS 0x0000000082700000, 0x0000000082600000| Untracked 
|  39|0x0000000082700000, 0x0000000082800000, 0x0000000082800000|100%| O|  |TAMS 0x0000000082800000, 0x0000000082700000| Untracked 
|  40|0x0000000082800000, 0x0000000082900000, 0x0000000082900000|100%| O|  |TAMS 0x0000000082900000, 0x0000000082800000| Untracked 
|  41|0x0000000082900000, 0x0000000082a00000, 0x0000000082a00000|100%| O|  |TAMS 0x0000000082a00000, 0x0000000082900000| Untracked 
|  42|0x0000000082a00000, 0x0000000082b00000, 0x0000000082b00000|100%| O|  |TAMS 0x0000000082b00000, 0x0000000082a00000| Untracked 
|  43|0x0000000082b00000, 0x0000000082c00000, 0x0000000082c00000|100%| O|  |TAMS 0x0000000082c00000, 0x0000000082b00000| Untracked 
|  44|0x0000000082c00000, 0x0000000082d00000, 0x0000000082d00000|100%| O|  |TAMS 0x0000000082c75400, 0x0000000082c00000| Untracked 
|  45|0x0000000082d00000, 0x0000000082e00000, 0x0000000082e00000|100%|HS|  |TAMS 0x0000000082e00000, 0x0000000082d00000| Complete 
|  46|0x0000000082e00000, 0x0000000082f00000, 0x0000000082f00000|100%|HC|  |TAMS 0x0000000082f00000, 0x0000000082e00000| Complete 
|  47|0x0000000082f00000, 0x0000000083000000, 0x0000000083000000|100%|HC|  |TAMS 0x0000000083000000, 0x0000000082f00000| Complete 
|  48|0x0000000083000000, 0x0000000083100000, 0x0000000083100000|100%|HS|  |TAMS 0x0000000083100000, 0x0000000083000000| Complete 
|  49|0x0000000083100000, 0x0000000083200000, 0x0000000083200000|100%|HC|  |TAMS 0x0000000083200000, 0x0000000083100000| Complete 
|  50|0x0000000083200000, 0x0000000083300000, 0x0000000083300000|100%|HC|  |TAMS 0x0000000083300000, 0x0000000083200000| Complete 
|  51|0x0000000083300000, 0x0000000083400000, 0x0000000083400000|100%|HC|  |TAMS 0x0000000083400000, 0x0000000083300000| Complete 
|  52|0x0000000083400000, 0x0000000083500000, 0x0000000083500000|100%|HC|  |TAMS 0x0000000083500000, 0x0000000083400000| Complete 
|  53|0x0000000083500000, 0x0000000083600000, 0x0000000083600000|100%|HS|  |TAMS 0x0000000083600000, 0x0000000083500000| Complete 
|  54|0x0000000083600000, 0x0000000083700000, 0x0000000083700000|100%|HC|  |TAMS 0x0000000083700000, 0x0000000083600000| Complete 
|  55|0x0000000083700000, 0x0000000083800000, 0x0000000083800000|100%|HC|  |TAMS 0x0000000083800000, 0x0000000083700000| Complete 
|  56|0x0000000083800000, 0x0000000083900000, 0x0000000083900000|100%|HC|  |TAMS 0x0000000083900000, 0x0000000083800000| Complete 
|  57|0x0000000083900000, 0x0000000083a00000, 0x0000000083a00000|100%|HC|  |TAMS 0x0000000083a00000, 0x0000000083900000| Complete 
|  58|0x0000000083a00000, 0x0000000083b00000, 0x0000000083b00000|100%| O|  |TAMS 0x0000000083a00000, 0x0000000083a00000| Untracked 
|  59|0x0000000083b00000, 0x0000000083c00000, 0x0000000083c00000|100%| O|  |TAMS 0x0000000083b00000, 0x0000000083b00000| Untracked 
|  60|0x0000000083c00000, 0x0000000083d00000, 0x0000000083d00000|100%| O|  |TAMS 0x0000000083c00000, 0x0000000083c00000| Untracked 
|  61|0x0000000083d00000, 0x0000000083e00000, 0x0000000083e00000|100%| O|  |TAMS 0x0000000083d00000, 0x0000000083d00000| Untracked 
|  62|0x0000000083e00000, 0x0000000083f00000, 0x0000000083f00000|100%| O|  |TAMS 0x0000000083e00000, 0x0000000083e00000| Untracked 
|  63|0x0000000083f00000, 0x0000000084000000, 0x0000000084000000|100%| O|  |TAMS 0x0000000083f00000, 0x0000000083f00000| Untracked 
|  64|0x0000000084000000, 0x0000000084100000, 0x0000000084100000|100%| O|  |TAMS 0x0000000084000000, 0x0000000084000000| Untracked 
|  65|0x0000000084100000, 0x0000000084200000, 0x0000000084200000|100%| O|  |TAMS 0x0000000084100000, 0x0000000084100000| Untracked 
|  66|0x0000000084200000, 0x0000000084300000, 0x0000000084300000|100%| O|  |TAMS 0x0000000084200000, 0x0000000084200000| Untracked 
|  67|0x0000000084300000, 0x0000000084400000, 0x0000000084400000|100%| O|  |TAMS 0x0000000084300000, 0x0000000084300000| Untracked 
|  68|0x0000000084400000, 0x0000000084500000, 0x0000000084500000|100%| O|  |TAMS 0x0000000084400000, 0x0000000084400000| Untracked 
|  69|0x0000000084500000, 0x0000000084600000, 0x0000000084600000|100%|HS|  |TAMS 0x0000000084500000, 0x0000000084500000| Complete 
|  70|0x0000000084600000, 0x0000000084700000, 0x0000000084700000|100%|HC|  |TAMS 0x0000000084600000, 0x0000000084600000| Complete 
|  71|0x0000000084700000, 0x0000000084800000, 0x0000000084800000|100%|HC|  |TAMS 0x0000000084700000, 0x0000000084700000| Complete 
|  72|0x0000000084800000, 0x0000000084900000, 0x0000000084900000|100%|HC|  |TAMS 0x0000000084800000, 0x0000000084800000| Complete 
|  73|0x0000000084900000, 0x0000000084a00000, 0x0000000084a00000|100%|HC|  |TAMS 0x0000000084900000, 0x0000000084900000| Complete 
|  74|0x0000000084a00000, 0x0000000084b00000, 0x0000000084b00000|100%|HC|  |TAMS 0x0000000084a00000, 0x0000000084a00000| Complete 
|  75|0x0000000084b00000, 0x0000000084c00000, 0x0000000084c00000|100%|HS|  |TAMS 0x0000000084b00000, 0x0000000084b00000| Complete 
|  76|0x0000000084c00000, 0x0000000084d00000, 0x0000000084d00000|100%| O|  |TAMS 0x0000000084c00000, 0x0000000084c00000| Untracked 
|  77|0x0000000084d00000, 0x0000000084e00000, 0x0000000084e00000|100%| O|  |TAMS 0x0000000084d00000, 0x0000000084d00000| Untracked 
|  78|0x0000000084e00000, 0x0000000084f00000, 0x0000000084f00000|100%| O|  |TAMS 0x0000000084e00000, 0x0000000084e00000| Untracked 
|  79|0x0000000084f00000, 0x0000000085000000, 0x0000000085000000|100%| O|  |TAMS 0x0000000084f00000, 0x0000000084f00000| Untracked 
|  80|0x0000000085000000, 0x0000000085100000, 0x0000000085100000|100%| O|  |TAMS 0x0000000085000000, 0x0000000085000000| Untracked 
|  81|0x0000000085100000, 0x0000000085200000, 0x0000000085200000|100%| O|  |TAMS 0x0000000085100000, 0x0000000085100000| Untracked 
|  82|0x0000000085200000, 0x0000000085300000, 0x0000000085300000|100%| O|  |TAMS 0x0000000085200000, 0x0000000085200000| Untracked 
|  83|0x0000000085300000, 0x0000000085400000, 0x0000000085400000|100%| O|  |TAMS 0x0000000085300000, 0x0000000085300000| Untracked 
|  84|0x0000000085400000, 0x0000000085500000, 0x0000000085500000|100%| O|  |TAMS 0x0000000085400000, 0x0000000085400000| Untracked 
|  85|0x0000000085500000, 0x0000000085600000, 0x0000000085600000|100%| O|  |TAMS 0x0000000085500000, 0x0000000085500000| Untracked 
|  86|0x0000000085600000, 0x0000000085700000, 0x0000000085700000|100%| O|  |TAMS 0x0000000085600000, 0x0000000085600000| Untracked 
|  87|0x0000000085700000, 0x0000000085800000, 0x0000000085800000|100%| O|  |TAMS 0x0000000085700000, 0x0000000085700000| Untracked 
|  88|0x0000000085800000, 0x0000000085900000, 0x0000000085900000|100%| O|  |TAMS 0x0000000085800000, 0x0000000085800000| Untracked 
|  89|0x0000000085900000, 0x0000000085a00000, 0x0000000085a00000|100%| O|  |TAMS 0x0000000085900000, 0x0000000085900000| Untracked 
|  90|0x0000000085a00000, 0x0000000085b00000, 0x0000000085b00000|100%| O|  |TAMS 0x0000000085a00000, 0x0000000085a00000| Untracked 
|  91|0x0000000085b00000, 0x0000000085c00000, 0x0000000085c00000|100%| O|  |TAMS 0x0000000085b00000, 0x0000000085b00000| Untracked 
|  92|0x0000000085c00000, 0x0000000085d00000, 0x0000000085d00000|100%| O|  |TAMS 0x0000000085c00000, 0x0000000085c00000| Untracked 
|  93|0x0000000085d00000, 0x0000000085d5d400, 0x0000000085e00000| 36%| O|  |TAMS 0x0000000085d00000, 0x0000000085d00000| Untracked 
|  94|0x0000000085e00000, 0x0000000085e00000, 0x0000000085f00000|  0%| F|  |TAMS 0x0000000085e00000, 0x0000000085e00000| Untracked 
|  95|0x0000000085f00000, 0x0000000085f00000, 0x0000000086000000|  0%| F|  |TAMS 0x0000000085f00000, 0x0000000085f00000| Untracked 
|  96|0x0000000086000000, 0x0000000086000000, 0x0000000086100000|  0%| F|  |TAMS 0x0000000086000000, 0x0000000086000000| Untracked 
|  97|0x0000000086100000, 0x0000000086100000, 0x0000000086200000|  0%| F|  |TAMS 0x0000000086100000, 0x0000000086100000| Untracked 
|  98|0x0000000086200000, 0x0000000086200000, 0x0000000086300000|  0%| F|  |TAMS 0x0000000086200000, 0x0000000086200000| Untracked 
|  99|0x0000000086300000, 0x0000000086300000, 0x0000000086400000|  0%| F|  |TAMS 0x0000000086300000, 0x0000000086300000| Untracked 
| 100|0x0000000086400000, 0x0000000086400000, 0x0000000086500000|  0%| F|  |TAMS 0x0000000086400000, 0x0000000086400000| Untracked 
| 101|0x0000000086500000, 0x0000000086500000, 0x0000000086600000|  0%| F|  |TAMS 0x0000000086500000, 0x0000000086500000| Untracked 
| 102|0x0000000086600000, 0x0000000086600000, 0x0000000086700000|  0%| F|  |TAMS 0x0000000086600000, 0x0000000086600000| Untracked 
| 103|0x0000000086700000, 0x0000000086700000, 0x0000000086800000|  0%| F|  |TAMS 0x0000000086700000, 0x0000000086700000| Untracked 
| 104|0x0000000086800000, 0x0000000086800000, 0x0000000086900000|  0%| F|  |TAMS 0x0000000086800000, 0x0000000086800000| Untracked 
| 105|0x0000000086900000, 0x0000000086900000, 0x0000000086a00000|  0%| F|  |TAMS 0x0000000086900000, 0x0000000086900000| Untracked 
| 106|0x0000000086a00000, 0x0000000086a00000, 0x0000000086b00000|  0%| F|  |TAMS 0x0000000086a00000, 0x0000000086a00000| Untracked 
| 107|0x0000000086b00000, 0x0000000086b00000, 0x0000000086c00000|  0%| F|  |TAMS 0x0000000086b00000, 0x0000000086b00000| Untracked 
| 108|0x0000000086c00000, 0x0000000086c00000, 0x0000000086d00000|  0%| F|  |TAMS 0x0000000086c00000, 0x0000000086c00000| Untracked 
| 109|0x0000000086d00000, 0x0000000086d00000, 0x0000000086e00000|  0%| F|  |TAMS 0x0000000086d00000, 0x0000000086d00000| Untracked 
| 110|0x0000000086e00000, 0x0000000086e00000, 0x0000000086f00000|  0%| F|  |TAMS 0x0000000086e00000, 0x0000000086e00000| Untracked 
| 111|0x0000000086f00000, 0x0000000086f00000, 0x0000000087000000|  0%| F|  |TAMS 0x0000000086f00000, 0x0000000086f00000| Untracked 
| 112|0x0000000087000000, 0x0000000087000000, 0x0000000087100000|  0%| F|  |TAMS 0x0000000087000000, 0x0000000087000000| Untracked 
| 113|0x0000000087100000, 0x0000000087100000, 0x0000000087200000|  0%| F|  |TAMS 0x0000000087100000, 0x0000000087100000| Untracked 
| 114|0x0000000087200000, 0x0000000087200000, 0x0000000087300000|  0%| F|  |TAMS 0x0000000087200000, 0x0000000087200000| Untracked 
| 115|0x0000000087300000, 0x0000000087300000, 0x0000000087400000|  0%| F|  |TAMS 0x0000000087300000, 0x0000000087300000| Untracked 
| 116|0x0000000087400000, 0x0000000087400000, 0x0000000087500000|  0%| F|  |TAMS 0x0000000087400000, 0x0000000087400000| Untracked 
| 117|0x0000000087500000, 0x000000008755cf48, 0x0000000087600000| 36%| S|CS|TAMS 0x0000000087500000, 0x0000000087500000| Complete 
| 118|0x0000000087600000, 0x0000000087700000, 0x0000000087700000|100%| S|CS|TAMS 0x0000000087600000, 0x0000000087600000| Complete 
| 119|0x0000000087700000, 0x0000000087800000, 0x0000000087800000|100%| S|CS|TAMS 0x0000000087700000, 0x0000000087700000| Complete 
| 120|0x0000000087800000, 0x0000000087800000, 0x0000000087900000|  0%| F|  |TAMS 0x0000000087800000, 0x0000000087800000| Untracked 
| 121|0x0000000087900000, 0x0000000087900000, 0x0000000087a00000|  0%| F|  |TAMS 0x0000000087900000, 0x0000000087900000| Untracked 
| 122|0x0000000087a00000, 0x0000000087a00000, 0x0000000087b00000|  0%| F|  |TAMS 0x0000000087a00000, 0x0000000087a00000| Untracked 
| 123|0x0000000087b00000, 0x0000000087b00000, 0x0000000087c00000|  0%| F|  |TAMS 0x0000000087b00000, 0x0000000087b00000| Untracked 
| 124|0x0000000087c00000, 0x0000000087c00000, 0x0000000087d00000|  0%| F|  |TAMS 0x0000000087c00000, 0x0000000087c00000| Untracked 
| 125|0x0000000087d00000, 0x0000000087d00000, 0x0000000087e00000|  0%| F|  |TAMS 0x0000000087d00000, 0x0000000087d00000| Untracked 
| 126|0x0000000087e00000, 0x0000000087e00000, 0x0000000087f00000|  0%| F|  |TAMS 0x0000000087e00000, 0x0000000087e00000| Untracked 
| 127|0x0000000087f00000, 0x0000000088000000, 0x0000000088000000|100%| S|CS|TAMS 0x0000000087f00000, 0x0000000087f00000| Complete 
| 128|0x0000000088000000, 0x0000000088100000, 0x0000000088100000|100%| S|CS|TAMS 0x0000000088000000, 0x0000000088000000| Complete 
| 129|0x0000000088100000, 0x0000000088200000, 0x0000000088200000|100%| S|CS|TAMS 0x0000000088100000, 0x0000000088100000| Complete 
| 130|0x0000000088200000, 0x0000000088300000, 0x0000000088300000|100%| S|CS|TAMS 0x0000000088200000, 0x0000000088200000| Complete 
| 131|0x0000000088300000, 0x0000000088400000, 0x0000000088400000|100%| S|CS|TAMS 0x0000000088300000, 0x0000000088300000| Complete 
| 132|0x0000000088400000, 0x0000000088400000, 0x0000000088500000|  0%| F|  |TAMS 0x0000000088400000, 0x0000000088400000| Untracked 
| 133|0x0000000088500000, 0x0000000088500000, 0x0000000088600000|  0%| F|  |TAMS 0x0000000088500000, 0x0000000088500000| Untracked 
| 134|0x0000000088600000, 0x0000000088700000, 0x0000000088700000|100%| S|CS|TAMS 0x0000000088600000, 0x0000000088600000| Complete 
| 135|0x0000000088700000, 0x0000000088800000, 0x0000000088800000|100%| S|CS|TAMS 0x0000000088700000, 0x0000000088700000| Complete 
| 136|0x0000000088800000, 0x0000000088800000, 0x0000000088900000|  0%| F|  |TAMS 0x0000000088800000, 0x0000000088800000| Untracked 
| 137|0x0000000088900000, 0x0000000088900000, 0x0000000088a00000|  0%| F|  |TAMS 0x0000000088900000, 0x0000000088900000| Untracked 
| 138|0x0000000088a00000, 0x0000000088a00000, 0x0000000088b00000|  0%| F|  |TAMS 0x0000000088a00000, 0x0000000088a00000| Untracked 
| 139|0x0000000088b00000, 0x0000000088b00000, 0x0000000088c00000|  0%| F|  |TAMS 0x0000000088b00000, 0x0000000088b00000| Untracked 
| 140|0x0000000088c00000, 0x0000000088c00000, 0x0000000088d00000|  0%| F|  |TAMS 0x0000000088c00000, 0x0000000088c00000| Untracked 
| 141|0x0000000088d00000, 0x0000000088d00000, 0x0000000088e00000|  0%| F|  |TAMS 0x0000000088d00000, 0x0000000088d00000| Untracked 
| 142|0x0000000088e00000, 0x0000000088e00000, 0x0000000088f00000|  0%| F|  |TAMS 0x0000000088e00000, 0x0000000088e00000| Untracked 
| 143|0x0000000088f00000, 0x0000000088f00000, 0x0000000089000000|  0%| F|  |TAMS 0x0000000088f00000, 0x0000000088f00000| Untracked 
| 144|0x0000000089000000, 0x0000000089000000, 0x0000000089100000|  0%| F|  |TAMS 0x0000000089000000, 0x0000000089000000| Untracked 
| 145|0x0000000089100000, 0x0000000089100000, 0x0000000089200000|  0%| F|  |TAMS 0x0000000089100000, 0x0000000089100000| Untracked 
| 146|0x0000000089200000, 0x0000000089200000, 0x0000000089300000|  0%| F|  |TAMS 0x0000000089200000, 0x0000000089200000| Untracked 
| 147|0x0000000089300000, 0x0000000089300000, 0x0000000089400000|  0%| F|  |TAMS 0x0000000089300000, 0x0000000089300000| Untracked 
| 148|0x0000000089400000, 0x0000000089400000, 0x0000000089500000|  0%| F|  |TAMS 0x0000000089400000, 0x0000000089400000| Untracked 
| 149|0x0000000089500000, 0x0000000089500000, 0x0000000089600000|  0%| F|  |TAMS 0x0000000089500000, 0x0000000089500000| Untracked 
| 150|0x0000000089600000, 0x0000000089600000, 0x0000000089700000|  0%| F|  |TAMS 0x0000000089600000, 0x0000000089600000| Untracked 
| 151|0x0000000089700000, 0x0000000089700000, 0x0000000089800000|  0%| F|  |TAMS 0x0000000089700000, 0x0000000089700000| Untracked 
| 152|0x0000000089800000, 0x0000000089800000, 0x0000000089900000|  0%| F|  |TAMS 0x0000000089800000, 0x0000000089800000| Untracked 
| 153|0x0000000089900000, 0x0000000089900000, 0x0000000089a00000|  0%| F|  |TAMS 0x0000000089900000, 0x0000000089900000| Untracked 
| 154|0x0000000089a00000, 0x0000000089a00000, 0x0000000089b00000|  0%| F|  |TAMS 0x0000000089a00000, 0x0000000089a00000| Untracked 
| 155|0x0000000089b00000, 0x0000000089b00000, 0x0000000089c00000|  0%| F|  |TAMS 0x0000000089b00000, 0x0000000089b00000| Untracked 
| 156|0x0000000089c00000, 0x0000000089c00000, 0x0000000089d00000|  0%| F|  |TAMS 0x0000000089c00000, 0x0000000089c00000| Untracked 
| 157|0x0000000089d00000, 0x0000000089d00000, 0x0000000089e00000|  0%| F|  |TAMS 0x0000000089d00000, 0x0000000089d00000| Untracked 
| 158|0x0000000089e00000, 0x0000000089e00000, 0x0000000089f00000|  0%| F|  |TAMS 0x0000000089e00000, 0x0000000089e00000| Untracked 
| 159|0x0000000089f00000, 0x0000000089f00000, 0x000000008a000000|  0%| F|  |TAMS 0x0000000089f00000, 0x0000000089f00000| Untracked 
| 160|0x000000008a000000, 0x000000008a000000, 0x000000008a100000|  0%| F|  |TAMS 0x000000008a000000, 0x000000008a000000| Untracked 
| 161|0x000000008a100000, 0x000000008a100000, 0x000000008a200000|  0%| F|  |TAMS 0x000000008a100000, 0x000000008a100000| Untracked 
| 162|0x000000008a200000, 0x000000008a200000, 0x000000008a300000|  0%| F|  |TAMS 0x000000008a200000, 0x000000008a200000| Untracked 
| 163|0x000000008a300000, 0x000000008a300000, 0x000000008a400000|  0%| F|  |TAMS 0x000000008a300000, 0x000000008a300000| Untracked 
| 164|0x000000008a400000, 0x000000008a400000, 0x000000008a500000|  0%| F|  |TAMS 0x000000008a400000, 0x000000008a400000| Untracked 
| 165|0x000000008a500000, 0x000000008a500000, 0x000000008a600000|  0%| F|  |TAMS 0x000000008a500000, 0x000000008a500000| Untracked 
| 166|0x000000008a600000, 0x000000008a600000, 0x000000008a700000|  0%| F|  |TAMS 0x000000008a600000, 0x000000008a600000| Untracked 
| 167|0x000000008a700000, 0x000000008a700000, 0x000000008a800000|  0%| F|  |TAMS 0x000000008a700000, 0x000000008a700000| Untracked 
| 168|0x000000008a800000, 0x000000008a800000, 0x000000008a900000|  0%| F|  |TAMS 0x000000008a800000, 0x000000008a800000| Untracked 
| 169|0x000000008a900000, 0x000000008aa00000, 0x000000008aa00000|100%| E|  |TAMS 0x000000008a900000, 0x000000008a900000| Complete 
| 170|0x000000008aa00000, 0x000000008ab00000, 0x000000008ab00000|100%| E|CS|TAMS 0x000000008aa00000, 0x000000008aa00000| Complete 
| 171|0x000000008ab00000, 0x000000008ac00000, 0x000000008ac00000|100%| E|CS|TAMS 0x000000008ab00000, 0x000000008ab00000| Complete 
| 172|0x000000008ac00000, 0x000000008ad00000, 0x000000008ad00000|100%| E|CS|TAMS 0x000000008ac00000, 0x000000008ac00000| Complete 
| 173|0x000000008ad00000, 0x000000008ae00000, 0x000000008ae00000|100%| E|CS|TAMS 0x000000008ad00000, 0x000000008ad00000| Complete 
| 174|0x000000008ae00000, 0x000000008af00000, 0x000000008af00000|100%| E|CS|TAMS 0x000000008ae00000, 0x000000008ae00000| Complete 
| 175|0x000000008af00000, 0x000000008b000000, 0x000000008b000000|100%| E|CS|TAMS 0x000000008af00000, 0x000000008af00000| Complete 
| 176|0x000000008b000000, 0x000000008b100000, 0x000000008b100000|100%| E|CS|TAMS 0x000000008b000000, 0x000000008b000000| Complete 
| 177|0x000000008b100000, 0x000000008b200000, 0x000000008b200000|100%| E|CS|TAMS 0x000000008b100000, 0x000000008b100000| Complete 
| 178|0x000000008b200000, 0x000000008b300000, 0x000000008b300000|100%| E|CS|TAMS 0x000000008b200000, 0x000000008b200000| Complete 
| 179|0x000000008b300000, 0x000000008b400000, 0x000000008b400000|100%| E|CS|TAMS 0x000000008b300000, 0x000000008b300000| Complete 
| 180|0x000000008b400000, 0x000000008b500000, 0x000000008b500000|100%| E|CS|TAMS 0x000000008b400000, 0x000000008b400000| Complete 
| 181|0x000000008b500000, 0x000000008b600000, 0x000000008b600000|100%| E|CS|TAMS 0x000000008b500000, 0x000000008b500000| Complete 
| 182|0x000000008b600000, 0x000000008b700000, 0x000000008b700000|100%| E|CS|TAMS 0x000000008b600000, 0x000000008b600000| Complete 
| 183|0x000000008b700000, 0x000000008b800000, 0x000000008b800000|100%| E|CS|TAMS 0x000000008b700000, 0x000000008b700000| Complete 
| 184|0x000000008b800000, 0x000000008b900000, 0x000000008b900000|100%| E|CS|TAMS 0x000000008b800000, 0x000000008b800000| Complete 
| 185|0x000000008b900000, 0x000000008ba00000, 0x000000008ba00000|100%| E|CS|TAMS 0x000000008b900000, 0x000000008b900000| Complete 
| 186|0x000000008ba00000, 0x000000008bb00000, 0x000000008bb00000|100%| E|CS|TAMS 0x000000008ba00000, 0x000000008ba00000| Complete 
| 187|0x000000008bb00000, 0x000000008bc00000, 0x000000008bc00000|100%| E|CS|TAMS 0x000000008bb00000, 0x000000008bb00000| Complete 
| 188|0x000000008bc00000, 0x000000008bd00000, 0x000000008bd00000|100%| E|CS|TAMS 0x000000008bc00000, 0x000000008bc00000| Complete 
| 189|0x000000008bd00000, 0x000000008be00000, 0x000000008be00000|100%| E|CS|TAMS 0x000000008bd00000, 0x000000008bd00000| Complete 
| 190|0x000000008be00000, 0x000000008bf00000, 0x000000008bf00000|100%| E|CS|TAMS 0x000000008be00000, 0x000000008be00000| Complete 
| 191|0x000000008bf00000, 0x000000008c000000, 0x000000008c000000|100%| E|CS|TAMS 0x000000008bf00000, 0x000000008bf00000| Complete 
| 192|0x000000008c000000, 0x000000008c100000, 0x000000008c100000|100%| E|CS|TAMS 0x000000008c000000, 0x000000008c000000| Complete 
| 193|0x000000008c100000, 0x000000008c200000, 0x000000008c200000|100%| E|CS|TAMS 0x000000008c100000, 0x000000008c100000| Complete 
| 194|0x000000008c200000, 0x000000008c300000, 0x000000008c300000|100%| E|CS|TAMS 0x000000008c200000, 0x000000008c200000| Complete 
| 195|0x000000008c300000, 0x000000008c400000, 0x000000008c400000|100%| E|CS|TAMS 0x000000008c300000, 0x000000008c300000| Complete 
| 196|0x000000008c400000, 0x000000008c500000, 0x000000008c500000|100%| E|CS|TAMS 0x000000008c400000, 0x000000008c400000| Complete 
| 197|0x000000008c500000, 0x000000008c600000, 0x000000008c600000|100%| E|CS|TAMS 0x000000008c500000, 0x000000008c500000| Complete 
| 198|0x000000008c600000, 0x000000008c700000, 0x000000008c700000|100%| E|CS|TAMS 0x000000008c600000, 0x000000008c600000| Complete 
| 199|0x000000008c700000, 0x000000008c800000, 0x000000008c800000|100%| E|CS|TAMS 0x000000008c700000, 0x000000008c700000| Complete 
| 200|0x000000008c800000, 0x000000008c900000, 0x000000008c900000|100%| E|CS|TAMS 0x000000008c800000, 0x000000008c800000| Complete 
| 201|0x000000008c900000, 0x000000008ca00000, 0x000000008ca00000|100%| E|CS|TAMS 0x000000008c900000, 0x000000008c900000| Complete 
| 202|0x000000008ca00000, 0x000000008cb00000, 0x000000008cb00000|100%| E|CS|TAMS 0x000000008ca00000, 0x000000008ca00000| Complete 
| 203|0x000000008cb00000, 0x000000008cc00000, 0x000000008cc00000|100%| E|CS|TAMS 0x000000008cb00000, 0x000000008cb00000| Complete 
| 204|0x000000008cc00000, 0x000000008cd00000, 0x000000008cd00000|100%| E|CS|TAMS 0x000000008cc00000, 0x000000008cc00000| Complete 
| 253|0x000000008fd00000, 0x000000008fe00000, 0x000000008fe00000|100%| E|CS|TAMS 0x000000008fd00000, 0x000000008fd00000| Complete 

Card table byte_map: [0x0000014fe4410000,0x0000014fe4810000] _byte_map_base: 0x0000014fe4010000

Marking Bits (Prev, Next): (CMBitMap*) 0x0000014fd1b87e50, (CMBitMap*) 0x0000014fd1b87e90
 Prev Bits: [0x0000014fe4c10000, 0x0000014fe6c10000)
 Next Bits: [0x0000014fe6c10000, 0x0000014fe8c10000)

Polling page: 0x0000014fcfb00000

Metaspace:

Usage:
  Non-class:     87.62 MB used.
      Class:     13.25 MB used.
       Both:    100.87 MB used.

Virtual space:
  Non-class space:      128.00 MB reserved,      87.94 MB ( 69%) committed,  2 nodes.
      Class space:        1.00 GB reserved,      13.50 MB (  1%) committed,  1 nodes.
             Both:        1.12 GB reserved,     101.44 MB (  9%) committed. 

Chunk freelists:
   Non-Class:  7.69 MB
       Class:  2.52 MB
        Both:  10.20 MB

MaxMetaspaceSize: unlimited
CompressedClassSpaceSize: 1.00 GB
Initial GC threshold: 21.00 MB
Current GC threshold: 118.06 MB
CDS: off
MetaspaceReclaimPolicy: balanced
 - commit_granule_bytes: 65536.
 - commit_granule_words: 8192.
 - virtual_space_node_default_size: 8388608.
 - enlarge_chunks_in_place: 1.
 - new_chunks_are_fully_committed: 0.
 - uncommit_free_chunks: 1.
 - use_allocation_guard: 0.
 - handle_deallocations: 1.


Internal statistics:

num_allocs_failed_limit: 15.
num_arena_births: 722.
num_arena_deaths: 0.
num_vsnodes_births: 3.
num_vsnodes_deaths: 0.
num_space_committed: 1621.
num_space_uncommitted: 0.
num_chunks_returned_to_freelist: 15.
num_chunks_taken_from_freelist: 4119.
num_chunk_merges: 15.
num_chunk_splits: 3166.
num_chunks_enlarged: 2581.
num_inconsistent_stats: 0.

CodeHeap 'non-profiled nmethods': size=120000Kb used=3821Kb max_used=3821Kb free=116178Kb
 bounds [0x0000014fdcae0000, 0x0000014fdcea0000, 0x0000014fe4010000]
CodeHeap 'profiled nmethods': size=120000Kb used=14509Kb max_used=14509Kb free=105490Kb
 bounds [0x0000014fd5010000, 0x0000014fd5e40000, 0x0000014fdc540000]
CodeHeap 'non-nmethods': size=5760Kb used=2495Kb max_used=2512Kb free=3264Kb
 bounds [0x0000014fdc540000, 0x0000014fdc7c0000, 0x0000014fdcae0000]
 total_blobs=8033 nmethods=6998 adapters=947
 compilation: enabled
              stopped_count=0, restarted_count=0
 full_count=0

Compilation events (20 events):
Event: 9.078 Thread 0x0000014feb2e53c0 7757       1       org.jetbrains.kotlin.ir.builders.declarations.IrFunctionBuilder::isTailrec (5 bytes)
Event: 9.078 Thread 0x0000014feb2e53c0 nmethod 7757 0x0000014fdce98e10 code [0x0000014fdce98fa0, 0x0000014fdce99078]
Event: 9.078 Thread 0x0000014feb2e53c0 7758       1       org.jetbrains.kotlin.ir.builders.declarations.IrFunctionBuilder::isSuspend (5 bytes)
Event: 9.078 Thread 0x0000014feb2e53c0 nmethod 7758 0x0000014fdce99110 code [0x0000014fdce992a0, 0x0000014fdce99378]
Event: 9.078 Thread 0x0000014feb2e53c0 7759       1       org.jetbrains.kotlin.ir.builders.declarations.IrFunctionBuilder::isOperator (5 bytes)
Event: 9.078 Thread 0x0000014feb2e53c0 nmethod 7759 0x0000014fdce99410 code [0x0000014fdce995a0, 0x0000014fdce99678]
Event: 9.078 Thread 0x0000014feb2e53c0 7760       1       org.jetbrains.kotlin.ir.builders.declarations.IrFunctionBuilder::isInfix (5 bytes)
Event: 9.078 Thread 0x0000014feb2e53c0 nmethod 7760 0x0000014fdce99710 code [0x0000014fdce998a0, 0x0000014fdce99978]
Event: 9.078 Thread 0x0000014feb2e53c0 7761       1       org.jetbrains.kotlin.ir.builders.declarations.IrFunctionBuilder::isFakeOverride (5 bytes)
Event: 9.078 Thread 0x0000014feb2e53c0 nmethod 7761 0x0000014fdce99a10 code [0x0000014fdce99ba0, 0x0000014fdce99c78]
Event: 9.078 Thread 0x0000014feb2e53c0 7764       1       org.jetbrains.kotlin.ir.builders.IrElementBuilder::setStartOffset (6 bytes)
Event: 9.078 Thread 0x0000014feb2e53c0 nmethod 7764 0x0000014fdce99d10 code [0x0000014fdce99ea0, 0x0000014fdce99f78]
Event: 9.078 Thread 0x0000014feb2e53c0 7765       1       org.jetbrains.kotlin.ir.builders.IrElementBuilder::setEndOffset (6 bytes)
Event: 9.078 Thread 0x0000014feb2e53c0 nmethod 7765 0x0000014fdce9a010 code [0x0000014fdce9a1a0, 0x0000014fdce9a278]
Event: 9.078 Thread 0x0000014feb2e53c0 7766       1       org.jetbrains.kotlin.ir.builders.declarations.IrFunctionBuilder::setSuspend (6 bytes)
Event: 9.078 Thread 0x0000014feb2e53c0 nmethod 7766 0x0000014fdce9a310 code [0x0000014fdce9a4a0, 0x0000014fdce9a578]
Event: 9.078 Thread 0x0000014feb2e53c0 7767       1       org.jetbrains.kotlin.ir.builders.declarations.IrFunctionBuilder::setFakeOverride (6 bytes)
Event: 9.078 Thread 0x0000014feb2e53c0 nmethod 7767 0x0000014fdce9a610 code [0x0000014fdce9a7a0, 0x0000014fdce9a878]
Event: 9.078 Thread 0x0000014feb2e53c0 7768       1       org.jetbrains.kotlin.ir.builders.declarations.IrFunctionBuilder::setInline (6 bytes)
Event: 9.078 Thread 0x0000014feb2e53c0 nmethod 7768 0x0000014fdce9a910 code [0x0000014fdce9aaa0, 0x0000014fdce9ab78]

GC Heap History (20 events):
Event: 3.557 GC heap before
{Heap before GC invocations=14 (full 0):
 garbage-first heap   total 105472K, used 43841K [0x0000000080000000, 0x0000000100000000)
  region size 1024K, 6 young (6144K), 5 survivors (5120K)
 Metaspace       used 43043K, committed 43456K, reserved 1114112K
  class space    used 5872K, committed 6080K, reserved 1048576K
}
Event: 3.562 GC heap after
{Heap after GC invocations=15 (full 0):
 garbage-first heap   total 105472K, used 43270K [0x0000000080000000, 0x0000000100000000)
  region size 1024K, 1 young (1024K), 1 survivors (1024K)
 Metaspace       used 43043K, committed 43456K, reserved 1114112K
  class space    used 5872K, committed 6080K, reserved 1048576K
}
Event: 3.871 GC heap before
{Heap before GC invocations=15 (full 0):
 garbage-first heap   total 105472K, used 82182K [0x0000000080000000, 0x0000000100000000)
  region size 1024K, 35 young (35840K), 1 survivors (1024K)
 Metaspace       used 46152K, committed 46592K, reserved 1114112K
  class space    used 6122K, committed 6336K, reserved 1048576K
}
Event: 3.874 GC heap after
{Heap after GC invocations=16 (full 0):
 garbage-first heap   total 105472K, used 46091K [0x0000000080000000, 0x0000000100000000)
  region size 1024K, 4 young (4096K), 4 survivors (4096K)
 Metaspace       used 46152K, committed 46592K, reserved 1114112K
  class space    used 6122K, committed 6336K, reserved 1048576K
}
Event: 4.304 GC heap before
{Heap before GC invocations=16 (full 0):
 garbage-first heap   total 105472K, used 78859K [0x0000000080000000, 0x0000000100000000)
  region size 1024K, 36 young (36864K), 4 survivors (4096K)
 Metaspace       used 50243K, committed 50688K, reserved 1114112K
  class space    used 6776K, committed 6976K, reserved 1048576K
}
Event: 4.310 GC heap after
{Heap after GC invocations=17 (full 0):
 garbage-first heap   total 105472K, used 47541K [0x0000000080000000, 0x0000000100000000)
  region size 1024K, 2 young (2048K), 2 survivors (2048K)
 Metaspace       used 50243K, committed 50688K, reserved 1114112K
  class space    used 6776K, committed 6976K, reserved 1048576K
}
Event: 4.439 GC heap before
{Heap before GC invocations=17 (full 0):
 garbage-first heap   total 105472K, used 54709K [0x0000000080000000, 0x0000000100000000)
  region size 1024K, 11 young (11264K), 2 survivors (2048K)
 Metaspace       used 50718K, committed 51136K, reserved 1114112K
  class space    used 6846K, committed 7040K, reserved 1048576K
}
Event: 4.444 GC heap after
{Heap after GC invocations=18 (full 0):
 garbage-first heap   total 210944K, used 49457K [0x0000000080000000, 0x0000000100000000)
  region size 1024K, 4 young (4096K), 4 survivors (4096K)
 Metaspace       used 50718K, committed 51136K, reserved 1114112K
  class space    used 6846K, committed 7040K, reserved 1048576K
}
Event: 5.286 GC heap before
{Heap before GC invocations=18 (full 0):
 garbage-first heap   total 210944K, used 146737K [0x0000000080000000, 0x0000000100000000)
  region size 1024K, 86 young (88064K), 4 survivors (4096K)
 Metaspace       used 60211K, committed 60736K, reserved 1114112K
  class space    used 8511K, committed 8768K, reserved 1048576K
}
Event: 5.293 GC heap after
{Heap after GC invocations=19 (full 0):
 garbage-first heap   total 210944K, used 68250K [0x0000000080000000, 0x0000000100000000)
  region size 1024K, 10 young (10240K), 10 survivors (10240K)
 Metaspace       used 60211K, committed 60736K, reserved 1114112K
  class space    used 8511K, committed 8768K, reserved 1048576K
}
Event: 6.038 GC heap before
{Heap before GC invocations=20 (full 0):
 garbage-first heap   total 210944K, used 160410K [0x0000000080000000, 0x0000000100000000)
  region size 1024K, 93 young (95232K), 10 survivors (10240K)
 Metaspace       used 71835K, committed 72512K, reserved 1114112K
  class space    used 10007K, committed 10304K, reserved 1048576K
}
Event: 6.053 GC heap after
{Heap after GC invocations=21 (full 0):
 garbage-first heap   total 210944K, used 79262K [0x0000000080000000, 0x0000000100000000)
  region size 1024K, 10 young (10240K), 10 survivors (10240K)
 Metaspace       used 71835K, committed 72512K, reserved 1114112K
  class space    used 10007K, committed 10304K, reserved 1048576K
}
Event: 6.826 GC heap before
{Heap before GC invocations=22 (full 0):
 garbage-first heap   total 210944K, used 170398K [0x0000000080000000, 0x0000000100000000)
  region size 1024K, 92 young (94208K), 10 survivors (10240K)
 Metaspace       used 77753K, committed 78400K, reserved 1179648K
  class space    used 10711K, committed 11008K, reserved 1048576K
}
Event: 6.845 GC heap after
{Heap after GC invocations=23 (full 0):
 garbage-first heap   total 210944K, used 90644K [0x0000000080000000, 0x0000000100000000)
  region size 1024K, 12 young (12288K), 12 survivors (12288K)
 Metaspace       used 77753K, committed 78400K, reserved 1179648K
  class space    used 10711K, committed 11008K, reserved 1048576K
}
Event: 7.390 GC heap before
{Heap before GC invocations=23 (full 0):
 garbage-first heap   total 210944K, used 166420K [0x0000000080000000, 0x0000000100000000)
  region size 1024K, 86 young (88064K), 12 survivors (12288K)
 Metaspace       used 86578K, committed 87168K, reserved 1179648K
  class space    used 11629K, committed 11904K, reserved 1048576K
}
Event: 7.403 GC heap after
{Heap after GC invocations=24 (full 0):
 garbage-first heap   total 210944K, used 96118K [0x0000000080000000, 0x0000000100000000)
  region size 1024K, 5 young (5120K), 5 survivors (5120K)
 Metaspace       used 86578K, committed 87168K, reserved 1179648K
  class space    used 11629K, committed 11904K, reserved 1048576K
}
Event: 8.113 GC heap before
{Heap before GC invocations=24 (full 0):
 garbage-first heap   total 210944K, used 170870K [0x0000000080000000, 0x0000000100000000)
  region size 1024K, 77 young (78848K), 5 survivors (5120K)
 Metaspace       used 92876K, committed 93440K, reserved 1179648K
  class space    used 12394K, committed 12672K, reserved 1048576K
}
Event: 8.122 GC heap after
{Heap after GC invocations=25 (full 0):
 garbage-first heap   total 210944K, used 99788K [0x0000000080000000, 0x0000000100000000)
  region size 1024K, 9 young (9216K), 9 survivors (9216K)
 Metaspace       used 92876K, committed 93440K, reserved 1179648K
  class space    used 12394K, committed 12672K, reserved 1048576K
}
Event: 8.749 GC heap before
{Heap before GC invocations=25 (full 0):
 garbage-first heap   total 210944K, used 171468K [0x0000000080000000, 0x0000000100000000)
  region size 1024K, 79 young (80896K), 9 survivors (9216K)
 Metaspace       used 98825K, committed 99392K, reserved 1179648K
  class space    used 12996K, committed 13248K, reserved 1048576K
}
Event: 8.759 GC heap after
{Heap after GC invocations=26 (full 0):
 garbage-first heap   total 210944K, used 105192K [0x0000000080000000, 0x0000000100000000)
  region size 1024K, 10 young (10240K), 10 survivors (10240K)
 Metaspace       used 98825K, committed 99392K, reserved 1179648K
  class space    used 12996K, committed 13248K, reserved 1048576K
}

Dll operation events (3 events):
Event: 0.006 Loaded shared library C:\Program Files\Android\Android Studio\jbr\bin\java.dll
Event: 0.100 Loaded shared library C:\Program Files\Android\Android Studio\jbr\bin\zip.dll
Event: 0.401 Loaded shared library C:\Program Files\Android\Android Studio\jbr\bin\verify.dll

Deoptimization events (20 events):
Event: 8.685 Thread 0x0000014ff0d62700 Uncommon trap: trap_request=0xffffffc6 fr.pc=0x0000014fdcc0da5c relative=0x00000000000031bc
Event: 8.685 Thread 0x0000014ff0d62700 Uncommon trap: reason=bimorphic_or_optimized_type_check action=maybe_recompile pc=0x0000014fdcc0da5c method=java.util.AbstractCollection.addAll(Ljava/util/Collection;)Z @ 29 c2
Event: 8.685 Thread 0x0000014ff0d62700 DEOPT PACKING pc=0x0000014fdcc0da5c sp=0x0000000edf8f55d0
Event: 8.685 Thread 0x0000014ff0d62700 DEOPT UNPACKING pc=0x0000014fdc59a1a3 sp=0x0000000edf8f55c0 mode 2
Event: 8.690 Thread 0x0000014ff0d62700 Uncommon trap: trap_request=0xffffffc6 fr.pc=0x0000014fdcc0da5c relative=0x00000000000031bc
Event: 8.690 Thread 0x0000014ff0d62700 Uncommon trap: reason=bimorphic_or_optimized_type_check action=maybe_recompile pc=0x0000014fdcc0da5c method=java.util.AbstractCollection.addAll(Ljava/util/Collection;)Z @ 29 c2
Event: 8.690 Thread 0x0000014ff0d62700 DEOPT PACKING pc=0x0000014fdcc0da5c sp=0x0000000edf8f55d0
Event: 8.690 Thread 0x0000014ff0d62700 DEOPT UNPACKING pc=0x0000014fdc59a1a3 sp=0x0000000edf8f55c0 mode 2
Event: 8.691 Thread 0x0000014ff0d62700 Uncommon trap: trap_request=0xffffffc6 fr.pc=0x0000014fdcc0da5c relative=0x00000000000031bc
Event: 8.691 Thread 0x0000014ff0d62700 Uncommon trap: reason=bimorphic_or_optimized_type_check action=maybe_recompile pc=0x0000014fdcc0da5c method=java.util.AbstractCollection.addAll(Ljava/util/Collection;)Z @ 29 c2
Event: 8.691 Thread 0x0000014ff0d62700 DEOPT PACKING pc=0x0000014fdcc0da5c sp=0x0000000edf8f55d0
Event: 8.691 Thread 0x0000014ff0d62700 DEOPT UNPACKING pc=0x0000014fdc59a1a3 sp=0x0000000edf8f55c0 mode 2
Event: 8.891 Thread 0x0000014ff0d62700 Uncommon trap: trap_request=0xffffff45 fr.pc=0x0000014fdccbaaec relative=0x0000000000000f6c
Event: 8.891 Thread 0x0000014ff0d62700 Uncommon trap: reason=unstable_if action=reinterpret pc=0x0000014fdccbaaec method=org.jetbrains.kotlin.metadata.ProtoBuf$Type.getSerializedSize()I @ 176 c2
Event: 8.891 Thread 0x0000014ff0d62700 DEOPT PACKING pc=0x0000014fdccbaaec sp=0x0000000edf8f3b40
Event: 8.891 Thread 0x0000014ff0d62700 DEOPT UNPACKING pc=0x0000014fdc59a1a3 sp=0x0000000edf8f3b00 mode 2
Event: 8.891 Thread 0x0000014ff0d62700 Uncommon trap: trap_request=0xffffff45 fr.pc=0x0000014fdce22ea0 relative=0x0000000000001940
Event: 8.891 Thread 0x0000014ff0d62700 Uncommon trap: reason=unstable_if action=reinterpret pc=0x0000014fdce22ea0 method=org.jetbrains.kotlin.metadata.ProtoBuf$Type.writeTo(Lorg/jetbrains/kotlin/protobuf/CodedOutputStream;)V @ 160 c2
Event: 8.891 Thread 0x0000014ff0d62700 DEOPT PACKING pc=0x0000014fdce22ea0 sp=0x0000000edf8f3ad0
Event: 8.891 Thread 0x0000014ff0d62700 DEOPT UNPACKING pc=0x0000014fdc59a1a3 sp=0x0000000edf8f3ab8 mode 2

Classes unloaded (0 events):
No events

Classes redefined (0 events):
No events

Internal exceptions (20 events):
Event: 5.425 Thread 0x0000014ff0d62700 Exception <a 'sun/nio/fs/WindowsException'{0x000000008bcc67c0}> (0x000000008bcc67c0) 
thrown [s\src\hotspot\share\prims\jni.cpp, line 531]
Event: 5.497 Thread 0x0000014ff0d62700 Exception <a 'java/lang/NoSuchMethodError'{0x000000008b147a78}: 'long java.lang.invoke.DirectMethodHandle$Holder.invokeStatic(java.lang.Object)'> (0x000000008b147a78) 
thrown [s\src\hotspot\share\interpreter\linkResolver.cpp, line 771]
Event: 5.497 Thread 0x0000014ff0d62700 Exception <a 'java/lang/NoSuchMethodError'{0x000000008b14c660}: 'long java.lang.invoke.DirectMethodHandle$Holder.invokeStaticInit(java.lang.Object)'> (0x000000008b14c660) 
thrown [s\src\hotspot\share\interpreter\linkResolver.cpp, line 771]
Event: 5.541 Thread 0x0000014ff0d62700 Exception <a 'java/lang/NoSuchMethodError'{0x000000008ac8c480}: 'long java.lang.invoke.Invokers$Holder.invoke_MT(java.lang.Object, java.lang.Object, java.lang.Object, java.lang.Object)'> (0x000000008ac8c480) 
thrown [s\src\hotspot\share\interpreter\linkResolver.cpp, line 771]
Event: 5.541 Thread 0x0000014ff0d62700 Exception <a 'java/lang/NoSuchMethodError'{0x000000008ac95828}: 'int java.lang.invoke.Invokers$Holder.invoke_MT(java.lang.Object, java.lang.Object, java.lang.Object, java.lang.Object)'> (0x000000008ac95828) 
thrown [s\src\hotspot\share\interpreter\linkResolver.cpp, line 771]
Event: 5.543 Thread 0x0000014ff0d62700 Exception <a 'java/lang/NoSuchMethodError'{0x000000008aca6110}: 'void java.lang.invoke.DelegatingMethodHandle$Holder.reinvoke_L(java.lang.Object, java.lang.Object, java.lang.Object, long, java.lang.Object)'> (0x000000008aca6110) 
thrown [s\src\hotspot\share\interpreter\linkResolver.cpp, line 771]
Event: 5.543 Thread 0x0000014ff0d62700 Exception <a 'java/lang/NoSuchMethodError'{0x000000008acaea40}: 'java.lang.Object java.lang.invoke.DirectMethodHandle$Holder.invokeSpecial(java.lang.Object, java.lang.Object, java.lang.Object, java.lang.Object, long)'> (0x000000008acaea40) 
thrown [s\src\hotspot\share\interpreter\linkResolver.cpp, line 771]
Event: 5.544 Thread 0x0000014ff0d62700 Exception <a 'java/lang/NoSuchMethodError'{0x000000008acbf4b8}: 'int java.lang.invoke.DelegatingMethodHandle$Holder.reinvoke_L(java.lang.Object, java.lang.Object, java.lang.Object, long, java.lang.Object, java.lang.Object)'> (0x000000008acbf4b8) 
thrown [s\src\hotspot\share\interpreter\linkResolver.cpp, line 771]
Event: 5.545 Thread 0x0000014ff0d62700 Exception <a 'java/lang/NoSuchMethodError'{0x000000008accf588}: 'int java.lang.invoke.DelegatingMethodHandle$Holder.reinvoke_L(java.lang.Object, java.lang.Object, java.lang.Object, long, int, int)'> (0x000000008accf588) 
thrown [s\src\hotspot\share\interpreter\linkResolver.cpp, line 771]
Event: 5.545 Thread 0x0000014ff0d62700 Exception <a 'java/lang/NoSuchMethodError'{0x000000008acdf400}: 'int java.lang.invoke.DelegatingMethodHandle$Holder.reinvoke_L(java.lang.Object, java.lang.Object, java.lang.Object, long, long, long)'> (0x000000008acdf400) 
thrown [s\src\hotspot\share\interpreter\linkResolver.cpp, line 771]
Event: 5.548 Thread 0x0000014ff0d62700 Exception <a 'java/lang/NoSuchMethodError'{0x000000008aceef58}: 'int java.lang.invoke.DelegatingMethodHandle$Holder.reinvoke_L(java.lang.Object, java.lang.Object, java.lang.Object, long, int)'> (0x000000008aceef58) 
thrown [s\src\hotspot\share\interpreter\linkResolver.cpp, line 771]
Event: 5.796 Thread 0x0000014ff0d62700 Exception <a 'java/lang/NoSuchMethodError'{0x00000000891eb8f0}: 'void java.lang.invoke.DirectMethodHandle$Holder.invokeVirtual(java.lang.Object, java.lang.Object)'> (0x00000000891eb8f0) 
thrown [s\src\hotspot\share\interpreter\linkResolver.cpp, line 771]
Event: 5.933 Thread 0x0000014ff0d62700 Exception <a 'java/lang/NoSuchMethodError'{0x0000000088225b38}: 'java.lang.Object java.lang.invoke.Invokers$Holder.invokeExact_MT(java.lang.Object, java.lang.Object, long, java.lang.Object)'> (0x0000000088225b38) 
thrown [s\src\hotspot\share\interpreter\linkResolver.cpp, line 771]
Event: 5.966 Thread 0x0000014ff0d62700 Exception <a 'java/lang/NoSuchMethodError'{0x0000000088096da0}: 'java.lang.Object java.lang.invoke.Invokers$Holder.invoke_MT(java.lang.Object, java.lang.Object, java.lang.Object)'> (0x0000000088096da0) 
thrown [s\src\hotspot\share\interpreter\linkResolver.cpp, line 771]
Event: 6.313 Thread 0x0000014ff0d62700 Implicit null exception at 0x0000014fdcb3e12d to 0x0000014fdcb3f9e0
Event: 6.313 Thread 0x0000014ff0d62700 Implicit null exception at 0x0000014fdcb853f6 to 0x0000014fdcb863b4
Event: 7.533 Thread 0x0000014ff0d62700 Exception <a 'java/lang/NoSuchMethodError'{0x000000008c0d3f00}: 'java.lang.Object java.lang.invoke.DirectMethodHandle$Holder.invokeStatic(java.lang.Object, java.lang.Object, java.lang.Object, java.lang.Object, int)'> (0x000000008c0d3f00) 
thrown [s\src\hotspot\share\interpreter\linkResolver.cpp, line 771]
Event: 8.522 Thread 0x0000014ff0d62700 Implicit null exception at 0x0000014fdcb9fe91 to 0x0000014fdcb9fff8
Event: 8.552 Thread 0x0000014ff0d62700 Implicit null exception at 0x0000014fdce57d93 to 0x0000014fdce57ee8
Event: 8.855 Thread 0x0000014ff0d62700 Exception <a 'java/lang/NoSuchMethodError'{0x000000008c422540}: 'java.lang.Object java.lang.invoke.DirectMethodHandle$Holder.newInvokeSpecial(java.lang.Object, java.lang.Object, java.lang.Object, int, int, java.lang.Object, java.lang.Object)'> (0x000000008c422540) 
thrown [s\src\hotspot\share\interpreter\linkResolver.cpp, line 771]

VM Operations (20 events):
Event: 7.758 Executing VM operation: ICBufferFull
Event: 7.758 Executing VM operation: ICBufferFull done
Event: 8.113 Executing VM operation: G1CollectForAllocation
Event: 8.122 Executing VM operation: G1CollectForAllocation done
Event: 8.281 Executing VM operation: HandshakeAllThreads
Event: 8.282 Executing VM operation: HandshakeAllThreads done
Event: 8.314 Executing VM operation: ICBufferFull
Event: 8.314 Executing VM operation: ICBufferFull done
Event: 8.565 Executing VM operation: ICBufferFull
Event: 8.565 Executing VM operation: ICBufferFull done
Event: 8.615 Executing VM operation: HandshakeAllThreads
Event: 8.615 Executing VM operation: HandshakeAllThreads done
Event: 8.749 Executing VM operation: G1CollectForAllocation
Event: 8.759 Executing VM operation: G1CollectForAllocation done
Event: 8.927 Executing VM operation: HandshakeAllThreads
Event: 8.927 Executing VM operation: HandshakeAllThreads done
Event: 8.941 Executing VM operation: HandshakeAllThreads
Event: 8.941 Executing VM operation: HandshakeAllThreads done
Event: 9.046 Executing VM operation: HandshakeAllThreads
Event: 9.046 Executing VM operation: HandshakeAllThreads done

Events (20 events):
Event: 7.321 loading class java/io/NotSerializableException
Event: 7.321 loading class java/io/NotSerializableException done
Event: 7.342 loading class java/util/AbstractList$ListItr
Event: 7.342 loading class java/util/AbstractList$ListItr done
Event: 7.495 loading class java/util/function/IntUnaryOperator
Event: 7.495 loading class java/util/function/IntUnaryOperator done
Event: 7.520 loading class java/util/AbstractList$SubList
Event: 7.520 loading class java/util/AbstractList$SubList done
Event: 7.520 loading class java/util/AbstractList$SubList$1
Event: 7.520 loading class java/util/AbstractList$SubList$1 done
Event: 8.268 loading class java/util/AbstractList$RandomAccessSubList
Event: 8.268 loading class java/util/AbstractList$RandomAccessSubList done
Event: 8.284 Thread 0x0000014feb2ee0f0 flushing nmethod 0x0000014fd52b6b10
Event: 8.285 Thread 0x0000014feb2ee0f0 flushing nmethod 0x0000014fd5337210
Event: 8.286 Thread 0x0000014feb2ee0f0 flushing nmethod 0x0000014fd55de410
Event: 8.286 Thread 0x0000014feb2ee0f0 flushing nmethod 0x0000014fd55dea90
Event: 8.286 Thread 0x0000014feb2ee0f0 flushing nmethod 0x0000014fd5624b90
Event: 8.288 Thread 0x0000014feb2ee0f0 flushing nmethod 0x0000014fd590fd10
Event: 8.288 Thread 0x0000014feb2ee0f0 flushing nmethod 0x0000014fd59ddf10
Event: 8.288 Thread 0x0000014feb2ee0f0 flushing nmethod 0x0000014fd5a17710


Dynamic libraries:
0x00007ff7b9fc0000 - 0x00007ff7b9fca000 	C:\Program Files\Android\Android Studio\jbr\bin\java.exe
0x00007ffd83740000 - 0x00007ffd83949000 	C:\Windows\SYSTEM32\ntdll.dll
0x00007ffd82460000 - 0x00007ffd8251d000 	C:\Windows\System32\KERNEL32.DLL
0x00007ffd80e90000 - 0x00007ffd81214000 	C:\Windows\System32\KERNELBASE.dll
0x00007ffd80d70000 - 0x00007ffd80e81000 	C:\Windows\System32\ucrtbase.dll
0x00007ffd69eb0000 - 0x00007ffd69ec7000 	C:\Program Files\Android\Android Studio\jbr\bin\jli.dll
0x00007ffd82530000 - 0x00007ffd826dd000 	C:\Windows\System32\USER32.dll
0x00007ffd81390000 - 0x00007ffd813b6000 	C:\Windows\System32\win32u.dll
0x00007ffd82ea0000 - 0x00007ffd82eca000 	C:\Windows\System32\GDI32.dll
0x00007ffd80bd0000 - 0x00007ffd80cee000 	C:\Windows\System32\gdi32full.dll
0x00007ffd814f0000 - 0x00007ffd8158d000 	C:\Windows\System32\msvcp_win.dll
0x00007ffd635a0000 - 0x00007ffd635bb000 	C:\Program Files\Android\Android Studio\jbr\bin\VCRUNTIME140.dll
0x00007ffd6a980000 - 0x00007ffd6ac25000 	C:\Windows\WinSxS\amd64_microsoft.windows.common-controls_6595b64144ccf1df_6.0.22000.120_none_9d947278b86cc467\COMCTL32.dll
0x00007ffd83650000 - 0x00007ffd836f3000 	C:\Windows\System32\msvcrt.dll
0x00007ffd82e60000 - 0x00007ffd82e91000 	C:\Windows\System32\IMM32.DLL
0x00007ffd73450000 - 0x00007ffd7345c000 	C:\Program Files\Android\Android Studio\jbr\bin\vcruntime140_1.dll
0x00007ffd5a1a0000 - 0x00007ffd5a22d000 	C:\Program Files\Android\Android Studio\jbr\bin\msvcp140.dll
0x00007ffd1ebb0000 - 0x00007ffd1f833000 	C:\Program Files\Android\Android Studio\jbr\bin\server\jvm.dll
0x00007ffd82a50000 - 0x00007ffd82afe000 	C:\Windows\System32\ADVAPI32.dll
0x00007ffd82b00000 - 0x00007ffd82b9e000 	C:\Windows\System32\sechost.dll
0x00007ffd81660000 - 0x00007ffd81781000 	C:\Windows\System32\RPCRT4.dll
0x00007ffd7f9e0000 - 0x00007ffd7fa2d000 	C:\Windows\SYSTEM32\POWRPROF.dll
0x00007ffd79e70000 - 0x00007ffd79e79000 	C:\Windows\SYSTEM32\WSOCK32.dll
0x00007ffd823f0000 - 0x00007ffd8245f000 	C:\Windows\System32\WS2_32.dll
0x00007ffd704f0000 - 0x00007ffd70523000 	C:\Windows\SYSTEM32\WINMM.dll
0x00007ffd74300000 - 0x00007ffd7430a000 	C:\Windows\SYSTEM32\VERSION.dll
0x00007ffd7f960000 - 0x00007ffd7f973000 	C:\Windows\SYSTEM32\UMPDC.dll
0x00007ffd7fd30000 - 0x00007ffd7fd48000 	C:\Windows\SYSTEM32\kernel.appcore.dll
0x00007ffd79e60000 - 0x00007ffd79e6a000 	C:\Program Files\Android\Android Studio\jbr\bin\jimage.dll
0x00007ffd7ded0000 - 0x00007ffd7e0f1000 	C:\Windows\SYSTEM32\DBGHELP.DLL
0x00007ffd68cd0000 - 0x00007ffd68d01000 	C:\Windows\SYSTEM32\dbgcore.DLL
0x00007ffd80cf0000 - 0x00007ffd80d6f000 	C:\Windows\System32\bcryptPrimitives.dll
0x00007ffd6ad20000 - 0x00007ffd6ad2e000 	C:\Program Files\Android\Android Studio\jbr\bin\instrument.dll
0x00007ffd71410000 - 0x00007ffd71435000 	C:\Program Files\Android\Android Studio\jbr\bin\java.dll
0x00007ffd79990000 - 0x00007ffd799a8000 	C:\Program Files\Android\Android Studio\jbr\bin\zip.dll
0x00007ffd81790000 - 0x00007ffd81f55000 	C:\Windows\System32\SHELL32.dll
0x00007ffd7ec70000 - 0x00007ffd7f4d2000 	C:\Windows\SYSTEM32\windows.storage.dll
0x00007ffd82ed0000 - 0x00007ffd83246000 	C:\Windows\System32\combase.dll
0x00007ffd7eb00000 - 0x00007ffd7ec67000 	C:\Windows\SYSTEM32\wintypes.dll
0x00007ffd827c0000 - 0x00007ffd828aa000 	C:\Windows\System32\SHCORE.dll
0x00007ffd82de0000 - 0x00007ffd82e3d000 	C:\Windows\System32\shlwapi.dll
0x00007ffd80b00000 - 0x00007ffd80b25000 	C:\Windows\SYSTEM32\profapi.dll
0x00007ffd798d0000 - 0x00007ffd798e9000 	C:\Program Files\Android\Android Studio\jbr\bin\net.dll
0x00007ffd764c0000 - 0x00007ffd765d4000 	C:\Windows\SYSTEM32\WINHTTP.dll
0x00007ffd801e0000 - 0x00007ffd80247000 	C:\Windows\system32\mswsock.dll
0x00007ffd72ff0000 - 0x00007ffd73006000 	C:\Program Files\Android\Android Studio\jbr\bin\nio.dll
0x00007ffd794e0000 - 0x00007ffd794f0000 	C:\Program Files\Android\Android Studio\jbr\bin\verify.dll
0x00007ffd694e0000 - 0x00007ffd69507000 	C:\Users\Acer\.gradle\native\c067742578af261105cb4f569cf0c3c89f3d7b1fecec35dd04571415982c5e48\windows-amd64\native-platform.dll
0x00007ffd5a050000 - 0x00007ffd5a194000 	C:\Users\Acer\.gradle\native\38dada09dfb8b06ba9b0570ebf7e218e3eb74d4ef43ca46872605cf95ebc2f47\windows-amd64\native-platform-file-events.dll
0x00007ffd70570000 - 0x00007ffd70579000 	C:\Program Files\Android\Android Studio\jbr\bin\management.dll
0x00007ffd6ad30000 - 0x00007ffd6ad3b000 	C:\Program Files\Android\Android Studio\jbr\bin\management_ext.dll
0x00007ffd81f60000 - 0x00007ffd81f68000 	C:\Windows\System32\PSAPI.DLL
0x00007ffd80420000 - 0x00007ffd80438000 	C:\Windows\SYSTEM32\CRYPTSP.dll
0x00007ffd7fc70000 - 0x00007ffd7fca5000 	C:\Windows\system32\rsaenh.dll
0x00007ffd802d0000 - 0x00007ffd802fc000 	C:\Windows\SYSTEM32\USERENV.dll
0x00007ffd805a0000 - 0x00007ffd805c7000 	C:\Windows\SYSTEM32\bcrypt.dll
0x00007ffd80440000 - 0x00007ffd8044c000 	C:\Windows\SYSTEM32\CRYPTBASE.dll
0x00007ffd7f7e0000 - 0x00007ffd7f80d000 	C:\Windows\SYSTEM32\IPHLPAPI.DLL
0x00007ffd82c10000 - 0x00007ffd82c19000 	C:\Windows\System32\NSI.dll
0x00007ffd76480000 - 0x00007ffd76499000 	C:\Windows\SYSTEM32\dhcpcsvc6.DLL
0x00007ffd76830000 - 0x00007ffd7684e000 	C:\Windows\SYSTEM32\dhcpcsvc.DLL
0x00007ffd7f810000 - 0x00007ffd7f8f7000 	C:\Windows\SYSTEM32\DNSAPI.dll
0x00007ffd79900000 - 0x00007ffd79909000 	C:\Program Files\Android\Android Studio\jbr\bin\extnet.dll
0x00007ffd79c60000 - 0x00007ffd79c68000 	C:\Windows\system32\wshunix.dll

dbghelp: loaded successfully - version: 4.0.5 - missing functions: none
symbol engine: initialized successfully - sym options: 0x614 - pdb path: .;C:\Program Files\Android\Android Studio\jbr\bin;C:\Windows\SYSTEM32;C:\Windows\WinSxS\amd64_microsoft.windows.common-controls_6595b64144ccf1df_6.0.22000.120_none_9d947278b86cc467;C:\Program Files\Android\Android Studio\jbr\bin\server;C:\Users\Acer\.gradle\native\c067742578af261105cb4f569cf0c3c89f3d7b1fecec35dd04571415982c5e48\windows-amd64;C:\Users\Acer\.gradle\native\38dada09dfb8b06ba9b0570ebf7e218e3eb74d4ef43ca46872605cf95ebc2f47\windows-amd64

VM Arguments:
jvm_args: --add-opens=java.base/java.util=ALL-UNNAMED --add-opens=java.base/java.lang=ALL-UNNAMED --add-opens=java.base/java.lang.invoke=ALL-UNNAMED --add-opens=java.prefs/java.util.prefs=ALL-UNNAMED --add-opens=java.base/java.nio.charset=ALL-UNNAMED --add-opens=java.base/java.net=ALL-UNNAMED --add-opens=java.base/java.util.concurrent.atomic=ALL-UNNAMED -Xmx2048m -Dfile.encoding=UTF-8 -Duser.country=CA -Duser.language=en -Duser.variant -javaagent:C:\Users\Acer\.gradle\wrapper\dists\gradle-8.7-bin\bhs2wmbdwecv87pi65oeuq5iu\gradle-8.7\lib\agents\gradle-instrumentation-agent-8.7.jar 
java_command: org.gradle.launcher.daemon.bootstrap.GradleDaemon 8.7
java_class_path (initial): C:\Users\Acer\.gradle\wrapper\dists\gradle-8.7-bin\bhs2wmbdwecv87pi65oeuq5iu\gradle-8.7\lib\gradle-launcher-8.7.jar
Launcher Type: SUN_STANDARD

[Global flags]
     intx CICompilerCount                          = 3                                         {product} {ergonomic}
     uint ConcGCThreads                            = 1                                         {product} {ergonomic}
     uint G1ConcRefinementThreads                  = 4                                         {product} {ergonomic}
   size_t G1HeapRegionSize                         = 1048576                                   {product} {ergonomic}
    uintx GCDrainStackTargetSize                   = 64                                        {product} {ergonomic}
   size_t InitialHeapSize                          = 266338304                                 {product} {ergonomic}
   size_t MarkStackSize                            = 4194304                                   {product} {ergonomic}
   size_t MaxHeapSize                              = 2147483648                                {product} {command line}
   size_t MaxNewSize                               = 1287651328                                {product} {ergonomic}
   size_t MinHeapDeltaBytes                        = 1048576                                   {product} {ergonomic}
   size_t MinHeapSize                              = 8388608                                   {product} {ergonomic}
    uintx NonNMethodCodeHeapSize                   = 5832780                                {pd product} {ergonomic}
    uintx NonProfiledCodeHeapSize                  = 122912730                              {pd product} {ergonomic}
    uintx ProfiledCodeHeapSize                     = 122912730                              {pd product} {ergonomic}
    uintx ReservedCodeCacheSize                    = 251658240                              {pd product} {ergonomic}
     bool SegmentedCodeCache                       = true                                      {product} {ergonomic}
   size_t SoftMaxHeapSize                          = 2147483648                             {manageable} {ergonomic}
     bool UseCompressedClassPointers               = true                           {product lp64_product} {ergonomic}
     bool UseCompressedOops                        = true                           {product lp64_product} {ergonomic}
     bool UseG1GC                                  = true                                      {product} {ergonomic}
     bool UseLargePagesIndividualAllocation        = false                                  {pd product} {ergonomic}

Logging:
Log output configuration:
 #0: stdout all=warning uptime,level,tags
 #1: stderr all=off uptime,level,tags

Environment Variables:
PATH=C:\Windows\system32;C:\Windows;C:\Windows\System32\Wbem;C:\Windows\System32\WindowsPowerShell\v1.0\;C:\Windows\System32\OpenSSH\;C:\Program Files\dotnet\;C:\ProgramData\chocolatey\bin;C:\Program Files\Microsoft SQL Server\Client SDK\ODBC\170\Tools\Binn\;C:\Program Files (x86)\Microsoft SQL Server\160\Tools\Binn\;C:\Program Files\Microsoft SQL Server\160\Tools\Binn\;C:\Program Files\Microsoft SQL Server\160\DTS\Binn\;C:\Program Files (x86)\Microsoft SQL Server\160\DTS\Binn\;C:\Program Files\MySQL\MySQL Server 8.0\bin;C:\Program Files\MongoDB\Server\7.0\bin;C:\Program Files\Microsoft SQL Server\150\Tools\Binn\;C:\Program Files (x86)\Windows Kits\10\Windows Performance Toolkit\;C:\Users\Acer\AppData\Local\Programs\Python\Python39\;C:\Program Files\nodejs\;C:\Program Files\Git\cmd;C:\Program Files\PowerShell\7\;C:\Users\Acer\AppData\Local\Programs\Python\Python312\Scripts\;C:\Users\Acer\AppData\Local\Programs\Python\Python312\;C:\Program Files\MySQL\MySQL Shell 8.0\bin\;C:\Program Files\jdk-11.0.1\bin;C:\Program Files\JetBrains\IntelliJ IDEA Community Edition 2022.3.1\bin;C:\Users\Acer\.dotnet\tools;C:\Users\Acer\AppData\Local\Programs\Microsoft VS Code\bin;C:\Program Files\Azure Data Studio\bin;C:\Users\Acer\.dotnet\tools;C:\Program Files\mongosh\;C:\Program Files\Python312\;C:\Program Files\Python312\Scripts;C:\Users\Acer\AppData\Local\GitHubDesktop\bin;C:\Users\Acer\.dotnet\tools;C:\Users\Acer\AppData\Local\Programs\Python\Python39\;C:\Users\Acer\AppData\Local\Programs\Python\Python39\Scripts\;C:\Users\Acer\AppData\Local\Microsoft\WindowsApps;C:\Users\Acer\AppData\Roaming\npm
USERNAME=Acer
OS=Windows_NT
PROCESSOR_IDENTIFIER=Intel64 Family 6 Model 140 Stepping 1, GenuineIntel
TMP=C:\Users\Acer\AppData\Local\Temp
TEMP=C:\Users\Acer\AppData\Local\Temp



Periodic native trim disabled

JNI global refs:
JNI global refs: 24, weak refs: 3

JNI global refs memory usage: 843, weak refs: 841

Process memory usage:
Resident Set Size: 459792K (2% of 16551224K total physical memory with 1167080K free physical memory)

OOME stack traces (most recent first):
Classloader memory used:
Loader org.gradle.internal.classloader.VisitableURLClassLoader                         : 9341K
Loader bootstrap                                                                       : 2481K
Loader org.gradle.initialization.MixInLegacyTypesClassLoader                           : 770K
Loader org.gradle.internal.classloader.VisitableURLClassLoader                         : 79682B
Loader org.gradle.internal.classloader.VisitableURLClassLoader$InstrumentingVisitableURLClassLoader: 75395B
Loader jdk.internal.loader.ClassLoaders$PlatformClassLoader                            : 67001B
Loader jdk.internal.jrtfs.JrtFileSystemProvider$JrtFsLoader                            : 41256B
Loader jdk.internal.loader.ClassLoaders$AppClassLoader                                 : 28754B
Loader jdk.internal.reflect.DelegatingClassLoader                                      : 27217B
Loader org.gradle.groovy.scripts.internal.DefaultScriptCompilationHandler$ScriptClassLoader: 10713B
Loader org.codehaus.groovy.runtime.callsite.CallSiteClassLoader                        : 6077B

Classes loaded by more than one classloader:
Class org.gradle.api.GradleException                                                  : loaded 3 times (x 80B)
Class org.gradle.util.GradleVersion                                                   : loaded 2 times (x 81B)
Class org.jetbrains.plugins.gradle.model.MavenRepositoryModel                         : loaded 2 times (x 68B)
Class org.gradle.internal.classpath.ClassPath                                         : loaded 2 times (x 68B)
Class org.gradle.api.internal.classpath.DefaultModuleRegistry                         : loaded 2 times (x 84B)
Class org.gradle.internal.exceptions.NonGradleCauseExceptionsHolder                   : loaded 2 times (x 68B)
Class jdk.internal.jimage.BasicImageReader$1                                          : loaded 2 times (x 75B)
Class org.gradle.api.Action                                                           : loaded 2 times (x 68B)
Class jdk.internal.jimage.ImageBufferCache$1                                          : loaded 2 times (x 78B)
Class jdk.internal.jimage.ImageBufferCache$2                                          : loaded 2 times (x 89B)
Class org.gradle.api.internal.DefaultClassPathProvider                                : loaded 2 times (x 74B)
Class org.gradle.internal.installation.GradleInstallation$1                           : loaded 2 times (x 73B)
Class jdk.internal.jrtfs.SystemImage$1                                                : loaded 2 times (x 76B)
Class jdk.internal.jrtfs.SystemImage$2                                                : loaded 2 times (x 74B)
Class org.gradle.internal.exceptions.DefaultMultiCauseException                       : loaded 2 times (x 93B)
Class org.gradle.internal.time.MonotonicClock                                         : loaded 2 times (x 75B)
Class org.gradle.internal.classloader.FilteringClassLoader                            : loaded 2 times (x 103B)
Class jdk.internal.jimage.ImageReader$Resource                                        : loaded 2 times (x 82B)
Class jdk.internal.jrtfs.SystemImage                                                  : loaded 2 times (x 72B)
Class org.gradle.internal.classpath.DefaultClassPath$ImmutableUniqueList$Builder      : loaded 2 times (x 73B)
Class jdk.internal.jrtfs.JrtDirectoryStream$1                                         : loaded 2 times (x 81B)
Class org.gradle.internal.classloader.ClassLoaderVisitor                              : loaded 2 times (x 74B)
Class org.gradle.internal.time.DefaultCountdownTimer                                  : loaded 2 times (x 86B)
Class org.gradle.internal.service.DefaultServiceLocator                               : loaded 2 times (x 81B)
Class org.gradle.internal.service.UnknownServiceException                             : loaded 2 times (x 81B)
Class org.gradle.internal.classloader.DefaultClassLoaderFactory                       : loaded 2 times (x 80B)
Class jdk.internal.jimage.ImageReader$SharedImageReader                               : loaded 2 times (x 93B)
Class jdk.internal.jimage.decompressor.ZipDecompressorFactory                         : loaded 2 times (x 72B)
Class org.gradle.internal.classloader.VisitableURLClassLoader$Spec                    : loaded 2 times (x 72B)
Class org.gradle.tooling.model.ProjectModel                                           : loaded 2 times (x 68B)
Class org.gradle.internal.installation.GradleInstallation                             : loaded 2 times (x 73B)
Class sync_studio_tooling7_bw8pjkm6ew9zahzes4qicazle$_run_closure1                    : loaded 2 times (x 137B)
Class org.gradle.api.internal.classpath.ModuleRegistry                                : loaded 2 times (x 68B)
Class org.jetbrains.plugins.gradle.model.RepositoriesModel                            : loaded 2 times (x 68B)
Class kotlin.jvm.internal.markers.KMappedMarker                                       : loaded 2 times (x 68B)
Class org.gradle.api.internal.ClassPathProvider                                       : loaded 2 times (x 68B)
Class org.gradle.internal.classloader.ClasspathUtil$1                                 : loaded 2 times (x 74B)
Class org.gradle.internal.classloader.ClassLoaderFactory                              : loaded 2 times (x 68B)
Class jdk.internal.jimage.ImageHeader                                                 : loaded 2 times (x 69B)
Class org.gradle.api.internal.classpath.ManifestUtil                                  : loaded 2 times (x 69B)
Class org.gradle.api.specs.Spec                                                       : loaded 2 times (x 68B)
Class org.gradle.internal.IoActions                                                   : loaded 2 times (x 69B)
Class sync_studio_tooling7_bw8pjkm6ew9zahzes4qicazle                                  : loaded 2 times (x 177B)
Class jdk.internal.jimage.decompressor.StringSharingDecompressorFactory               : loaded 2 times (x 72B)
Class org.gradle.api.internal.classpath.EffectiveClassPath                            : loaded 2 times (x 88B)
Class kotlin.jvm.internal.DefaultConstructorMarker                                    : loaded 2 times (x 69B)
Class org.gradle.internal.exceptions.ResolutionProvider                               : loaded 2 times (x 68B)
Class org.gradle.internal.installation.CurrentGradleInstallation                      : loaded 2 times (x 71B)
Class org.gradle.internal.agents.InstrumentingClassLoader                             : loaded 2 times (x 68B)
Class org.gradle.internal.installation.CurrentGradleInstallationLocator               : loaded 2 times (x 69B)
Class org.gradle.api.internal.classpath.Module                                        : loaded 2 times (x 68B)
Class org.gradle.internal.service.CachingServiceLocator                               : loaded 2 times (x 80B)
Class org.gradle.internal.time.Timer                                                  : loaded 2 times (x 68B)
Class org.gradle.internal.classpath.DefaultClassPath                                  : loaded 2 times (x 88B)
Class jdk.internal.jimage.BasicImageReader                                            : loaded 2 times (x 93B)
Class jdk.internal.jimage.ImageLocation                                               : loaded 2 times (x 88B)
Class kotlin.jvm.functions.Function1                                                  : loaded 2 times (x 68B)
Class jdk.internal.jimage.ImageReader$Node                                            : loaded 2 times (x 82B)
Class org.gradle.internal.time.Time                                                   : loaded 2 times (x 69B)
Class jdk.internal.jimage.decompressor.CompressedResourceHeader                       : loaded 2 times (x 69B)
Class org.gradle.internal.time.TimeSource$1                                           : loaded 2 times (x 75B)
Class jdk.internal.jrtfs.JrtPath                                                      : loaded 2 times (x 116B)
Class jdk.internal.jimage.ImageStrings                                                : loaded 2 times (x 68B)
Class jdk.internal.jrtfs.JrtFileAttributes                                            : loaded 2 times (x 81B)
Class org.gradle.internal.classloader.SystemClassLoaderSpec                           : loaded 2 times (x 69B)
Class jdk.internal.jimage.decompressor.ResourceDecompressorRepository                 : loaded 2 times (x 69B)
Class kotlin.Function                                                                 : loaded 2 times (x 68B)
Class org.gradle.api.UncheckedIOException                                             : loaded 2 times (x 80B)
Class jdk.internal.jimage.decompressor.ResourceDecompressor$StringsProvider           : loaded 2 times (x 68B)
Class jdk.internal.jimage.decompressor.Decompressor                                   : loaded 2 times (x 70B)
Class jdk.internal.jrtfs.JrtFileSystem                                                : loaded 2 times (x 100B)
Class jdk.internal.jrtfs.JrtFileSystemProvider                                        : loaded 2 times (x 97B)
Class org.gradle.internal.time.CountdownTimer                                         : loaded 2 times (x 68B)
Class org.gradle.internal.time.Clock                                                  : loaded 2 times (x 68B)
Class org.gradle.internal.classloader.ClasspathUtil                                   : loaded 2 times (x 69B)
Class jdk.internal.jrtfs.JrtDirectoryStream                                           : loaded 2 times (x 87B)
Class jdk.internal.jimage.decompressor.ResourceDecompressor                           : loaded 2 times (x 68B)
Class org.gradle.api.internal.DefaultClassPathRegistry                                : loaded 2 times (x 74B)
Class org.gradle.api.internal.classpath.DefaultModuleRegistry$DefaultModule           : loaded 2 times (x 84B)
Class org.gradle.internal.time.TimeSource                                             : loaded 2 times (x 68B)
Class org.gradle.api.internal.classpath.UnknownModuleException                        : loaded 2 times (x 80B)
Class org.gradle.internal.service.ServiceLookupException                              : loaded 2 times (x 80B)
Class jdk.internal.jimage.ImageStringsReader                                          : loaded 2 times (x 78B)
Class org.gradle.cache.GlobalCache                                                    : loaded 2 times (x 68B)
Class jdk.internal.jimage.decompressor.ResourceDecompressorFactory                    : loaded 2 times (x 72B)
Class [Lorg.gradle.api.internal.ClassPathProvider;                                    : loaded 2 times (x 67B)
Class jdk.internal.jimage.ImageReader$SharedImageReader$LocationVisitor               : loaded 2 times (x 68B)
Class org.gradle.internal.operations.MultipleBuildOperationFailures                   : loaded 2 times (x 93B)
Class org.gradle.util.internal.GUtil                                                  : loaded 2 times (x 69B)
Class jdk.internal.jimage.decompressor.ZipDecompressor                                : loaded 2 times (x 73B)
Class org.gradle.internal.classloader.ClassLoaderSpec                                 : loaded 2 times (x 69B)
Class org.gradle.internal.classloader.VisitableURLClassLoader                         : loaded 2 times (x 115B)
Class org.gradle.internal.Cast                                                        : loaded 2 times (x 69B)
Class org.gradle.api.internal.ClassPathRegistry                                       : loaded 2 times (x 68B)
Class org.gradle.internal.classloader.VisitableURLClassLoader$InstrumentingVisitableURLClassLoader: loaded 2 times (x 121B)
Class org.gradle.internal.classloader.ClassLoaderHierarchy                            : loaded 2 times (x 68B)
Class org.gradle.internal.exceptions.MultiCauseException                              : loaded 2 times (x 68B)
Class jdk.internal.jimage.ImageReader                                                 : loaded 2 times (x 73B)
Class org.gradle.internal.InternalTransformer                                         : loaded 2 times (x 68B)
Class org.gradle.internal.service.ServiceLocator                                      : loaded 2 times (x 68B)
Class ijInit2_eg7yjjg24b7lb01y0t7taric4                                               : loaded 2 times (x 177B)
Class org.gradle.internal.classpath.DefaultClassPath$ImmutableUniqueList              : loaded 2 times (x 159B)
Class jdk.internal.jimage.ImageBufferCache                                            : loaded 2 times (x 69B)
Class org.gradle.internal.time.DefaultTimer                                           : loaded 2 times (x 78B)
Class org.gradle.internal.classpath.TransformedClassPath                              : loaded 2 times (x 94B)
Class jdk.internal.jimage.ImageReader$Directory                                       : loaded 2 times (x 82B)


---------------  S Y S T E M  ---------------

OS:
 Windows 11 , 64 bit Build 22000 (10.0.22000.2538)
OS uptime: 2 days 17:43 hours
Hyper-V role detected

CPU: total 4 (initial active 4) (2 cores per cpu, 2 threads per core) family 6 model 140 stepping 1 microcode 0x8a, cx8, cmov, fxsr, ht, mmx, 3dnowpref, sse, sse2, sse3, ssse3, sse4.1, sse4.2, popcnt, lzcnt, tsc, tscinvbit, avx, avx2, aes, erms, clmul, bmi1, bmi2, adx, avx512f, avx512dq, avx512cd, avx512bw, avx512vl, sha, fma, vzeroupper, avx512_vpopcntdq, avx512_vpclmulqdq, avx512_vaes, avx512_vnni, clflush, clflushopt, clwb, avx512_vbmi2, avx512_vbmi, hv
Processor Information for all 4 processors :
  Max Mhz: 2995, Current Mhz: 2995, Mhz Limit: 2995

Memory: 4k page, system-wide physical 16163M (1139M free)
TotalPageFile size 20259M (AvailPageFile size 6M)
current process WorkingSet (physical memory assigned to process): 449M, peak: 449M
current process commit charge ("private bytes"): 482M, peak: 484M

vm_info: OpenJDK 64-Bit Server VM (17.0.11+0--11852314) for windows-amd64 JRE (17.0.11+0--11852314), built on May 16 2024 21:29:20 by "androidbuild" with MS VC++ 16.10 / 16.11 (VS2019)

END.
